[0.246s] Invoking command in '/home/emannavarro/slam-kalman-localization/build/webots_ros2_msgs': CMAKE_PREFIX_PATH=/opt/ros/humble /usr/bin/cmake /home/emannavarro/slam-kalman-localization/src/webots_ros2/webots_ros2_msgs -DCMAKE_INSTALL_PREFIX=/home/emannavarro/slam-kalman-localization/install/webots_ros2_msgs
[0.542s] -- The C compiler identification is GNU 11.4.0
[1.215s] -- The CXX compiler identification is GNU 11.4.0
[1.656s] -- Detecting C compiler ABI info
[1.828s] -- Detecting C compiler ABI info - done
[1.835s] -- Check for working C compiler: /usr/bin/cc - skipped
[1.836s] -- Detecting C compile features
[1.837s] -- Detecting C compile features - done
[1.841s] -- Detecting CXX compiler ABI info
[2.013s] -- Detecting CXX compiler ABI info - done
[2.020s] -- Check for working CXX compiler: /usr/bin/c++ - skipped
[2.020s] -- Detecting CXX compile features
[2.021s] -- Detecting CXX compile features - done
[2.029s] -- Found ament_cmake: 1.3.10 (/opt/ros/humble/share/ament_cmake/cmake)
[2.169s] -- Found Python3: /usr/bin/python3 (found version "3.10.12") found components: Interpreter 
[2.279s] -- Found builtin_interfaces: 1.2.1 (/opt/ros/humble/share/builtin_interfaces/cmake)
[2.488s] -- Found rosidl_generator_c: 3.1.5 (/opt/ros/humble/share/rosidl_generator_c/cmake)
[2.496s] -- Found rosidl_adapter: 3.1.5 (/opt/ros/humble/share/rosidl_adapter/cmake)
[2.510s] -- Found rosidl_generator_cpp: 3.1.5 (/opt/ros/humble/share/rosidl_generator_cpp/cmake)
[2.535s] -- Using all available rosidl_typesupport_c: rosidl_typesupport_fastrtps_c;rosidl_typesupport_introspection_c
[2.559s] -- Using all available rosidl_typesupport_cpp: rosidl_typesupport_fastrtps_cpp;rosidl_typesupport_introspection_cpp
[2.579s] -- Found rosidl_default_generators: 1.2.0 (/opt/ros/humble/share/rosidl_default_generators/cmake)
[2.591s] -- Found geometry_msgs: 4.2.4 (/opt/ros/humble/share/geometry_msgs/cmake)
[2.632s] -- Found vision_msgs: 4.1.1 (/opt/ros/humble/share/vision_msgs/cmake)
[2.987s] -- Found ament_cmake_cppcheck: 0.12.11 (/opt/ros/humble/share/ament_cmake_cppcheck/cmake)
[2.991s] -- Found ament_cmake_cpplint: 0.12.11 (/opt/ros/humble/share/ament_cmake_cpplint/cmake)
[2.995s] -- Found ament_cmake_uncrustify: 0.12.11 (/opt/ros/humble/share/ament_cmake_uncrustify/cmake)
[3.000s] -- Found ament_cmake_ros: 0.10.0 (/opt/ros/humble/share/ament_cmake_ros/cmake)
[3.428s] -- Using all available rosidl_typesupport_c: rosidl_typesupport_fastrtps_c;rosidl_typesupport_introspection_c
[3.592s] -- Using all available rosidl_typesupport_cpp: rosidl_typesupport_fastrtps_cpp;rosidl_typesupport_introspection_cpp
[3.762s] -- Found PythonInterp: /usr/bin/python3 (found suitable version "3.10.12", minimum required is "3.6") 
[3.765s] -- Found python_cmake_module: 0.10.0 (/opt/ros/humble/share/python_cmake_module/cmake)
[4.262s] -- Found PythonLibs: /usr/lib/x86_64-linux-gnu/libpython3.10.so (found suitable version "3.10.12", minimum required is "3.5") 
[4.263s] -- Using PYTHON_EXECUTABLE: /usr/bin/python3
[4.263s] -- Using PYTHON_INCLUDE_DIRS: /usr/include/python3.10
[4.263s] -- Using PYTHON_LIBRARIES: /usr/lib/x86_64-linux-gnu/libpython3.10.so
[4.280s] -- Found PythonExtra: .so  
[4.392s] -- Found ament_cmake_flake8: 0.12.11 (/opt/ros/humble/share/ament_cmake_flake8/cmake)
[4.395s] -- Found ament_cmake_pep257: 0.12.11 (/opt/ros/humble/share/ament_cmake_pep257/cmake)
[4.399s] -- Found ament_lint_auto: 0.12.11 (/opt/ros/humble/share/ament_lint_auto/cmake)
[4.426s] -- Added test 'lint_cmake' to check CMake code style
[4.427s] -- Added test 'xmllint' to check XML markup files
[4.430s] -- Configuring done
[4.495s] -- Generating done
[4.497s] -- Build files have been written to: /home/emannavarro/slam-kalman-localization/build/webots_ros2_msgs
[4.507s] Invoked command in '/home/emannavarro/slam-kalman-localization/build/webots_ros2_msgs' returned '0': CMAKE_PREFIX_PATH=/opt/ros/humble /usr/bin/cmake /home/emannavarro/slam-kalman-localization/src/webots_ros2/webots_ros2_msgs -DCMAKE_INSTALL_PREFIX=/home/emannavarro/slam-kalman-localization/install/webots_ros2_msgs
[4.509s] Invoking command in '/home/emannavarro/slam-kalman-localization/build/webots_ros2_msgs': CMAKE_PREFIX_PATH=/opt/ros/humble /usr/bin/cmake --build /home/emannavarro/slam-kalman-localization/build/webots_ros2_msgs -- -j8 -l8
[4.548s] [  1%] [34m[1mGenerating C code for ROS interfaces[0m
[4.560s] [  1%] [34m[1mGenerating C++ code for ROS interfaces[0m
[4.569s] [  1%] Built target ament_cmake_python_copy_webots_ros2_msgs
[4.848s] running egg_info
[4.849s] creating webots_ros2_msgs.egg-info
[4.849s] writing webots_ros2_msgs.egg-info/PKG-INFO
[4.849s] writing dependency_links to webots_ros2_msgs.egg-info/dependency_links.txt
[4.850s] writing top-level names to webots_ros2_msgs.egg-info/top_level.txt
[4.850s] writing manifest file 'webots_ros2_msgs.egg-info/SOURCES.txt'
[4.853s] reading manifest file 'webots_ros2_msgs.egg-info/SOURCES.txt'
[4.853s] writing manifest file 'webots_ros2_msgs.egg-info/SOURCES.txt'
[4.900s] [  1%] Built target ament_cmake_python_build_webots_ros2_msgs_egg
[5.554s] [  1%] Built target webots_ros2_msgs__cpp
[5.568s] [  2%] [34m[1mGenerating C++ type support dispatch for ROS interfaces[0m
[5.582s] [  2%] [34m[1mGenerating C++ type support for eProsima Fast-RTPS[0m
[5.605s] [  3%] [34m[1mGenerating C++ introspection for ROS interfaces[0m
[5.673s] [  4%] [32mBuilding C object CMakeFiles/webots_ros2_msgs__rosidl_generator_c.dir/rosidl_generator_c/webots_ros2_msgs/msg/detail/bool_stamped__functions.c.o[0m
[5.674s] [  5%] [32mBuilding C object CMakeFiles/webots_ros2_msgs__rosidl_generator_c.dir/rosidl_generator_c/webots_ros2_msgs/msg/detail/camera_recognition_object__functions.c.o[0m
[5.674s] [  5%] [32mBuilding C object CMakeFiles/webots_ros2_msgs__rosidl_generator_c.dir/rosidl_generator_c/webots_ros2_msgs/msg/detail/camera_recognition_objects__functions.c.o[0m
[5.675s] [  7%] [32mBuilding C object CMakeFiles/webots_ros2_msgs__rosidl_generator_c.dir/rosidl_generator_c/webots_ros2_msgs/msg/detail/string_stamped__functions.c.o[0m
[5.675s] [  7%] [32mBuilding C object CMakeFiles/webots_ros2_msgs__rosidl_generator_c.dir/rosidl_generator_c/webots_ros2_msgs/msg/detail/float_stamped__functions.c.o[0m
[5.773s] [ 10%] [32mBuilding C object CMakeFiles/webots_ros2_msgs__rosidl_generator_c.dir/rosidl_generator_c/webots_ros2_msgs/srv/detail/emitter_send_string__functions.c.o[0m
[5.773s] [ 10%] [32mBuilding C object CMakeFiles/webots_ros2_msgs__rosidl_generator_c.dir/rosidl_generator_c/webots_ros2_msgs/msg/detail/pen_ink_properties__functions.c.o[0m
[5.773s] [ 10%] [32mBuilding C object CMakeFiles/webots_ros2_msgs__rosidl_generator_c.dir/rosidl_generator_c/webots_ros2_msgs/msg/detail/urdf_robot__functions.c.o[0m
[5.774s] [ 11%] [32mBuilding C object CMakeFiles/webots_ros2_msgs__rosidl_generator_c.dir/rosidl_generator_c/webots_ros2_msgs/srv/detail/get_bool__functions.c.o[0m
[5.775s] [ 11%] [32mBuilding C object CMakeFiles/webots_ros2_msgs__rosidl_generator_c.dir/rosidl_generator_c/webots_ros2_msgs/srv/detail/set_string__functions.c.o[0m
[5.846s] [ 12%] [32mBuilding C object CMakeFiles/webots_ros2_msgs__rosidl_generator_c.dir/rosidl_generator_c/webots_ros2_msgs/srv/detail/spawn_node_from_string__functions.c.o[0m
[5.860s] [ 13%] [32mBuilding C object CMakeFiles/webots_ros2_msgs__rosidl_generator_c.dir/rosidl_generator_c/webots_ros2_msgs/srv/detail/spawn_urdf_robot__functions.c.o[0m
[5.937s] [ 14%] [32m[1mLinking C shared library libwebots_ros2_msgs__rosidl_generator_c.so[0m
[6.086s] [ 14%] Built target webots_ros2_msgs__rosidl_generator_c
[6.098s] [ 15%] [34m[1mGenerating C introspection for ROS interfaces[0m
[6.099s] [ 16%] [34m[1mGenerating C type support for eProsima Fast-RTPS[0m
[6.100s] [ 17%] [34m[1mGenerating C type support dispatch for ROS interfaces[0m
[6.349s] [ 18%] [32mBuilding CXX object CMakeFiles/webots_ros2_msgs__rosidl_typesupport_cpp.dir/rosidl_typesupport_cpp/webots_ros2_msgs/msg/bool_stamped__type_support.cpp.o[0m
[6.349s] [ 20%] [32mBuilding CXX object CMakeFiles/webots_ros2_msgs__rosidl_typesupport_cpp.dir/rosidl_typesupport_cpp/webots_ros2_msgs/msg/string_stamped__type_support.cpp.o[0m
[6.349s] [ 20%] [32mBuilding CXX object CMakeFiles/webots_ros2_msgs__rosidl_typesupport_cpp.dir/rosidl_typesupport_cpp/webots_ros2_msgs/msg/float_stamped__type_support.cpp.o[0m
[6.874s] [ 20%] [32mBuilding CXX object CMakeFiles/webots_ros2_msgs__rosidl_typesupport_introspection_cpp.dir/rosidl_typesupport_introspection_cpp/webots_ros2_msgs/msg/detail/bool_stamped__type_support.cpp.o[0m
[6.916s] [ 21%] [32mBuilding CXX object CMakeFiles/webots_ros2_msgs__rosidl_typesupport_cpp.dir/rosidl_typesupport_cpp/webots_ros2_msgs/msg/camera_recognition_objects__type_support.cpp.o[0m
[6.916s] [ 21%] [32mBuilding CXX object CMakeFiles/webots_ros2_msgs__rosidl_typesupport_cpp.dir/rosidl_typesupport_cpp/webots_ros2_msgs/msg/urdf_robot__type_support.cpp.o[0m
[6.920s] [ 22%] [32mBuilding CXX object CMakeFiles/webots_ros2_msgs__rosidl_typesupport_cpp.dir/rosidl_typesupport_cpp/webots_ros2_msgs/msg/camera_recognition_object__type_support.cpp.o[0m
[7.191s] [ 23%] [32mBuilding CXX object CMakeFiles/webots_ros2_msgs__rosidl_typesupport_c.dir/rosidl_typesupport_c/webots_ros2_msgs/msg/bool_stamped__type_support.cpp.o[0m
[7.196s] [ 24%] [32mBuilding CXX object CMakeFiles/webots_ros2_msgs__rosidl_typesupport_fastrtps_cpp.dir/rosidl_typesupport_fastrtps_cpp/webots_ros2_msgs/msg/detail/dds_fastrtps/bool_stamped__type_support.cpp.o[0m
[7.266s] [ 24%] [32mBuilding CXX object CMakeFiles/webots_ros2_msgs__rosidl_typesupport_c.dir/rosidl_typesupport_c/webots_ros2_msgs/msg/float_stamped__type_support.cpp.o[0m
[7.325s] [ 25%] [32mBuilding CXX object CMakeFiles/webots_ros2_msgs__rosidl_typesupport_c.dir/rosidl_typesupport_c/webots_ros2_msgs/msg/string_stamped__type_support.cpp.o[0m
[7.379s] [ 26%] [32mBuilding CXX object CMakeFiles/webots_ros2_msgs__rosidl_typesupport_c.dir/rosidl_typesupport_c/webots_ros2_msgs/msg/camera_recognition_object__type_support.cpp.o[0m
[7.397s] [ 27%] [32mBuilding CXX object CMakeFiles/webots_ros2_msgs__rosidl_typesupport_fastrtps_cpp.dir/rosidl_typesupport_fastrtps_cpp/webots_ros2_msgs/msg/detail/dds_fastrtps/float_stamped__type_support.cpp.o[0m
[7.399s] [ 28%] [32mBuilding CXX object CMakeFiles/webots_ros2_msgs__rosidl_typesupport_fastrtps_cpp.dir/rosidl_typesupport_fastrtps_cpp/webots_ros2_msgs/msg/detail/dds_fastrtps/string_stamped__type_support.cpp.o[0m
[7.415s] [ 29%] [32mBuilding CXX object CMakeFiles/webots_ros2_msgs__rosidl_typesupport_cpp.dir/rosidl_typesupport_cpp/webots_ros2_msgs/msg/pen_ink_properties__type_support.cpp.o[0m
[7.440s] [ 30%] [32mBuilding CXX object CMakeFiles/webots_ros2_msgs__rosidl_typesupport_c.dir/rosidl_typesupport_c/webots_ros2_msgs/msg/camera_recognition_objects__type_support.cpp.o[0m
[7.491s] [ 31%] [32mBuilding CXX object CMakeFiles/webots_ros2_msgs__rosidl_typesupport_c.dir/rosidl_typesupport_c/webots_ros2_msgs/msg/urdf_robot__type_support.cpp.o[0m
[7.538s] [ 32%] [32mBuilding CXX object CMakeFiles/webots_ros2_msgs__rosidl_typesupport_c.dir/rosidl_typesupport_c/webots_ros2_msgs/msg/pen_ink_properties__type_support.cpp.o[0m
[7.584s] [ 32%] [32mBuilding CXX object CMakeFiles/webots_ros2_msgs__rosidl_typesupport_c.dir/rosidl_typesupport_c/webots_ros2_msgs/srv/emitter_send_string__type_support.cpp.o[0m
[7.608s] [ 33%] [32mBuilding CXX object CMakeFiles/webots_ros2_msgs__rosidl_typesupport_introspection_cpp.dir/rosidl_typesupport_introspection_cpp/webots_ros2_msgs/msg/detail/float_stamped__type_support.cpp.o[0m
[7.640s] [ 34%] [32mBuilding CXX object CMakeFiles/webots_ros2_msgs__rosidl_typesupport_c.dir/rosidl_typesupport_c/webots_ros2_msgs/srv/get_bool__type_support.cpp.o[0m
[7.689s] [ 35%] [32mBuilding CXX object CMakeFiles/webots_ros2_msgs__rosidl_typesupport_c.dir/rosidl_typesupport_c/webots_ros2_msgs/srv/set_string__type_support.cpp.o[0m
[7.708s] [ 36%] [32mBuilding C object CMakeFiles/webots_ros2_msgs__rosidl_typesupport_introspection_c.dir/rosidl_typesupport_introspection_c/webots_ros2_msgs/msg/detail/bool_stamped__type_support.c.o[0m
[7.741s] [ 37%] [32mBuilding CXX object CMakeFiles/webots_ros2_msgs__rosidl_typesupport_c.dir/rosidl_typesupport_c/webots_ros2_msgs/srv/spawn_node_from_string__type_support.cpp.o[0m
[7.790s] [ 38%] [32mBuilding C object CMakeFiles/webots_ros2_msgs__rosidl_typesupport_introspection_c.dir/rosidl_typesupport_introspection_c/webots_ros2_msgs/msg/detail/float_stamped__type_support.c.o[0m
[7.791s] [ 39%] [32mBuilding CXX object CMakeFiles/webots_ros2_msgs__rosidl_typesupport_c.dir/rosidl_typesupport_c/webots_ros2_msgs/srv/spawn_urdf_robot__type_support.cpp.o[0m
[7.797s] [ 40%] [32mBuilding CXX object CMakeFiles/webots_ros2_msgs__rosidl_typesupport_fastrtps_c.dir/rosidl_typesupport_fastrtps_c/webots_ros2_msgs/msg/detail/bool_stamped__type_support_c.cpp.o[0m
[7.845s] [ 41%] [32m[1mLinking CXX shared library libwebots_ros2_msgs__rosidl_typesupport_c.so[0m
[7.846s] [ 42%] [32mBuilding C object CMakeFiles/webots_ros2_msgs__rosidl_typesupport_introspection_c.dir/rosidl_typesupport_introspection_c/webots_ros2_msgs/msg/detail/string_stamped__type_support.c.o[0m
[7.853s] [ 43%] [32mBuilding CXX object CMakeFiles/webots_ros2_msgs__rosidl_typesupport_cpp.dir/rosidl_typesupport_cpp/webots_ros2_msgs/srv/emitter_send_string__type_support.cpp.o[0m
[7.921s] [ 43%] [32mBuilding C object CMakeFiles/webots_ros2_msgs__rosidl_typesupport_introspection_c.dir/rosidl_typesupport_introspection_c/webots_ros2_msgs/msg/detail/camera_recognition_object__type_support.c.o[0m
[8.027s] [ 44%] [32mBuilding C object CMakeFiles/webots_ros2_msgs__rosidl_typesupport_introspection_c.dir/rosidl_typesupport_introspection_c/webots_ros2_msgs/msg/detail/camera_recognition_objects__type_support.c.o[0m
[8.047s] [ 45%] [32mBuilding CXX object CMakeFiles/webots_ros2_msgs__rosidl_typesupport_fastrtps_cpp.dir/rosidl_typesupport_fastrtps_cpp/webots_ros2_msgs/msg/detail/dds_fastrtps/camera_recognition_object__type_support.cpp.o[0m
[8.101s] [ 46%] [32mBuilding C object CMakeFiles/webots_ros2_msgs__rosidl_typesupport_introspection_c.dir/rosidl_typesupport_introspection_c/webots_ros2_msgs/msg/detail/urdf_robot__type_support.c.o[0m
[8.110s] [ 46%] Built target webots_ros2_msgs__rosidl_typesupport_c
[8.122s] [ 47%] [32mBuilding C object CMakeFiles/webots_ros2_msgs__rosidl_typesupport_introspection_c.dir/rosidl_typesupport_introspection_c/webots_ros2_msgs/msg/detail/pen_ink_properties__type_support.c.o[0m
[8.144s] [ 48%] [32mBuilding CXX object CMakeFiles/webots_ros2_msgs__rosidl_typesupport_fastrtps_cpp.dir/rosidl_typesupport_fastrtps_cpp/webots_ros2_msgs/msg/detail/dds_fastrtps/camera_recognition_objects__type_support.cpp.o[0m
[8.156s] [ 48%] [32mBuilding CXX object CMakeFiles/webots_ros2_msgs__rosidl_typesupport_fastrtps_cpp.dir/rosidl_typesupport_fastrtps_cpp/webots_ros2_msgs/msg/detail/dds_fastrtps/urdf_robot__type_support.cpp.o[0m
[8.162s] [ 49%] [32mBuilding C object CMakeFiles/webots_ros2_msgs__rosidl_typesupport_introspection_c.dir/rosidl_typesupport_introspection_c/webots_ros2_msgs/srv/detail/emitter_send_string__type_support.c.o[0m
[8.182s] [ 50%] [32mBuilding C object CMakeFiles/webots_ros2_msgs__rosidl_typesupport_introspection_c.dir/rosidl_typesupport_introspection_c/webots_ros2_msgs/srv/detail/get_bool__type_support.c.o[0m
[8.225s] [ 51%] [32mBuilding C object CMakeFiles/webots_ros2_msgs__rosidl_typesupport_introspection_c.dir/rosidl_typesupport_introspection_c/webots_ros2_msgs/srv/detail/set_string__type_support.c.o[0m
[8.247s] [ 51%] [32mBuilding C object CMakeFiles/webots_ros2_msgs__rosidl_typesupport_introspection_c.dir/rosidl_typesupport_introspection_c/webots_ros2_msgs/srv/detail/spawn_node_from_string__type_support.c.o[0m
[8.285s] [ 52%] [32mBuilding C object CMakeFiles/webots_ros2_msgs__rosidl_typesupport_introspection_c.dir/rosidl_typesupport_introspection_c/webots_ros2_msgs/srv/detail/spawn_urdf_robot__type_support.c.o[0m
[8.306s] [ 53%] [32mBuilding CXX object CMakeFiles/webots_ros2_msgs__rosidl_typesupport_fastrtps_cpp.dir/rosidl_typesupport_fastrtps_cpp/webots_ros2_msgs/msg/detail/dds_fastrtps/pen_ink_properties__type_support.cpp.o[0m
[8.347s] [ 54%] [32m[1mLinking C shared library libwebots_ros2_msgs__rosidl_typesupport_introspection_c.so[0m
[8.393s] [ 55%] [32mBuilding CXX object CMakeFiles/webots_ros2_msgs__rosidl_typesupport_cpp.dir/rosidl_typesupport_cpp/webots_ros2_msgs/srv/get_bool__type_support.cpp.o[0m
[8.394s] [ 56%] [32mBuilding CXX object CMakeFiles/webots_ros2_msgs__rosidl_typesupport_introspection_cpp.dir/rosidl_typesupport_introspection_cpp/webots_ros2_msgs/msg/detail/string_stamped__type_support.cpp.o[0m
[8.503s] [ 57%] [32mBuilding CXX object CMakeFiles/webots_ros2_msgs__rosidl_typesupport_fastrtps_c.dir/rosidl_typesupport_fastrtps_c/webots_ros2_msgs/msg/detail/float_stamped__type_support_c.cpp.o[0m
[8.571s] [ 57%] Built target webots_ros2_msgs__rosidl_typesupport_introspection_c
[8.588s] [ 57%] [32mBuilding CXX object CMakeFiles/webots_ros2_msgs__rosidl_typesupport_fastrtps_c.dir/rosidl_typesupport_fastrtps_c/webots_ros2_msgs/msg/detail/string_stamped__type_support_c.cpp.o[0m
[8.878s] [ 58%] [32mBuilding CXX object CMakeFiles/webots_ros2_msgs__rosidl_typesupport_cpp.dir/rosidl_typesupport_cpp/webots_ros2_msgs/srv/set_string__type_support.cpp.o[0m
[8.895s] [ 59%] [32mBuilding CXX object CMakeFiles/webots_ros2_msgs__rosidl_typesupport_fastrtps_cpp.dir/rosidl_typesupport_fastrtps_cpp/webots_ros2_msgs/srv/detail/dds_fastrtps/emitter_send_string__type_support.cpp.o[0m
[8.900s] [ 60%] [32mBuilding CXX object CMakeFiles/webots_ros2_msgs__rosidl_typesupport_fastrtps_cpp.dir/rosidl_typesupport_fastrtps_cpp/webots_ros2_msgs/srv/detail/dds_fastrtps/get_bool__type_support.cpp.o[0m
[9.007s] [ 61%] [32mBuilding CXX object CMakeFiles/webots_ros2_msgs__rosidl_typesupport_fastrtps_cpp.dir/rosidl_typesupport_fastrtps_cpp/webots_ros2_msgs/srv/detail/dds_fastrtps/set_string__type_support.cpp.o[0m
[9.012s] [ 62%] [32mBuilding CXX object CMakeFiles/webots_ros2_msgs__rosidl_typesupport_fastrtps_cpp.dir/rosidl_typesupport_fastrtps_cpp/webots_ros2_msgs/srv/detail/dds_fastrtps/spawn_node_from_string__type_support.cpp.o[0m
[9.102s] [ 63%] [32mBuilding CXX object CMakeFiles/webots_ros2_msgs__rosidl_typesupport_introspection_cpp.dir/rosidl_typesupport_introspection_cpp/webots_ros2_msgs/msg/detail/camera_recognition_object__type_support.cpp.o[0m
[9.120s] [ 64%] [32mBuilding CXX object CMakeFiles/webots_ros2_msgs__rosidl_typesupport_fastrtps_c.dir/rosidl_typesupport_fastrtps_c/webots_ros2_msgs/msg/detail/camera_recognition_object__type_support_c.cpp.o[0m
[9.182s] [ 65%] [32mBuilding CXX object CMakeFiles/webots_ros2_msgs__rosidl_typesupport_fastrtps_c.dir/rosidl_typesupport_fastrtps_c/webots_ros2_msgs/msg/detail/camera_recognition_objects__type_support_c.cpp.o[0m
[9.380s] [ 65%] [32mBuilding CXX object CMakeFiles/webots_ros2_msgs__rosidl_typesupport_cpp.dir/rosidl_typesupport_cpp/webots_ros2_msgs/srv/spawn_node_from_string__type_support.cpp.o[0m
[9.707s] [ 65%] [32mBuilding CXX object CMakeFiles/webots_ros2_msgs__rosidl_typesupport_fastrtps_cpp.dir/rosidl_typesupport_fastrtps_cpp/webots_ros2_msgs/srv/detail/dds_fastrtps/spawn_urdf_robot__type_support.cpp.o[0m
[9.712s] [ 66%] [32mBuilding CXX object CMakeFiles/webots_ros2_msgs__rosidl_typesupport_cpp.dir/rosidl_typesupport_cpp/webots_ros2_msgs/srv/spawn_urdf_robot__type_support.cpp.o[0m
[9.811s] [ 67%] [32mBuilding CXX object CMakeFiles/webots_ros2_msgs__rosidl_typesupport_fastrtps_c.dir/rosidl_typesupport_fastrtps_c/webots_ros2_msgs/msg/detail/pen_ink_properties__type_support_c.cpp.o[0m
[9.813s] [ 68%] [32mBuilding CXX object CMakeFiles/webots_ros2_msgs__rosidl_typesupport_fastrtps_c.dir/rosidl_typesupport_fastrtps_c/webots_ros2_msgs/msg/detail/urdf_robot__type_support_c.cpp.o[0m
[9.827s] [ 69%] [32mBuilding CXX object CMakeFiles/webots_ros2_msgs__rosidl_typesupport_fastrtps_c.dir/rosidl_typesupport_fastrtps_c/webots_ros2_msgs/srv/detail/emitter_send_string__type_support_c.cpp.o[0m
[9.894s] [ 69%] [32mBuilding CXX object CMakeFiles/webots_ros2_msgs__rosidl_typesupport_fastrtps_c.dir/rosidl_typesupport_fastrtps_c/webots_ros2_msgs/srv/detail/get_bool__type_support_c.cpp.o[0m
[9.945s] [ 70%] [32mBuilding CXX object CMakeFiles/webots_ros2_msgs__rosidl_typesupport_fastrtps_c.dir/rosidl_typesupport_fastrtps_c/webots_ros2_msgs/srv/detail/set_string__type_support_c.cpp.o[0m
[10.012s] [ 71%] [32mBuilding CXX object CMakeFiles/webots_ros2_msgs__rosidl_typesupport_introspection_cpp.dir/rosidl_typesupport_introspection_cpp/webots_ros2_msgs/msg/detail/camera_recognition_objects__type_support.cpp.o[0m
[10.280s] [ 72%] [32m[1mLinking CXX shared library libwebots_ros2_msgs__rosidl_typesupport_cpp.so[0m
[10.562s] [ 73%] [32mBuilding CXX object CMakeFiles/webots_ros2_msgs__rosidl_typesupport_fastrtps_c.dir/rosidl_typesupport_fastrtps_c/webots_ros2_msgs/srv/detail/spawn_node_from_string__type_support_c.cpp.o[0m
[10.638s] [ 74%] [32mBuilding CXX object CMakeFiles/webots_ros2_msgs__rosidl_typesupport_fastrtps_c.dir/rosidl_typesupport_fastrtps_c/webots_ros2_msgs/srv/detail/spawn_urdf_robot__type_support_c.cpp.o[0m
[10.644s] [ 75%] [32mBuilding CXX object CMakeFiles/webots_ros2_msgs__rosidl_typesupport_introspection_cpp.dir/rosidl_typesupport_introspection_cpp/webots_ros2_msgs/msg/detail/urdf_robot__type_support.cpp.o[0m
[10.680s] [ 75%] Built target webots_ros2_msgs__rosidl_typesupport_cpp
[10.694s] [ 75%] [32mBuilding CXX object CMakeFiles/webots_ros2_msgs__rosidl_typesupport_introspection_cpp.dir/rosidl_typesupport_introspection_cpp/webots_ros2_msgs/msg/detail/pen_ink_properties__type_support.cpp.o[0m
[10.712s] [ 76%] [32mBuilding CXX object CMakeFiles/webots_ros2_msgs__rosidl_typesupport_introspection_cpp.dir/rosidl_typesupport_introspection_cpp/webots_ros2_msgs/srv/detail/emitter_send_string__type_support.cpp.o[0m
[10.715s] [ 77%] [32m[1mLinking CXX shared library libwebots_ros2_msgs__rosidl_typesupport_fastrtps_cpp.so[0m
[10.759s] [ 78%] [32mBuilding CXX object CMakeFiles/webots_ros2_msgs__rosidl_typesupport_introspection_cpp.dir/rosidl_typesupport_introspection_cpp/webots_ros2_msgs/srv/detail/get_bool__type_support.cpp.o[0m
[11.048s] [ 78%] Built target webots_ros2_msgs__rosidl_typesupport_fastrtps_cpp
[11.064s] [ 79%] [32mBuilding CXX object CMakeFiles/webots_ros2_msgs__rosidl_typesupport_introspection_cpp.dir/rosidl_typesupport_introspection_cpp/webots_ros2_msgs/srv/detail/set_string__type_support.cpp.o[0m
[11.075s] [ 80%] [32mBuilding CXX object CMakeFiles/webots_ros2_msgs__rosidl_typesupport_introspection_cpp.dir/rosidl_typesupport_introspection_cpp/webots_ros2_msgs/srv/detail/spawn_node_from_string__type_support.cpp.o[0m
[11.262s] [ 81%] [32mBuilding CXX object CMakeFiles/webots_ros2_msgs__rosidl_typesupport_introspection_cpp.dir/rosidl_typesupport_introspection_cpp/webots_ros2_msgs/srv/detail/spawn_urdf_robot__type_support.cpp.o[0m
[11.367s] [ 82%] [32m[1mLinking CXX shared library libwebots_ros2_msgs__rosidl_typesupport_fastrtps_c.so[0m
[11.637s] [ 82%] Built target webots_ros2_msgs__rosidl_typesupport_fastrtps_c
[11.857s] [ 83%] [32m[1mLinking CXX shared library libwebots_ros2_msgs__rosidl_typesupport_introspection_cpp.so[0m
[12.052s] [ 83%] Built target webots_ros2_msgs__rosidl_typesupport_introspection_cpp
[12.071s] [ 83%] Built target webots_ros2_msgs
[12.090s] [ 84%] [34m[1mGenerating Python code for ROS interfaces[0m
[13.633s] [ 84%] Built target webots_ros2_msgs__py
[13.654s] [ 85%] [32mBuilding C object CMakeFiles/webots_ros2_msgs__rosidl_generator_py.dir/rosidl_generator_py/webots_ros2_msgs/msg/_bool_stamped_s.c.o[0m
[13.655s] [ 85%] [32mBuilding C object CMakeFiles/webots_ros2_msgs__rosidl_generator_py.dir/rosidl_generator_py/webots_ros2_msgs/msg/_string_stamped_s.c.o[0m
[13.655s] [ 86%] [32mBuilding C object CMakeFiles/webots_ros2_msgs__rosidl_generator_py.dir/rosidl_generator_py/webots_ros2_msgs/msg/_float_stamped_s.c.o[0m
[13.655s] [ 87%] [32mBuilding C object CMakeFiles/webots_ros2_msgs__rosidl_generator_py.dir/rosidl_generator_py/webots_ros2_msgs/msg/_camera_recognition_objects_s.c.o[0m
[13.656s] [ 88%] [32mBuilding C object CMakeFiles/webots_ros2_msgs__rosidl_generator_py.dir/rosidl_generator_py/webots_ros2_msgs/msg/_camera_recognition_object_s.c.o[0m
[13.656s] [ 89%] [32mBuilding C object CMakeFiles/webots_ros2_msgs__rosidl_generator_py.dir/rosidl_generator_py/webots_ros2_msgs/msg/_urdf_robot_s.c.o[0m
[13.657s] [ 90%] [32mBuilding C object CMakeFiles/webots_ros2_msgs__rosidl_generator_py.dir/rosidl_generator_py/webots_ros2_msgs/msg/_pen_ink_properties_s.c.o[0m
[13.658s] [ 91%] [32mBuilding C object CMakeFiles/webots_ros2_msgs__rosidl_generator_py.dir/rosidl_generator_py/webots_ros2_msgs/srv/_emitter_send_string_s.c.o[0m
[13.883s] [ 91%] [32mBuilding C object CMakeFiles/webots_ros2_msgs__rosidl_generator_py.dir/rosidl_generator_py/webots_ros2_msgs/srv/_set_string_s.c.o[0m
[13.883s] [ 92%] [32mBuilding C object CMakeFiles/webots_ros2_msgs__rosidl_generator_py.dir/rosidl_generator_py/webots_ros2_msgs/srv/_get_bool_s.c.o[0m
[13.885s] [ 93%] [32mBuilding C object CMakeFiles/webots_ros2_msgs__rosidl_generator_py.dir/rosidl_generator_py/webots_ros2_msgs/srv/_spawn_node_from_string_s.c.o[0m
[13.888s] [ 94%] [32mBuilding C object CMakeFiles/webots_ros2_msgs__rosidl_generator_py.dir/rosidl_generator_py/webots_ros2_msgs/srv/_spawn_urdf_robot_s.c.o[0m
[14.030s] [ 95%] [32m[1mLinking C shared library rosidl_generator_py/webots_ros2_msgs/libwebots_ros2_msgs__rosidl_generator_py.so[0m
[14.181s] [ 95%] Built target webots_ros2_msgs__rosidl_generator_py
[14.206s] [ 96%] [32mBuilding C object CMakeFiles/webots_ros2_msgs__rosidl_typesupport_fastrtps_c__pyext.dir/rosidl_generator_py/webots_ros2_msgs/_webots_ros2_msgs_s.ep.rosidl_typesupport_fastrtps_c.c.o[0m
[14.206s] [ 96%] [32mBuilding C object CMakeFiles/webots_ros2_msgs__rosidl_typesupport_c__pyext.dir/rosidl_generator_py/webots_ros2_msgs/_webots_ros2_msgs_s.ep.rosidl_typesupport_c.c.o[0m
[14.208s] [ 97%] [32mBuilding C object CMakeFiles/webots_ros2_msgs__rosidl_typesupport_introspection_c__pyext.dir/rosidl_generator_py/webots_ros2_msgs/_webots_ros2_msgs_s.ep.rosidl_typesupport_introspection_c.c.o[0m
[14.388s] [ 99%] [32m[1mLinking C shared library rosidl_generator_py/webots_ros2_msgs/webots_ros2_msgs_s__rosidl_typesupport_fastrtps_c.cpython-310-x86_64-linux-gnu.so[0m
[14.388s] [ 99%] [32m[1mLinking C shared library rosidl_generator_py/webots_ros2_msgs/webots_ros2_msgs_s__rosidl_typesupport_introspection_c.cpython-310-x86_64-linux-gnu.so[0m
[14.394s] [100%] [32m[1mLinking C shared library rosidl_generator_py/webots_ros2_msgs/webots_ros2_msgs_s__rosidl_typesupport_c.cpython-310-x86_64-linux-gnu.so[0m
[14.513s] [100%] Built target webots_ros2_msgs__rosidl_typesupport_fastrtps_c__pyext
[14.514s] [100%] Built target webots_ros2_msgs__rosidl_typesupport_introspection_c__pyext
[14.544s] [100%] Built target webots_ros2_msgs__rosidl_typesupport_c__pyext
[14.557s] Invoked command in '/home/emannavarro/slam-kalman-localization/build/webots_ros2_msgs' returned '0': CMAKE_PREFIX_PATH=/opt/ros/humble /usr/bin/cmake --build /home/emannavarro/slam-kalman-localization/build/webots_ros2_msgs -- -j8 -l8
[14.864s] Invoking command in '/home/emannavarro/slam-kalman-localization/build/webots_ros2_msgs': CMAKE_PREFIX_PATH=/opt/ros/humble /usr/bin/cmake --install /home/emannavarro/slam-kalman-localization/build/webots_ros2_msgs
[14.871s] -- Install configuration: ""
[14.872s] -- Installing: /home/emannavarro/slam-kalman-localization/install/webots_ros2_msgs/share/ament_index/resource_index/rosidl_interfaces/webots_ros2_msgs
[14.872s] -- Installing: /home/emannavarro/slam-kalman-localization/install/webots_ros2_msgs/include/webots_ros2_msgs/webots_ros2_msgs
[14.872s] -- Installing: /home/emannavarro/slam-kalman-localization/install/webots_ros2_msgs/include/webots_ros2_msgs/webots_ros2_msgs/msg
[14.872s] -- Installing: /home/emannavarro/slam-kalman-localization/install/webots_ros2_msgs/include/webots_ros2_msgs/webots_ros2_msgs/msg/rosidl_generator_c__visibility_control.h
[14.873s] -- Installing: /home/emannavarro/slam-kalman-localization/install/webots_ros2_msgs/include/webots_ros2_msgs/webots_ros2_msgs/msg/bool_stamped.h
[14.873s] -- Installing: /home/emannavarro/slam-kalman-localization/install/webots_ros2_msgs/include/webots_ros2_msgs/webots_ros2_msgs/msg/string_stamped.h
[14.873s] -- Installing: /home/emannavarro/slam-kalman-localization/install/webots_ros2_msgs/include/webots_ros2_msgs/webots_ros2_msgs/msg/urdf_robot.h
[14.873s] -- Installing: /home/emannavarro/slam-kalman-localization/install/webots_ros2_msgs/include/webots_ros2_msgs/webots_ros2_msgs/msg/pen_ink_properties.h
[14.874s] -- Installing: /home/emannavarro/slam-kalman-localization/install/webots_ros2_msgs/include/webots_ros2_msgs/webots_ros2_msgs/msg/camera_recognition_object.h
[14.874s] -- Installing: /home/emannavarro/slam-kalman-localization/install/webots_ros2_msgs/include/webots_ros2_msgs/webots_ros2_msgs/msg/detail
[14.874s] -- Installing: /home/emannavarro/slam-kalman-localization/install/webots_ros2_msgs/include/webots_ros2_msgs/webots_ros2_msgs/msg/detail/camera_recognition_object__functions.c
[14.874s] -- Installing: /home/emannavarro/slam-kalman-localization/install/webots_ros2_msgs/include/webots_ros2_msgs/webots_ros2_msgs/msg/detail/pen_ink_properties__struct.h
[14.874s] -- Installing: /home/emannavarro/slam-kalman-localization/install/webots_ros2_msgs/include/webots_ros2_msgs/webots_ros2_msgs/msg/detail/float_stamped__functions.h
[14.874s] -- Installing: /home/emannavarro/slam-kalman-localization/install/webots_ros2_msgs/include/webots_ros2_msgs/webots_ros2_msgs/msg/detail/bool_stamped__functions.h
[14.875s] -- Installing: /home/emannavarro/slam-kalman-localization/install/webots_ros2_msgs/include/webots_ros2_msgs/webots_ros2_msgs/msg/detail/pen_ink_properties__type_support.h
[14.875s] -- Installing: /home/emannavarro/slam-kalman-localization/install/webots_ros2_msgs/include/webots_ros2_msgs/webots_ros2_msgs/msg/detail/urdf_robot__functions.c
[14.875s] -- Installing: /home/emannavarro/slam-kalman-localization/install/webots_ros2_msgs/include/webots_ros2_msgs/webots_ros2_msgs/msg/detail/bool_stamped__struct.h
[14.875s] -- Installing: /home/emannavarro/slam-kalman-localization/install/webots_ros2_msgs/include/webots_ros2_msgs/webots_ros2_msgs/msg/detail/camera_recognition_objects__functions.h
[14.876s] -- Installing: /home/emannavarro/slam-kalman-localization/install/webots_ros2_msgs/include/webots_ros2_msgs/webots_ros2_msgs/msg/detail/string_stamped__functions.c
[14.876s] -- Installing: /home/emannavarro/slam-kalman-localization/install/webots_ros2_msgs/include/webots_ros2_msgs/webots_ros2_msgs/msg/detail/urdf_robot__type_support.h
[14.876s] -- Installing: /home/emannavarro/slam-kalman-localization/install/webots_ros2_msgs/include/webots_ros2_msgs/webots_ros2_msgs/msg/detail/string_stamped__struct.h
[14.876s] -- Installing: /home/emannavarro/slam-kalman-localization/install/webots_ros2_msgs/include/webots_ros2_msgs/webots_ros2_msgs/msg/detail/camera_recognition_objects__type_support.h
[14.876s] -- Installing: /home/emannavarro/slam-kalman-localization/install/webots_ros2_msgs/include/webots_ros2_msgs/webots_ros2_msgs/msg/detail/camera_recognition_object__functions.h
[14.877s] -- Installing: /home/emannavarro/slam-kalman-localization/install/webots_ros2_msgs/include/webots_ros2_msgs/webots_ros2_msgs/msg/detail/urdf_robot__struct.h
[14.877s] -- Installing: /home/emannavarro/slam-kalman-localization/install/webots_ros2_msgs/include/webots_ros2_msgs/webots_ros2_msgs/msg/detail/string_stamped__type_support.h
[14.877s] -- Installing: /home/emannavarro/slam-kalman-localization/install/webots_ros2_msgs/include/webots_ros2_msgs/webots_ros2_msgs/msg/detail/pen_ink_properties__functions.h
[14.878s] -- Installing: /home/emannavarro/slam-kalman-localization/install/webots_ros2_msgs/include/webots_ros2_msgs/webots_ros2_msgs/msg/detail/float_stamped__functions.c
[14.878s] -- Installing: /home/emannavarro/slam-kalman-localization/install/webots_ros2_msgs/include/webots_ros2_msgs/webots_ros2_msgs/msg/detail/urdf_robot__functions.h
[14.878s] -- Installing: /home/emannavarro/slam-kalman-localization/install/webots_ros2_msgs/include/webots_ros2_msgs/webots_ros2_msgs/msg/detail/pen_ink_properties__functions.c
[14.878s] -- Installing: /home/emannavarro/slam-kalman-localization/install/webots_ros2_msgs/include/webots_ros2_msgs/webots_ros2_msgs/msg/detail/camera_recognition_object__struct.h
[14.878s] -- Installing: /home/emannavarro/slam-kalman-localization/install/webots_ros2_msgs/include/webots_ros2_msgs/webots_ros2_msgs/msg/detail/float_stamped__struct.h
[14.878s] -- Installing: /home/emannavarro/slam-kalman-localization/install/webots_ros2_msgs/include/webots_ros2_msgs/webots_ros2_msgs/msg/detail/string_stamped__functions.h
[14.879s] -- Installing: /home/emannavarro/slam-kalman-localization/install/webots_ros2_msgs/include/webots_ros2_msgs/webots_ros2_msgs/msg/detail/bool_stamped__functions.c
[14.879s] -- Installing: /home/emannavarro/slam-kalman-localization/install/webots_ros2_msgs/include/webots_ros2_msgs/webots_ros2_msgs/msg/detail/camera_recognition_objects__struct.h
[14.879s] -- Installing: /home/emannavarro/slam-kalman-localization/install/webots_ros2_msgs/include/webots_ros2_msgs/webots_ros2_msgs/msg/detail/float_stamped__type_support.h
[14.879s] -- Installing: /home/emannavarro/slam-kalman-localization/install/webots_ros2_msgs/include/webots_ros2_msgs/webots_ros2_msgs/msg/detail/camera_recognition_objects__functions.c
[14.879s] -- Installing: /home/emannavarro/slam-kalman-localization/install/webots_ros2_msgs/include/webots_ros2_msgs/webots_ros2_msgs/msg/detail/bool_stamped__type_support.h
[14.879s] -- Installing: /home/emannavarro/slam-kalman-localization/install/webots_ros2_msgs/include/webots_ros2_msgs/webots_ros2_msgs/msg/detail/camera_recognition_object__type_support.h
[14.880s] -- Installing: /home/emannavarro/slam-kalman-localization/install/webots_ros2_msgs/include/webots_ros2_msgs/webots_ros2_msgs/msg/camera_recognition_objects.h
[14.880s] -- Installing: /home/emannavarro/slam-kalman-localization/install/webots_ros2_msgs/include/webots_ros2_msgs/webots_ros2_msgs/msg/float_stamped.h
[14.880s] -- Installing: /home/emannavarro/slam-kalman-localization/install/webots_ros2_msgs/include/webots_ros2_msgs/webots_ros2_msgs/srv
[14.880s] -- Installing: /home/emannavarro/slam-kalman-localization/install/webots_ros2_msgs/include/webots_ros2_msgs/webots_ros2_msgs/srv/emitter_send_string.h
[14.881s] -- Installing: /home/emannavarro/slam-kalman-localization/install/webots_ros2_msgs/include/webots_ros2_msgs/webots_ros2_msgs/srv/spawn_node_from_string.h
[14.881s] -- Installing: /home/emannavarro/slam-kalman-localization/install/webots_ros2_msgs/include/webots_ros2_msgs/webots_ros2_msgs/srv/detail
[14.881s] -- Installing: /home/emannavarro/slam-kalman-localization/install/webots_ros2_msgs/include/webots_ros2_msgs/webots_ros2_msgs/srv/detail/emitter_send_string__type_support.h
[14.881s] -- Installing: /home/emannavarro/slam-kalman-localization/install/webots_ros2_msgs/include/webots_ros2_msgs/webots_ros2_msgs/srv/detail/set_string__type_support.h
[14.881s] -- Installing: /home/emannavarro/slam-kalman-localization/install/webots_ros2_msgs/include/webots_ros2_msgs/webots_ros2_msgs/srv/detail/spawn_node_from_string__type_support.h
[14.881s] -- Installing: /home/emannavarro/slam-kalman-localization/install/webots_ros2_msgs/include/webots_ros2_msgs/webots_ros2_msgs/srv/detail/set_string__functions.h
[14.882s] -- Installing: /home/emannavarro/slam-kalman-localization/install/webots_ros2_msgs/include/webots_ros2_msgs/webots_ros2_msgs/srv/detail/spawn_urdf_robot__type_support.h
[14.882s] -- Installing: /home/emannavarro/slam-kalman-localization/install/webots_ros2_msgs/include/webots_ros2_msgs/webots_ros2_msgs/srv/detail/get_bool__struct.h
[14.882s] -- Installing: /home/emannavarro/slam-kalman-localization/install/webots_ros2_msgs/include/webots_ros2_msgs/webots_ros2_msgs/srv/detail/spawn_urdf_robot__functions.c
[14.882s] -- Installing: /home/emannavarro/slam-kalman-localization/install/webots_ros2_msgs/include/webots_ros2_msgs/webots_ros2_msgs/srv/detail/spawn_node_from_string__functions.c
[14.882s] -- Installing: /home/emannavarro/slam-kalman-localization/install/webots_ros2_msgs/include/webots_ros2_msgs/webots_ros2_msgs/srv/detail/get_bool__functions.c
[14.883s] -- Installing: /home/emannavarro/slam-kalman-localization/install/webots_ros2_msgs/include/webots_ros2_msgs/webots_ros2_msgs/srv/detail/spawn_node_from_string__struct.h
[14.883s] -- Installing: /home/emannavarro/slam-kalman-localization/install/webots_ros2_msgs/include/webots_ros2_msgs/webots_ros2_msgs/srv/detail/emitter_send_string__struct.h
[14.883s] -- Installing: /home/emannavarro/slam-kalman-localization/install/webots_ros2_msgs/include/webots_ros2_msgs/webots_ros2_msgs/srv/detail/spawn_node_from_string__functions.h
[14.883s] -- Installing: /home/emannavarro/slam-kalman-localization/install/webots_ros2_msgs/include/webots_ros2_msgs/webots_ros2_msgs/srv/detail/get_bool__type_support.h
[14.883s] -- Installing: /home/emannavarro/slam-kalman-localization/install/webots_ros2_msgs/include/webots_ros2_msgs/webots_ros2_msgs/srv/detail/emitter_send_string__functions.h
[14.883s] -- Installing: /home/emannavarro/slam-kalman-localization/install/webots_ros2_msgs/include/webots_ros2_msgs/webots_ros2_msgs/srv/detail/spawn_urdf_robot__functions.h
[14.884s] -- Installing: /home/emannavarro/slam-kalman-localization/install/webots_ros2_msgs/include/webots_ros2_msgs/webots_ros2_msgs/srv/detail/emitter_send_string__functions.c
[14.884s] -- Installing: /home/emannavarro/slam-kalman-localization/install/webots_ros2_msgs/include/webots_ros2_msgs/webots_ros2_msgs/srv/detail/get_bool__functions.h
[14.884s] -- Installing: /home/emannavarro/slam-kalman-localization/install/webots_ros2_msgs/include/webots_ros2_msgs/webots_ros2_msgs/srv/detail/set_string__struct.h
[14.884s] -- Installing: /home/emannavarro/slam-kalman-localization/install/webots_ros2_msgs/include/webots_ros2_msgs/webots_ros2_msgs/srv/detail/set_string__functions.c
[14.884s] -- Installing: /home/emannavarro/slam-kalman-localization/install/webots_ros2_msgs/include/webots_ros2_msgs/webots_ros2_msgs/srv/detail/spawn_urdf_robot__struct.h
[14.885s] -- Installing: /home/emannavarro/slam-kalman-localization/install/webots_ros2_msgs/include/webots_ros2_msgs/webots_ros2_msgs/srv/set_string.h
[14.885s] -- Installing: /home/emannavarro/slam-kalman-localization/install/webots_ros2_msgs/include/webots_ros2_msgs/webots_ros2_msgs/srv/get_bool.h
[14.885s] -- Installing: /home/emannavarro/slam-kalman-localization/install/webots_ros2_msgs/include/webots_ros2_msgs/webots_ros2_msgs/srv/spawn_urdf_robot.h
[14.885s] -- Installing: /home/emannavarro/slam-kalman-localization/install/webots_ros2_msgs/share/webots_ros2_msgs/environment/library_path.sh
[14.885s] -- Installing: /home/emannavarro/slam-kalman-localization/install/webots_ros2_msgs/share/webots_ros2_msgs/environment/library_path.dsv
[14.885s] -- Installing: /home/emannavarro/slam-kalman-localization/install/webots_ros2_msgs/lib/libwebots_ros2_msgs__rosidl_generator_c.so
[14.886s] -- Set runtime path of "/home/emannavarro/slam-kalman-localization/install/webots_ros2_msgs/lib/libwebots_ros2_msgs__rosidl_generator_c.so" to ""
[14.886s] -- Up-to-date: /home/emannavarro/slam-kalman-localization/install/webots_ros2_msgs/include/webots_ros2_msgs/webots_ros2_msgs
[14.886s] -- Up-to-date: /home/emannavarro/slam-kalman-localization/install/webots_ros2_msgs/include/webots_ros2_msgs/webots_ros2_msgs/msg
[14.886s] -- Installing: /home/emannavarro/slam-kalman-localization/install/webots_ros2_msgs/include/webots_ros2_msgs/webots_ros2_msgs/msg/rosidl_typesupport_fastrtps_c__visibility_control.h
[14.886s] -- Up-to-date: /home/emannavarro/slam-kalman-localization/install/webots_ros2_msgs/include/webots_ros2_msgs/webots_ros2_msgs/msg/detail
[14.886s] -- Installing: /home/emannavarro/slam-kalman-localization/install/webots_ros2_msgs/include/webots_ros2_msgs/webots_ros2_msgs/msg/detail/urdf_robot__rosidl_typesupport_fastrtps_c.h
[14.886s] -- Installing: /home/emannavarro/slam-kalman-localization/install/webots_ros2_msgs/include/webots_ros2_msgs/webots_ros2_msgs/msg/detail/camera_recognition_object__rosidl_typesupport_fastrtps_c.h
[14.887s] -- Installing: /home/emannavarro/slam-kalman-localization/install/webots_ros2_msgs/include/webots_ros2_msgs/webots_ros2_msgs/msg/detail/pen_ink_properties__rosidl_typesupport_fastrtps_c.h
[14.887s] -- Installing: /home/emannavarro/slam-kalman-localization/install/webots_ros2_msgs/include/webots_ros2_msgs/webots_ros2_msgs/msg/detail/bool_stamped__rosidl_typesupport_fastrtps_c.h
[14.887s] -- Installing: /home/emannavarro/slam-kalman-localization/install/webots_ros2_msgs/include/webots_ros2_msgs/webots_ros2_msgs/msg/detail/camera_recognition_objects__rosidl_typesupport_fastrtps_c.h
[14.887s] -- Installing: /home/emannavarro/slam-kalman-localization/install/webots_ros2_msgs/include/webots_ros2_msgs/webots_ros2_msgs/msg/detail/float_stamped__rosidl_typesupport_fastrtps_c.h
[14.887s] -- Installing: /home/emannavarro/slam-kalman-localization/install/webots_ros2_msgs/include/webots_ros2_msgs/webots_ros2_msgs/msg/detail/string_stamped__rosidl_typesupport_fastrtps_c.h
[14.888s] -- Up-to-date: /home/emannavarro/slam-kalman-localization/install/webots_ros2_msgs/include/webots_ros2_msgs/webots_ros2_msgs/srv
[14.888s] -- Up-to-date: /home/emannavarro/slam-kalman-localization/install/webots_ros2_msgs/include/webots_ros2_msgs/webots_ros2_msgs/srv/detail
[14.889s] -- Installing: /home/emannavarro/slam-kalman-localization/install/webots_ros2_msgs/include/webots_ros2_msgs/webots_ros2_msgs/srv/detail/spawn_node_from_string__rosidl_typesupport_fastrtps_c.h
[14.889s] -- Installing: /home/emannavarro/slam-kalman-localization/install/webots_ros2_msgs/include/webots_ros2_msgs/webots_ros2_msgs/srv/detail/get_bool__rosidl_typesupport_fastrtps_c.h
[14.889s] -- Installing: /home/emannavarro/slam-kalman-localization/install/webots_ros2_msgs/include/webots_ros2_msgs/webots_ros2_msgs/srv/detail/spawn_urdf_robot__rosidl_typesupport_fastrtps_c.h
[14.890s] -- Installing: /home/emannavarro/slam-kalman-localization/install/webots_ros2_msgs/include/webots_ros2_msgs/webots_ros2_msgs/srv/detail/set_string__rosidl_typesupport_fastrtps_c.h
[14.890s] -- Installing: /home/emannavarro/slam-kalman-localization/install/webots_ros2_msgs/include/webots_ros2_msgs/webots_ros2_msgs/srv/detail/emitter_send_string__rosidl_typesupport_fastrtps_c.h
[14.890s] -- Installing: /home/emannavarro/slam-kalman-localization/install/webots_ros2_msgs/lib/libwebots_ros2_msgs__rosidl_typesupport_fastrtps_c.so
[14.890s] -- Set runtime path of "/home/emannavarro/slam-kalman-localization/install/webots_ros2_msgs/lib/libwebots_ros2_msgs__rosidl_typesupport_fastrtps_c.so" to ""
[14.890s] -- Up-to-date: /home/emannavarro/slam-kalman-localization/install/webots_ros2_msgs/include/webots_ros2_msgs/webots_ros2_msgs
[14.890s] -- Up-to-date: /home/emannavarro/slam-kalman-localization/install/webots_ros2_msgs/include/webots_ros2_msgs/webots_ros2_msgs/msg
[14.891s] -- Installing: /home/emannavarro/slam-kalman-localization/install/webots_ros2_msgs/include/webots_ros2_msgs/webots_ros2_msgs/msg/float_stamped.hpp
[14.891s] -- Installing: /home/emannavarro/slam-kalman-localization/install/webots_ros2_msgs/include/webots_ros2_msgs/webots_ros2_msgs/msg/camera_recognition_objects.hpp
[14.891s] -- Installing: /home/emannavarro/slam-kalman-localization/install/webots_ros2_msgs/include/webots_ros2_msgs/webots_ros2_msgs/msg/camera_recognition_object.hpp
[14.891s] -- Installing: /home/emannavarro/slam-kalman-localization/install/webots_ros2_msgs/include/webots_ros2_msgs/webots_ros2_msgs/msg/string_stamped.hpp
[14.891s] -- Installing: /home/emannavarro/slam-kalman-localization/install/webots_ros2_msgs/include/webots_ros2_msgs/webots_ros2_msgs/msg/bool_stamped.hpp
[14.891s] -- Up-to-date: /home/emannavarro/slam-kalman-localization/install/webots_ros2_msgs/include/webots_ros2_msgs/webots_ros2_msgs/msg/detail
[14.892s] -- Installing: /home/emannavarro/slam-kalman-localization/install/webots_ros2_msgs/include/webots_ros2_msgs/webots_ros2_msgs/msg/detail/urdf_robot__traits.hpp
[14.892s] -- Installing: /home/emannavarro/slam-kalman-localization/install/webots_ros2_msgs/include/webots_ros2_msgs/webots_ros2_msgs/msg/detail/urdf_robot__struct.hpp
[14.892s] -- Installing: /home/emannavarro/slam-kalman-localization/install/webots_ros2_msgs/include/webots_ros2_msgs/webots_ros2_msgs/msg/detail/string_stamped__traits.hpp
[14.892s] -- Installing: /home/emannavarro/slam-kalman-localization/install/webots_ros2_msgs/include/webots_ros2_msgs/webots_ros2_msgs/msg/detail/camera_recognition_objects__struct.hpp
[14.892s] -- Installing: /home/emannavarro/slam-kalman-localization/install/webots_ros2_msgs/include/webots_ros2_msgs/webots_ros2_msgs/msg/detail/camera_recognition_object__traits.hpp
[14.892s] -- Installing: /home/emannavarro/slam-kalman-localization/install/webots_ros2_msgs/include/webots_ros2_msgs/webots_ros2_msgs/msg/detail/pen_ink_properties__traits.hpp
[14.893s] -- Installing: /home/emannavarro/slam-kalman-localization/install/webots_ros2_msgs/include/webots_ros2_msgs/webots_ros2_msgs/msg/detail/string_stamped__builder.hpp
[14.893s] -- Installing: /home/emannavarro/slam-kalman-localization/install/webots_ros2_msgs/include/webots_ros2_msgs/webots_ros2_msgs/msg/detail/bool_stamped__traits.hpp
[14.893s] -- Installing: /home/emannavarro/slam-kalman-localization/install/webots_ros2_msgs/include/webots_ros2_msgs/webots_ros2_msgs/msg/detail/float_stamped__traits.hpp
[14.893s] -- Installing: /home/emannavarro/slam-kalman-localization/install/webots_ros2_msgs/include/webots_ros2_msgs/webots_ros2_msgs/msg/detail/float_stamped__struct.hpp
[14.893s] -- Installing: /home/emannavarro/slam-kalman-localization/install/webots_ros2_msgs/include/webots_ros2_msgs/webots_ros2_msgs/msg/detail/string_stamped__struct.hpp
[14.894s] -- Installing: /home/emannavarro/slam-kalman-localization/install/webots_ros2_msgs/include/webots_ros2_msgs/webots_ros2_msgs/msg/detail/camera_recognition_object__struct.hpp
[14.894s] -- Installing: /home/emannavarro/slam-kalman-localization/install/webots_ros2_msgs/include/webots_ros2_msgs/webots_ros2_msgs/msg/detail/camera_recognition_objects__builder.hpp
[14.894s] -- Installing: /home/emannavarro/slam-kalman-localization/install/webots_ros2_msgs/include/webots_ros2_msgs/webots_ros2_msgs/msg/detail/camera_recognition_objects__traits.hpp
[14.894s] -- Installing: /home/emannavarro/slam-kalman-localization/install/webots_ros2_msgs/include/webots_ros2_msgs/webots_ros2_msgs/msg/detail/pen_ink_properties__struct.hpp
[14.894s] -- Installing: /home/emannavarro/slam-kalman-localization/install/webots_ros2_msgs/include/webots_ros2_msgs/webots_ros2_msgs/msg/detail/urdf_robot__builder.hpp
[14.894s] -- Installing: /home/emannavarro/slam-kalman-localization/install/webots_ros2_msgs/include/webots_ros2_msgs/webots_ros2_msgs/msg/detail/float_stamped__builder.hpp
[14.895s] -- Installing: /home/emannavarro/slam-kalman-localization/install/webots_ros2_msgs/include/webots_ros2_msgs/webots_ros2_msgs/msg/detail/pen_ink_properties__builder.hpp
[14.895s] -- Installing: /home/emannavarro/slam-kalman-localization/install/webots_ros2_msgs/include/webots_ros2_msgs/webots_ros2_msgs/msg/detail/bool_stamped__struct.hpp
[14.895s] -- Installing: /home/emannavarro/slam-kalman-localization/install/webots_ros2_msgs/include/webots_ros2_msgs/webots_ros2_msgs/msg/detail/bool_stamped__builder.hpp
[14.895s] -- Installing: /home/emannavarro/slam-kalman-localization/install/webots_ros2_msgs/include/webots_ros2_msgs/webots_ros2_msgs/msg/detail/camera_recognition_object__builder.hpp
[14.895s] -- Installing: /home/emannavarro/slam-kalman-localization/install/webots_ros2_msgs/include/webots_ros2_msgs/webots_ros2_msgs/msg/urdf_robot.hpp
[14.895s] -- Installing: /home/emannavarro/slam-kalman-localization/install/webots_ros2_msgs/include/webots_ros2_msgs/webots_ros2_msgs/msg/pen_ink_properties.hpp
[14.895s] -- Up-to-date: /home/emannavarro/slam-kalman-localization/install/webots_ros2_msgs/include/webots_ros2_msgs/webots_ros2_msgs/srv
[14.896s] -- Installing: /home/emannavarro/slam-kalman-localization/install/webots_ros2_msgs/include/webots_ros2_msgs/webots_ros2_msgs/srv/set_string.hpp
[14.896s] -- Installing: /home/emannavarro/slam-kalman-localization/install/webots_ros2_msgs/include/webots_ros2_msgs/webots_ros2_msgs/srv/get_bool.hpp
[14.896s] -- Installing: /home/emannavarro/slam-kalman-localization/install/webots_ros2_msgs/include/webots_ros2_msgs/webots_ros2_msgs/srv/emitter_send_string.hpp
[14.896s] -- Installing: /home/emannavarro/slam-kalman-localization/install/webots_ros2_msgs/include/webots_ros2_msgs/webots_ros2_msgs/srv/spawn_urdf_robot.hpp
[14.896s] -- Up-to-date: /home/emannavarro/slam-kalman-localization/install/webots_ros2_msgs/include/webots_ros2_msgs/webots_ros2_msgs/srv/detail
[14.896s] -- Installing: /home/emannavarro/slam-kalman-localization/install/webots_ros2_msgs/include/webots_ros2_msgs/webots_ros2_msgs/srv/detail/emitter_send_string__struct.hpp
[14.897s] -- Installing: /home/emannavarro/slam-kalman-localization/install/webots_ros2_msgs/include/webots_ros2_msgs/webots_ros2_msgs/srv/detail/get_bool__builder.hpp
[14.897s] -- Installing: /home/emannavarro/slam-kalman-localization/install/webots_ros2_msgs/include/webots_ros2_msgs/webots_ros2_msgs/srv/detail/emitter_send_string__traits.hpp
[14.897s] -- Installing: /home/emannavarro/slam-kalman-localization/install/webots_ros2_msgs/include/webots_ros2_msgs/webots_ros2_msgs/srv/detail/get_bool__traits.hpp
[14.897s] -- Installing: /home/emannavarro/slam-kalman-localization/install/webots_ros2_msgs/include/webots_ros2_msgs/webots_ros2_msgs/srv/detail/emitter_send_string__builder.hpp
[14.897s] -- Installing: /home/emannavarro/slam-kalman-localization/install/webots_ros2_msgs/include/webots_ros2_msgs/webots_ros2_msgs/srv/detail/set_string__traits.hpp
[14.898s] -- Installing: /home/emannavarro/slam-kalman-localization/install/webots_ros2_msgs/include/webots_ros2_msgs/webots_ros2_msgs/srv/detail/set_string__struct.hpp
[14.898s] -- Installing: /home/emannavarro/slam-kalman-localization/install/webots_ros2_msgs/include/webots_ros2_msgs/webots_ros2_msgs/srv/detail/spawn_node_from_string__traits.hpp
[14.898s] -- Installing: /home/emannavarro/slam-kalman-localization/install/webots_ros2_msgs/include/webots_ros2_msgs/webots_ros2_msgs/srv/detail/get_bool__struct.hpp
[14.898s] -- Installing: /home/emannavarro/slam-kalman-localization/install/webots_ros2_msgs/include/webots_ros2_msgs/webots_ros2_msgs/srv/detail/spawn_node_from_string__builder.hpp
[14.898s] -- Installing: /home/emannavarro/slam-kalman-localization/install/webots_ros2_msgs/include/webots_ros2_msgs/webots_ros2_msgs/srv/detail/spawn_urdf_robot__struct.hpp
[14.899s] -- Installing: /home/emannavarro/slam-kalman-localization/install/webots_ros2_msgs/include/webots_ros2_msgs/webots_ros2_msgs/srv/detail/spawn_urdf_robot__builder.hpp
[14.899s] -- Installing: /home/emannavarro/slam-kalman-localization/install/webots_ros2_msgs/include/webots_ros2_msgs/webots_ros2_msgs/srv/detail/spawn_urdf_robot__traits.hpp
[14.899s] -- Installing: /home/emannavarro/slam-kalman-localization/install/webots_ros2_msgs/include/webots_ros2_msgs/webots_ros2_msgs/srv/detail/spawn_node_from_string__struct.hpp
[14.899s] -- Installing: /home/emannavarro/slam-kalman-localization/install/webots_ros2_msgs/include/webots_ros2_msgs/webots_ros2_msgs/srv/detail/set_string__builder.hpp
[14.899s] -- Installing: /home/emannavarro/slam-kalman-localization/install/webots_ros2_msgs/include/webots_ros2_msgs/webots_ros2_msgs/srv/spawn_node_from_string.hpp
[14.899s] -- Up-to-date: /home/emannavarro/slam-kalman-localization/install/webots_ros2_msgs/include/webots_ros2_msgs/webots_ros2_msgs
[14.899s] -- Up-to-date: /home/emannavarro/slam-kalman-localization/install/webots_ros2_msgs/include/webots_ros2_msgs/webots_ros2_msgs/msg
[14.899s] -- Up-to-date: /home/emannavarro/slam-kalman-localization/install/webots_ros2_msgs/include/webots_ros2_msgs/webots_ros2_msgs/msg/detail
[14.899s] -- Installing: /home/emannavarro/slam-kalman-localization/install/webots_ros2_msgs/include/webots_ros2_msgs/webots_ros2_msgs/msg/detail/urdf_robot__rosidl_typesupport_fastrtps_cpp.hpp
[14.899s] -- Installing: /home/emannavarro/slam-kalman-localization/install/webots_ros2_msgs/include/webots_ros2_msgs/webots_ros2_msgs/msg/detail/pen_ink_properties__rosidl_typesupport_fastrtps_cpp.hpp
[14.899s] -- Installing: /home/emannavarro/slam-kalman-localization/install/webots_ros2_msgs/include/webots_ros2_msgs/webots_ros2_msgs/msg/detail/string_stamped__rosidl_typesupport_fastrtps_cpp.hpp
[14.899s] -- Installing: /home/emannavarro/slam-kalman-localization/install/webots_ros2_msgs/include/webots_ros2_msgs/webots_ros2_msgs/msg/detail/camera_recognition_object__rosidl_typesupport_fastrtps_cpp.hpp
[14.900s] -- Installing: /home/emannavarro/slam-kalman-localization/install/webots_ros2_msgs/include/webots_ros2_msgs/webots_ros2_msgs/msg/detail/float_stamped__rosidl_typesupport_fastrtps_cpp.hpp
[14.900s] -- Installing: /home/emannavarro/slam-kalman-localization/install/webots_ros2_msgs/include/webots_ros2_msgs/webots_ros2_msgs/msg/detail/bool_stamped__rosidl_typesupport_fastrtps_cpp.hpp
[14.900s] -- Installing: /home/emannavarro/slam-kalman-localization/install/webots_ros2_msgs/include/webots_ros2_msgs/webots_ros2_msgs/msg/detail/dds_fastrtps
[14.900s] -- Installing: /home/emannavarro/slam-kalman-localization/install/webots_ros2_msgs/include/webots_ros2_msgs/webots_ros2_msgs/msg/detail/camera_recognition_objects__rosidl_typesupport_fastrtps_cpp.hpp
[14.900s] -- Installing: /home/emannavarro/slam-kalman-localization/install/webots_ros2_msgs/include/webots_ros2_msgs/webots_ros2_msgs/msg/rosidl_typesupport_fastrtps_cpp__visibility_control.h
[14.901s] -- Up-to-date: /home/emannavarro/slam-kalman-localization/install/webots_ros2_msgs/include/webots_ros2_msgs/webots_ros2_msgs/srv
[14.901s] -- Up-to-date: /home/emannavarro/slam-kalman-localization/install/webots_ros2_msgs/include/webots_ros2_msgs/webots_ros2_msgs/srv/detail
[14.901s] -- Installing: /home/emannavarro/slam-kalman-localization/install/webots_ros2_msgs/include/webots_ros2_msgs/webots_ros2_msgs/srv/detail/spawn_node_from_string__rosidl_typesupport_fastrtps_cpp.hpp
[14.901s] -- Installing: /home/emannavarro/slam-kalman-localization/install/webots_ros2_msgs/include/webots_ros2_msgs/webots_ros2_msgs/srv/detail/set_string__rosidl_typesupport_fastrtps_cpp.hpp
[14.901s] -- Installing: /home/emannavarro/slam-kalman-localization/install/webots_ros2_msgs/include/webots_ros2_msgs/webots_ros2_msgs/srv/detail/get_bool__rosidl_typesupport_fastrtps_cpp.hpp
[14.901s] -- Installing: /home/emannavarro/slam-kalman-localization/install/webots_ros2_msgs/include/webots_ros2_msgs/webots_ros2_msgs/srv/detail/spawn_urdf_robot__rosidl_typesupport_fastrtps_cpp.hpp
[14.901s] -- Installing: /home/emannavarro/slam-kalman-localization/install/webots_ros2_msgs/include/webots_ros2_msgs/webots_ros2_msgs/srv/detail/emitter_send_string__rosidl_typesupport_fastrtps_cpp.hpp
[14.902s] -- Installing: /home/emannavarro/slam-kalman-localization/install/webots_ros2_msgs/include/webots_ros2_msgs/webots_ros2_msgs/srv/detail/dds_fastrtps
[14.902s] -- Installing: /home/emannavarro/slam-kalman-localization/install/webots_ros2_msgs/lib/libwebots_ros2_msgs__rosidl_typesupport_fastrtps_cpp.so
[14.902s] -- Set runtime path of "/home/emannavarro/slam-kalman-localization/install/webots_ros2_msgs/lib/libwebots_ros2_msgs__rosidl_typesupport_fastrtps_cpp.so" to ""
[14.902s] -- Up-to-date: /home/emannavarro/slam-kalman-localization/install/webots_ros2_msgs/include/webots_ros2_msgs/webots_ros2_msgs
[14.902s] -- Up-to-date: /home/emannavarro/slam-kalman-localization/install/webots_ros2_msgs/include/webots_ros2_msgs/webots_ros2_msgs/msg
[14.902s] -- Up-to-date: /home/emannavarro/slam-kalman-localization/install/webots_ros2_msgs/include/webots_ros2_msgs/webots_ros2_msgs/msg/detail
[14.903s] -- Installing: /home/emannavarro/slam-kalman-localization/install/webots_ros2_msgs/include/webots_ros2_msgs/webots_ros2_msgs/msg/detail/camera_recognition_objects__type_support.c
[14.903s] -- Installing: /home/emannavarro/slam-kalman-localization/install/webots_ros2_msgs/include/webots_ros2_msgs/webots_ros2_msgs/msg/detail/float_stamped__rosidl_typesupport_introspection_c.h
[14.903s] -- Installing: /home/emannavarro/slam-kalman-localization/install/webots_ros2_msgs/include/webots_ros2_msgs/webots_ros2_msgs/msg/detail/pen_ink_properties__rosidl_typesupport_introspection_c.h
[14.903s] -- Installing: /home/emannavarro/slam-kalman-localization/install/webots_ros2_msgs/include/webots_ros2_msgs/webots_ros2_msgs/msg/detail/bool_stamped__rosidl_typesupport_introspection_c.h
[14.903s] -- Installing: /home/emannavarro/slam-kalman-localization/install/webots_ros2_msgs/include/webots_ros2_msgs/webots_ros2_msgs/msg/detail/float_stamped__type_support.c
[14.904s] -- Installing: /home/emannavarro/slam-kalman-localization/install/webots_ros2_msgs/include/webots_ros2_msgs/webots_ros2_msgs/msg/detail/camera_recognition_object__type_support.c
[14.904s] -- Installing: /home/emannavarro/slam-kalman-localization/install/webots_ros2_msgs/include/webots_ros2_msgs/webots_ros2_msgs/msg/detail/pen_ink_properties__type_support.c
[14.904s] -- Installing: /home/emannavarro/slam-kalman-localization/install/webots_ros2_msgs/include/webots_ros2_msgs/webots_ros2_msgs/msg/detail/string_stamped__rosidl_typesupport_introspection_c.h
[14.904s] -- Installing: /home/emannavarro/slam-kalman-localization/install/webots_ros2_msgs/include/webots_ros2_msgs/webots_ros2_msgs/msg/detail/urdf_robot__rosidl_typesupport_introspection_c.h
[14.904s] -- Installing: /home/emannavarro/slam-kalman-localization/install/webots_ros2_msgs/include/webots_ros2_msgs/webots_ros2_msgs/msg/detail/bool_stamped__type_support.c
[14.904s] -- Installing: /home/emannavarro/slam-kalman-localization/install/webots_ros2_msgs/include/webots_ros2_msgs/webots_ros2_msgs/msg/detail/camera_recognition_object__rosidl_typesupport_introspection_c.h
[14.905s] -- Installing: /home/emannavarro/slam-kalman-localization/install/webots_ros2_msgs/include/webots_ros2_msgs/webots_ros2_msgs/msg/detail/string_stamped__type_support.c
[14.905s] -- Installing: /home/emannavarro/slam-kalman-localization/install/webots_ros2_msgs/include/webots_ros2_msgs/webots_ros2_msgs/msg/detail/camera_recognition_objects__rosidl_typesupport_introspection_c.h
[14.905s] -- Installing: /home/emannavarro/slam-kalman-localization/install/webots_ros2_msgs/include/webots_ros2_msgs/webots_ros2_msgs/msg/detail/urdf_robot__type_support.c
[14.905s] -- Installing: /home/emannavarro/slam-kalman-localization/install/webots_ros2_msgs/include/webots_ros2_msgs/webots_ros2_msgs/msg/rosidl_typesupport_introspection_c__visibility_control.h
[14.905s] -- Up-to-date: /home/emannavarro/slam-kalman-localization/install/webots_ros2_msgs/include/webots_ros2_msgs/webots_ros2_msgs/srv
[14.905s] -- Up-to-date: /home/emannavarro/slam-kalman-localization/install/webots_ros2_msgs/include/webots_ros2_msgs/webots_ros2_msgs/srv/detail
[14.906s] -- Installing: /home/emannavarro/slam-kalman-localization/install/webots_ros2_msgs/include/webots_ros2_msgs/webots_ros2_msgs/srv/detail/emitter_send_string__type_support.c
[14.906s] -- Installing: /home/emannavarro/slam-kalman-localization/install/webots_ros2_msgs/include/webots_ros2_msgs/webots_ros2_msgs/srv/detail/spawn_node_from_string__type_support.c
[14.906s] -- Installing: /home/emannavarro/slam-kalman-localization/install/webots_ros2_msgs/include/webots_ros2_msgs/webots_ros2_msgs/srv/detail/get_bool__type_support.c
[14.907s] -- Installing: /home/emannavarro/slam-kalman-localization/install/webots_ros2_msgs/include/webots_ros2_msgs/webots_ros2_msgs/srv/detail/emitter_send_string__rosidl_typesupport_introspection_c.h
[14.907s] -- Installing: /home/emannavarro/slam-kalman-localization/install/webots_ros2_msgs/include/webots_ros2_msgs/webots_ros2_msgs/srv/detail/set_string__type_support.c
[14.907s] -- Installing: /home/emannavarro/slam-kalman-localization/install/webots_ros2_msgs/include/webots_ros2_msgs/webots_ros2_msgs/srv/detail/spawn_node_from_string__rosidl_typesupport_introspection_c.h
[14.907s] -- Installing: /home/emannavarro/slam-kalman-localization/install/webots_ros2_msgs/include/webots_ros2_msgs/webots_ros2_msgs/srv/detail/spawn_urdf_robot__type_support.c
[14.907s] -- Installing: /home/emannavarro/slam-kalman-localization/install/webots_ros2_msgs/include/webots_ros2_msgs/webots_ros2_msgs/srv/detail/set_string__rosidl_typesupport_introspection_c.h
[14.907s] -- Installing: /home/emannavarro/slam-kalman-localization/install/webots_ros2_msgs/include/webots_ros2_msgs/webots_ros2_msgs/srv/detail/spawn_urdf_robot__rosidl_typesupport_introspection_c.h
[14.907s] -- Installing: /home/emannavarro/slam-kalman-localization/install/webots_ros2_msgs/include/webots_ros2_msgs/webots_ros2_msgs/srv/detail/get_bool__rosidl_typesupport_introspection_c.h
[14.907s] -- Installing: /home/emannavarro/slam-kalman-localization/install/webots_ros2_msgs/lib/libwebots_ros2_msgs__rosidl_typesupport_introspection_c.so
[14.908s] -- Set runtime path of "/home/emannavarro/slam-kalman-localization/install/webots_ros2_msgs/lib/libwebots_ros2_msgs__rosidl_typesupport_introspection_c.so" to ""
[14.908s] -- Installing: /home/emannavarro/slam-kalman-localization/install/webots_ros2_msgs/lib/libwebots_ros2_msgs__rosidl_typesupport_c.so
[14.908s] -- Set runtime path of "/home/emannavarro/slam-kalman-localization/install/webots_ros2_msgs/lib/libwebots_ros2_msgs__rosidl_typesupport_c.so" to ""
[14.908s] -- Up-to-date: /home/emannavarro/slam-kalman-localization/install/webots_ros2_msgs/include/webots_ros2_msgs/webots_ros2_msgs
[14.908s] -- Up-to-date: /home/emannavarro/slam-kalman-localization/install/webots_ros2_msgs/include/webots_ros2_msgs/webots_ros2_msgs/msg
[14.909s] -- Up-to-date: /home/emannavarro/slam-kalman-localization/install/webots_ros2_msgs/include/webots_ros2_msgs/webots_ros2_msgs/msg/detail
[14.909s] -- Installing: /home/emannavarro/slam-kalman-localization/install/webots_ros2_msgs/include/webots_ros2_msgs/webots_ros2_msgs/msg/detail/bool_stamped__type_support.cpp
[14.909s] -- Installing: /home/emannavarro/slam-kalman-localization/install/webots_ros2_msgs/include/webots_ros2_msgs/webots_ros2_msgs/msg/detail/urdf_robot__rosidl_typesupport_introspection_cpp.hpp
[14.909s] -- Installing: /home/emannavarro/slam-kalman-localization/install/webots_ros2_msgs/include/webots_ros2_msgs/webots_ros2_msgs/msg/detail/string_stamped__rosidl_typesupport_introspection_cpp.hpp
[14.909s] -- Installing: /home/emannavarro/slam-kalman-localization/install/webots_ros2_msgs/include/webots_ros2_msgs/webots_ros2_msgs/msg/detail/urdf_robot__type_support.cpp
[14.909s] -- Installing: /home/emannavarro/slam-kalman-localization/install/webots_ros2_msgs/include/webots_ros2_msgs/webots_ros2_msgs/msg/detail/pen_ink_properties__type_support.cpp
[14.910s] -- Installing: /home/emannavarro/slam-kalman-localization/install/webots_ros2_msgs/include/webots_ros2_msgs/webots_ros2_msgs/msg/detail/float_stamped__rosidl_typesupport_introspection_cpp.hpp
[14.910s] -- Installing: /home/emannavarro/slam-kalman-localization/install/webots_ros2_msgs/include/webots_ros2_msgs/webots_ros2_msgs/msg/detail/float_stamped__type_support.cpp
[14.910s] -- Installing: /home/emannavarro/slam-kalman-localization/install/webots_ros2_msgs/include/webots_ros2_msgs/webots_ros2_msgs/msg/detail/camera_recognition_object__rosidl_typesupport_introspection_cpp.hpp
[14.910s] -- Installing: /home/emannavarro/slam-kalman-localization/install/webots_ros2_msgs/include/webots_ros2_msgs/webots_ros2_msgs/msg/detail/camera_recognition_objects__type_support.cpp
[14.910s] -- Installing: /home/emannavarro/slam-kalman-localization/install/webots_ros2_msgs/include/webots_ros2_msgs/webots_ros2_msgs/msg/detail/camera_recognition_objects__rosidl_typesupport_introspection_cpp.hpp
[14.910s] -- Installing: /home/emannavarro/slam-kalman-localization/install/webots_ros2_msgs/include/webots_ros2_msgs/webots_ros2_msgs/msg/detail/bool_stamped__rosidl_typesupport_introspection_cpp.hpp
[14.910s] -- Installing: /home/emannavarro/slam-kalman-localization/install/webots_ros2_msgs/include/webots_ros2_msgs/webots_ros2_msgs/msg/detail/string_stamped__type_support.cpp
[14.910s] -- Installing: /home/emannavarro/slam-kalman-localization/install/webots_ros2_msgs/include/webots_ros2_msgs/webots_ros2_msgs/msg/detail/camera_recognition_object__type_support.cpp
[14.910s] -- Installing: /home/emannavarro/slam-kalman-localization/install/webots_ros2_msgs/include/webots_ros2_msgs/webots_ros2_msgs/msg/detail/pen_ink_properties__rosidl_typesupport_introspection_cpp.hpp
[14.911s] -- Up-to-date: /home/emannavarro/slam-kalman-localization/install/webots_ros2_msgs/include/webots_ros2_msgs/webots_ros2_msgs/srv
[14.911s] -- Up-to-date: /home/emannavarro/slam-kalman-localization/install/webots_ros2_msgs/include/webots_ros2_msgs/webots_ros2_msgs/srv/detail
[14.911s] -- Installing: /home/emannavarro/slam-kalman-localization/install/webots_ros2_msgs/include/webots_ros2_msgs/webots_ros2_msgs/srv/detail/emitter_send_string__type_support.cpp
[14.911s] -- Installing: /home/emannavarro/slam-kalman-localization/install/webots_ros2_msgs/include/webots_ros2_msgs/webots_ros2_msgs/srv/detail/spawn_urdf_robot__type_support.cpp
[14.911s] -- Installing: /home/emannavarro/slam-kalman-localization/install/webots_ros2_msgs/include/webots_ros2_msgs/webots_ros2_msgs/srv/detail/set_string__rosidl_typesupport_introspection_cpp.hpp
[14.911s] -- Installing: /home/emannavarro/slam-kalman-localization/install/webots_ros2_msgs/include/webots_ros2_msgs/webots_ros2_msgs/srv/detail/get_bool__type_support.cpp
[14.911s] -- Installing: /home/emannavarro/slam-kalman-localization/install/webots_ros2_msgs/include/webots_ros2_msgs/webots_ros2_msgs/srv/detail/spawn_urdf_robot__rosidl_typesupport_introspection_cpp.hpp
[14.911s] -- Installing: /home/emannavarro/slam-kalman-localization/install/webots_ros2_msgs/include/webots_ros2_msgs/webots_ros2_msgs/srv/detail/spawn_node_from_string__type_support.cpp
[14.911s] -- Installing: /home/emannavarro/slam-kalman-localization/install/webots_ros2_msgs/include/webots_ros2_msgs/webots_ros2_msgs/srv/detail/spawn_node_from_string__rosidl_typesupport_introspection_cpp.hpp
[14.912s] -- Installing: /home/emannavarro/slam-kalman-localization/install/webots_ros2_msgs/include/webots_ros2_msgs/webots_ros2_msgs/srv/detail/get_bool__rosidl_typesupport_introspection_cpp.hpp
[14.912s] -- Installing: /home/emannavarro/slam-kalman-localization/install/webots_ros2_msgs/include/webots_ros2_msgs/webots_ros2_msgs/srv/detail/emitter_send_string__rosidl_typesupport_introspection_cpp.hpp
[14.912s] -- Installing: /home/emannavarro/slam-kalman-localization/install/webots_ros2_msgs/include/webots_ros2_msgs/webots_ros2_msgs/srv/detail/set_string__type_support.cpp
[14.912s] -- Installing: /home/emannavarro/slam-kalman-localization/install/webots_ros2_msgs/lib/libwebots_ros2_msgs__rosidl_typesupport_introspection_cpp.so
[14.912s] -- Set runtime path of "/home/emannavarro/slam-kalman-localization/install/webots_ros2_msgs/lib/libwebots_ros2_msgs__rosidl_typesupport_introspection_cpp.so" to ""
[14.912s] -- Installing: /home/emannavarro/slam-kalman-localization/install/webots_ros2_msgs/lib/libwebots_ros2_msgs__rosidl_typesupport_cpp.so
[14.912s] -- Set runtime path of "/home/emannavarro/slam-kalman-localization/install/webots_ros2_msgs/lib/libwebots_ros2_msgs__rosidl_typesupport_cpp.so" to ""
[14.913s] -- Installing: /home/emannavarro/slam-kalman-localization/install/webots_ros2_msgs/share/webots_ros2_msgs/environment/pythonpath.sh
[14.913s] -- Installing: /home/emannavarro/slam-kalman-localization/install/webots_ros2_msgs/share/webots_ros2_msgs/environment/pythonpath.dsv
[14.913s] -- Installing: /home/emannavarro/slam-kalman-localization/install/webots_ros2_msgs/local/lib/python3.10/dist-packages/webots_ros2_msgs-2023.1.3-py3.10.egg-info
[14.913s] -- Installing: /home/emannavarro/slam-kalman-localization/install/webots_ros2_msgs/local/lib/python3.10/dist-packages/webots_ros2_msgs-2023.1.3-py3.10.egg-info/PKG-INFO
[14.913s] -- Installing: /home/emannavarro/slam-kalman-localization/install/webots_ros2_msgs/local/lib/python3.10/dist-packages/webots_ros2_msgs-2023.1.3-py3.10.egg-info/dependency_links.txt
[14.914s] -- Installing: /home/emannavarro/slam-kalman-localization/install/webots_ros2_msgs/local/lib/python3.10/dist-packages/webots_ros2_msgs-2023.1.3-py3.10.egg-info/SOURCES.txt
[14.914s] -- Installing: /home/emannavarro/slam-kalman-localization/install/webots_ros2_msgs/local/lib/python3.10/dist-packages/webots_ros2_msgs-2023.1.3-py3.10.egg-info/top_level.txt
[14.914s] -- Installing: /home/emannavarro/slam-kalman-localization/install/webots_ros2_msgs/local/lib/python3.10/dist-packages/webots_ros2_msgs
[14.914s] -- Installing: /home/emannavarro/slam-kalman-localization/install/webots_ros2_msgs/local/lib/python3.10/dist-packages/webots_ros2_msgs/_webots_ros2_msgs_s.ep.rosidl_typesupport_introspection_c.c
[14.914s] -- Installing: /home/emannavarro/slam-kalman-localization/install/webots_ros2_msgs/local/lib/python3.10/dist-packages/webots_ros2_msgs/msg
[14.914s] -- Installing: /home/emannavarro/slam-kalman-localization/install/webots_ros2_msgs/local/lib/python3.10/dist-packages/webots_ros2_msgs/msg/_bool_stamped.py
[14.914s] -- Installing: /home/emannavarro/slam-kalman-localization/install/webots_ros2_msgs/local/lib/python3.10/dist-packages/webots_ros2_msgs/msg/_pen_ink_properties_s.c
[14.915s] -- Installing: /home/emannavarro/slam-kalman-localization/install/webots_ros2_msgs/local/lib/python3.10/dist-packages/webots_ros2_msgs/msg/_string_stamped.py
[14.915s] -- Installing: /home/emannavarro/slam-kalman-localization/install/webots_ros2_msgs/local/lib/python3.10/dist-packages/webots_ros2_msgs/msg/_camera_recognition_objects_s.c
[14.915s] -- Installing: /home/emannavarro/slam-kalman-localization/install/webots_ros2_msgs/local/lib/python3.10/dist-packages/webots_ros2_msgs/msg/_float_stamped_s.c
[14.915s] -- Installing: /home/emannavarro/slam-kalman-localization/install/webots_ros2_msgs/local/lib/python3.10/dist-packages/webots_ros2_msgs/msg/_float_stamped.py
[14.915s] -- Installing: /home/emannavarro/slam-kalman-localization/install/webots_ros2_msgs/local/lib/python3.10/dist-packages/webots_ros2_msgs/msg/__init__.py
[14.916s] -- Installing: /home/emannavarro/slam-kalman-localization/install/webots_ros2_msgs/local/lib/python3.10/dist-packages/webots_ros2_msgs/msg/_urdf_robot.py
[14.916s] -- Installing: /home/emannavarro/slam-kalman-localization/install/webots_ros2_msgs/local/lib/python3.10/dist-packages/webots_ros2_msgs/msg/_pen_ink_properties.py
[14.916s] -- Installing: /home/emannavarro/slam-kalman-localization/install/webots_ros2_msgs/local/lib/python3.10/dist-packages/webots_ros2_msgs/msg/_string_stamped_s.c
[14.916s] -- Installing: /home/emannavarro/slam-kalman-localization/install/webots_ros2_msgs/local/lib/python3.10/dist-packages/webots_ros2_msgs/msg/_bool_stamped_s.c
[14.916s] -- Installing: /home/emannavarro/slam-kalman-localization/install/webots_ros2_msgs/local/lib/python3.10/dist-packages/webots_ros2_msgs/msg/_camera_recognition_object.py
[14.917s] -- Installing: /home/emannavarro/slam-kalman-localization/install/webots_ros2_msgs/local/lib/python3.10/dist-packages/webots_ros2_msgs/msg/_urdf_robot_s.c
[14.917s] -- Installing: /home/emannavarro/slam-kalman-localization/install/webots_ros2_msgs/local/lib/python3.10/dist-packages/webots_ros2_msgs/msg/_camera_recognition_objects.py
[14.917s] -- Installing: /home/emannavarro/slam-kalman-localization/install/webots_ros2_msgs/local/lib/python3.10/dist-packages/webots_ros2_msgs/msg/_camera_recognition_object_s.c
[14.917s] -- Installing: /home/emannavarro/slam-kalman-localization/install/webots_ros2_msgs/local/lib/python3.10/dist-packages/webots_ros2_msgs/__init__.py
[14.917s] -- Installing: /home/emannavarro/slam-kalman-localization/install/webots_ros2_msgs/local/lib/python3.10/dist-packages/webots_ros2_msgs/webots_ros2_msgs_s__rosidl_typesupport_c.cpython-310-x86_64-linux-gnu.so
[14.917s] -- Installing: /home/emannavarro/slam-kalman-localization/install/webots_ros2_msgs/local/lib/python3.10/dist-packages/webots_ros2_msgs/webots_ros2_msgs_s__rosidl_typesupport_introspection_c.cpython-310-x86_64-linux-gnu.so
[14.918s] -- Installing: /home/emannavarro/slam-kalman-localization/install/webots_ros2_msgs/local/lib/python3.10/dist-packages/webots_ros2_msgs/webots_ros2_msgs_s__rosidl_typesupport_fastrtps_c.cpython-310-x86_64-linux-gnu.so
[14.918s] -- Installing: /home/emannavarro/slam-kalman-localization/install/webots_ros2_msgs/local/lib/python3.10/dist-packages/webots_ros2_msgs/libwebots_ros2_msgs__rosidl_generator_py.so
[14.918s] -- Installing: /home/emannavarro/slam-kalman-localization/install/webots_ros2_msgs/local/lib/python3.10/dist-packages/webots_ros2_msgs/_webots_ros2_msgs_s.ep.rosidl_typesupport_c.c
[14.918s] -- Installing: /home/emannavarro/slam-kalman-localization/install/webots_ros2_msgs/local/lib/python3.10/dist-packages/webots_ros2_msgs/srv
[14.919s] -- Installing: /home/emannavarro/slam-kalman-localization/install/webots_ros2_msgs/local/lib/python3.10/dist-packages/webots_ros2_msgs/srv/_emitter_send_string.py
[14.919s] -- Installing: /home/emannavarro/slam-kalman-localization/install/webots_ros2_msgs/local/lib/python3.10/dist-packages/webots_ros2_msgs/srv/__init__.py
[14.919s] -- Installing: /home/emannavarro/slam-kalman-localization/install/webots_ros2_msgs/local/lib/python3.10/dist-packages/webots_ros2_msgs/srv/_get_bool.py
[14.919s] -- Installing: /home/emannavarro/slam-kalman-localization/install/webots_ros2_msgs/local/lib/python3.10/dist-packages/webots_ros2_msgs/srv/_set_string_s.c
[14.919s] -- Installing: /home/emannavarro/slam-kalman-localization/install/webots_ros2_msgs/local/lib/python3.10/dist-packages/webots_ros2_msgs/srv/_spawn_urdf_robot_s.c
[14.919s] -- Installing: /home/emannavarro/slam-kalman-localization/install/webots_ros2_msgs/local/lib/python3.10/dist-packages/webots_ros2_msgs/srv/_spawn_node_from_string_s.c
[14.919s] -- Installing: /home/emannavarro/slam-kalman-localization/install/webots_ros2_msgs/local/lib/python3.10/dist-packages/webots_ros2_msgs/srv/_emitter_send_string_s.c
[14.919s] -- Installing: /home/emannavarro/slam-kalman-localization/install/webots_ros2_msgs/local/lib/python3.10/dist-packages/webots_ros2_msgs/srv/_spawn_urdf_robot.py
[14.919s] -- Installing: /home/emannavarro/slam-kalman-localization/install/webots_ros2_msgs/local/lib/python3.10/dist-packages/webots_ros2_msgs/srv/_spawn_node_from_string.py
[14.919s] -- Installing: /home/emannavarro/slam-kalman-localization/install/webots_ros2_msgs/local/lib/python3.10/dist-packages/webots_ros2_msgs/srv/_set_string.py
[14.919s] -- Installing: /home/emannavarro/slam-kalman-localization/install/webots_ros2_msgs/local/lib/python3.10/dist-packages/webots_ros2_msgs/srv/_get_bool_s.c
[14.919s] -- Installing: /home/emannavarro/slam-kalman-localization/install/webots_ros2_msgs/local/lib/python3.10/dist-packages/webots_ros2_msgs/_webots_ros2_msgs_s.ep.rosidl_typesupport_fastrtps_c.c
[14.965s] Listing '/home/emannavarro/slam-kalman-localization/install/webots_ros2_msgs/local/lib/python3.10/dist-packages/webots_ros2_msgs'...
[14.965s] Compiling '/home/emannavarro/slam-kalman-localization/install/webots_ros2_msgs/local/lib/python3.10/dist-packages/webots_ros2_msgs/__init__.py'...
[14.965s] Listing '/home/emannavarro/slam-kalman-localization/install/webots_ros2_msgs/local/lib/python3.10/dist-packages/webots_ros2_msgs/msg'...
[14.966s] Compiling '/home/emannavarro/slam-kalman-localization/install/webots_ros2_msgs/local/lib/python3.10/dist-packages/webots_ros2_msgs/msg/__init__.py'...
[14.966s] Compiling '/home/emannavarro/slam-kalman-localization/install/webots_ros2_msgs/local/lib/python3.10/dist-packages/webots_ros2_msgs/msg/_bool_stamped.py'...
[14.966s] Compiling '/home/emannavarro/slam-kalman-localization/install/webots_ros2_msgs/local/lib/python3.10/dist-packages/webots_ros2_msgs/msg/_camera_recognition_object.py'...
[14.966s] Compiling '/home/emannavarro/slam-kalman-localization/install/webots_ros2_msgs/local/lib/python3.10/dist-packages/webots_ros2_msgs/msg/_camera_recognition_objects.py'...
[14.966s] Compiling '/home/emannavarro/slam-kalman-localization/install/webots_ros2_msgs/local/lib/python3.10/dist-packages/webots_ros2_msgs/msg/_float_stamped.py'...
[14.966s] Compiling '/home/emannavarro/slam-kalman-localization/install/webots_ros2_msgs/local/lib/python3.10/dist-packages/webots_ros2_msgs/msg/_pen_ink_properties.py'...
[14.967s] Compiling '/home/emannavarro/slam-kalman-localization/install/webots_ros2_msgs/local/lib/python3.10/dist-packages/webots_ros2_msgs/msg/_string_stamped.py'...
[14.967s] Compiling '/home/emannavarro/slam-kalman-localization/install/webots_ros2_msgs/local/lib/python3.10/dist-packages/webots_ros2_msgs/msg/_urdf_robot.py'...
[14.967s] Listing '/home/emannavarro/slam-kalman-localization/install/webots_ros2_msgs/local/lib/python3.10/dist-packages/webots_ros2_msgs/srv'...
[14.967s] Compiling '/home/emannavarro/slam-kalman-localization/install/webots_ros2_msgs/local/lib/python3.10/dist-packages/webots_ros2_msgs/srv/__init__.py'...
[14.967s] Compiling '/home/emannavarro/slam-kalman-localization/install/webots_ros2_msgs/local/lib/python3.10/dist-packages/webots_ros2_msgs/srv/_emitter_send_string.py'...
[14.967s] Compiling '/home/emannavarro/slam-kalman-localization/install/webots_ros2_msgs/local/lib/python3.10/dist-packages/webots_ros2_msgs/srv/_get_bool.py'...
[14.967s] Compiling '/home/emannavarro/slam-kalman-localization/install/webots_ros2_msgs/local/lib/python3.10/dist-packages/webots_ros2_msgs/srv/_set_string.py'...
[14.967s] Compiling '/home/emannavarro/slam-kalman-localization/install/webots_ros2_msgs/local/lib/python3.10/dist-packages/webots_ros2_msgs/srv/_spawn_node_from_string.py'...
[14.967s] Compiling '/home/emannavarro/slam-kalman-localization/install/webots_ros2_msgs/local/lib/python3.10/dist-packages/webots_ros2_msgs/srv/_spawn_urdf_robot.py'...
[14.969s] -- Installing: /home/emannavarro/slam-kalman-localization/install/webots_ros2_msgs/local/lib/python3.10/dist-packages/webots_ros2_msgs/webots_ros2_msgs_s__rosidl_typesupport_fastrtps_c.cpython-310-x86_64-linux-gnu.so
[14.970s] -- Set runtime path of "/home/emannavarro/slam-kalman-localization/install/webots_ros2_msgs/local/lib/python3.10/dist-packages/webots_ros2_msgs/webots_ros2_msgs_s__rosidl_typesupport_fastrtps_c.cpython-310-x86_64-linux-gnu.so" to ""
[14.970s] -- Installing: /home/emannavarro/slam-kalman-localization/install/webots_ros2_msgs/local/lib/python3.10/dist-packages/webots_ros2_msgs/webots_ros2_msgs_s__rosidl_typesupport_introspection_c.cpython-310-x86_64-linux-gnu.so
[14.971s] -- Set runtime path of "/home/emannavarro/slam-kalman-localization/install/webots_ros2_msgs/local/lib/python3.10/dist-packages/webots_ros2_msgs/webots_ros2_msgs_s__rosidl_typesupport_introspection_c.cpython-310-x86_64-linux-gnu.so" to ""
[14.971s] -- Installing: /home/emannavarro/slam-kalman-localization/install/webots_ros2_msgs/local/lib/python3.10/dist-packages/webots_ros2_msgs/webots_ros2_msgs_s__rosidl_typesupport_c.cpython-310-x86_64-linux-gnu.so
[14.972s] -- Set runtime path of "/home/emannavarro/slam-kalman-localization/install/webots_ros2_msgs/local/lib/python3.10/dist-packages/webots_ros2_msgs/webots_ros2_msgs_s__rosidl_typesupport_c.cpython-310-x86_64-linux-gnu.so" to ""
[14.972s] -- Installing: /home/emannavarro/slam-kalman-localization/install/webots_ros2_msgs/lib/libwebots_ros2_msgs__rosidl_generator_py.so
[14.973s] -- Set runtime path of "/home/emannavarro/slam-kalman-localization/install/webots_ros2_msgs/lib/libwebots_ros2_msgs__rosidl_generator_py.so" to ""
[14.973s] -- Installing: /home/emannavarro/slam-kalman-localization/install/webots_ros2_msgs/share/webots_ros2_msgs/msg/BoolStamped.idl
[14.973s] -- Installing: /home/emannavarro/slam-kalman-localization/install/webots_ros2_msgs/share/webots_ros2_msgs/msg/FloatStamped.idl
[14.973s] -- Installing: /home/emannavarro/slam-kalman-localization/install/webots_ros2_msgs/share/webots_ros2_msgs/msg/StringStamped.idl
[14.973s] -- Installing: /home/emannavarro/slam-kalman-localization/install/webots_ros2_msgs/share/webots_ros2_msgs/msg/CameraRecognitionObject.idl
[14.974s] -- Installing: /home/emannavarro/slam-kalman-localization/install/webots_ros2_msgs/share/webots_ros2_msgs/msg/CameraRecognitionObjects.idl
[14.974s] -- Installing: /home/emannavarro/slam-kalman-localization/install/webots_ros2_msgs/share/webots_ros2_msgs/msg/UrdfRobot.idl
[14.974s] -- Installing: /home/emannavarro/slam-kalman-localization/install/webots_ros2_msgs/share/webots_ros2_msgs/msg/PenInkProperties.idl
[14.974s] -- Installing: /home/emannavarro/slam-kalman-localization/install/webots_ros2_msgs/share/webots_ros2_msgs/srv/EmitterSendString.idl
[14.975s] -- Installing: /home/emannavarro/slam-kalman-localization/install/webots_ros2_msgs/share/webots_ros2_msgs/srv/GetBool.idl
[14.975s] -- Installing: /home/emannavarro/slam-kalman-localization/install/webots_ros2_msgs/share/webots_ros2_msgs/srv/SetString.idl
[14.975s] -- Installing: /home/emannavarro/slam-kalman-localization/install/webots_ros2_msgs/share/webots_ros2_msgs/srv/SpawnNodeFromString.idl
[14.975s] -- Installing: /home/emannavarro/slam-kalman-localization/install/webots_ros2_msgs/share/webots_ros2_msgs/srv/SpawnUrdfRobot.idl
[14.975s] -- Installing: /home/emannavarro/slam-kalman-localization/install/webots_ros2_msgs/share/webots_ros2_msgs/msg/BoolStamped.msg
[14.975s] -- Installing: /home/emannavarro/slam-kalman-localization/install/webots_ros2_msgs/share/webots_ros2_msgs/msg/FloatStamped.msg
[14.976s] -- Installing: /home/emannavarro/slam-kalman-localization/install/webots_ros2_msgs/share/webots_ros2_msgs/msg/StringStamped.msg
[14.976s] -- Installing: /home/emannavarro/slam-kalman-localization/install/webots_ros2_msgs/share/webots_ros2_msgs/msg/CameraRecognitionObject.msg
[14.976s] -- Installing: /home/emannavarro/slam-kalman-localization/install/webots_ros2_msgs/share/webots_ros2_msgs/msg/CameraRecognitionObjects.msg
[14.976s] -- Installing: /home/emannavarro/slam-kalman-localization/install/webots_ros2_msgs/share/webots_ros2_msgs/msg/UrdfRobot.msg
[14.976s] -- Installing: /home/emannavarro/slam-kalman-localization/install/webots_ros2_msgs/share/webots_ros2_msgs/msg/PenInkProperties.msg
[14.977s] -- Installing: /home/emannavarro/slam-kalman-localization/install/webots_ros2_msgs/share/webots_ros2_msgs/srv/EmitterSendString.srv
[14.977s] -- Installing: /home/emannavarro/slam-kalman-localization/install/webots_ros2_msgs/share/webots_ros2_msgs/srv/EmitterSendString_Request.msg
[14.977s] -- Installing: /home/emannavarro/slam-kalman-localization/install/webots_ros2_msgs/share/webots_ros2_msgs/srv/EmitterSendString_Response.msg
[14.977s] -- Installing: /home/emannavarro/slam-kalman-localization/install/webots_ros2_msgs/share/webots_ros2_msgs/srv/GetBool.srv
[14.977s] -- Installing: /home/emannavarro/slam-kalman-localization/install/webots_ros2_msgs/share/webots_ros2_msgs/srv/GetBool_Request.msg
[14.978s] -- Installing: /home/emannavarro/slam-kalman-localization/install/webots_ros2_msgs/share/webots_ros2_msgs/srv/GetBool_Response.msg
[14.978s] -- Installing: /home/emannavarro/slam-kalman-localization/install/webots_ros2_msgs/share/webots_ros2_msgs/srv/SetString.srv
[14.978s] -- Installing: /home/emannavarro/slam-kalman-localization/install/webots_ros2_msgs/share/webots_ros2_msgs/srv/SetString_Request.msg
[14.978s] -- Installing: /home/emannavarro/slam-kalman-localization/install/webots_ros2_msgs/share/webots_ros2_msgs/srv/SetString_Response.msg
[14.978s] -- Installing: /home/emannavarro/slam-kalman-localization/install/webots_ros2_msgs/share/webots_ros2_msgs/srv/SpawnNodeFromString.srv
[14.979s] -- Installing: /home/emannavarro/slam-kalman-localization/install/webots_ros2_msgs/share/webots_ros2_msgs/srv/SpawnNodeFromString_Request.msg
[14.979s] -- Installing: /home/emannavarro/slam-kalman-localization/install/webots_ros2_msgs/share/webots_ros2_msgs/srv/SpawnNodeFromString_Response.msg
[14.979s] -- Installing: /home/emannavarro/slam-kalman-localization/install/webots_ros2_msgs/share/webots_ros2_msgs/srv/SpawnUrdfRobot.srv
[14.979s] -- Installing: /home/emannavarro/slam-kalman-localization/install/webots_ros2_msgs/share/webots_ros2_msgs/srv/SpawnUrdfRobot_Request.msg
[14.979s] -- Installing: /home/emannavarro/slam-kalman-localization/install/webots_ros2_msgs/share/webots_ros2_msgs/srv/SpawnUrdfRobot_Response.msg
[14.980s] -- Installing: /home/emannavarro/slam-kalman-localization/install/webots_ros2_msgs/share/ament_index/resource_index/package_run_dependencies/webots_ros2_msgs
[14.980s] -- Installing: /home/emannavarro/slam-kalman-localization/install/webots_ros2_msgs/share/ament_index/resource_index/parent_prefix_path/webots_ros2_msgs
[14.980s] -- Installing: /home/emannavarro/slam-kalman-localization/install/webots_ros2_msgs/share/webots_ros2_msgs/environment/ament_prefix_path.sh
[14.980s] -- Installing: /home/emannavarro/slam-kalman-localization/install/webots_ros2_msgs/share/webots_ros2_msgs/environment/ament_prefix_path.dsv
[14.981s] -- Installing: /home/emannavarro/slam-kalman-localization/install/webots_ros2_msgs/share/webots_ros2_msgs/environment/path.sh
[14.981s] -- Installing: /home/emannavarro/slam-kalman-localization/install/webots_ros2_msgs/share/webots_ros2_msgs/environment/path.dsv
[14.981s] -- Installing: /home/emannavarro/slam-kalman-localization/install/webots_ros2_msgs/share/webots_ros2_msgs/local_setup.bash
[14.981s] -- Installing: /home/emannavarro/slam-kalman-localization/install/webots_ros2_msgs/share/webots_ros2_msgs/local_setup.sh
[14.981s] -- Installing: /home/emannavarro/slam-kalman-localization/install/webots_ros2_msgs/share/webots_ros2_msgs/local_setup.zsh
[14.982s] -- Installing: /home/emannavarro/slam-kalman-localization/install/webots_ros2_msgs/share/webots_ros2_msgs/local_setup.dsv
[14.982s] -- Installing: /home/emannavarro/slam-kalman-localization/install/webots_ros2_msgs/share/webots_ros2_msgs/package.dsv
[14.982s] -- Installing: /home/emannavarro/slam-kalman-localization/install/webots_ros2_msgs/share/ament_index/resource_index/packages/webots_ros2_msgs
[14.982s] -- Installing: /home/emannavarro/slam-kalman-localization/install/webots_ros2_msgs/share/webots_ros2_msgs/cmake/export_webots_ros2_msgs__rosidl_generator_cExport.cmake
[14.983s] -- Installing: /home/emannavarro/slam-kalman-localization/install/webots_ros2_msgs/share/webots_ros2_msgs/cmake/export_webots_ros2_msgs__rosidl_generator_cExport-noconfig.cmake
[14.983s] -- Installing: /home/emannavarro/slam-kalman-localization/install/webots_ros2_msgs/share/webots_ros2_msgs/cmake/export_webots_ros2_msgs__rosidl_typesupport_fastrtps_cExport.cmake
[14.983s] -- Installing: /home/emannavarro/slam-kalman-localization/install/webots_ros2_msgs/share/webots_ros2_msgs/cmake/export_webots_ros2_msgs__rosidl_typesupport_fastrtps_cExport-noconfig.cmake
[14.983s] -- Installing: /home/emannavarro/slam-kalman-localization/install/webots_ros2_msgs/share/webots_ros2_msgs/cmake/export_webots_ros2_msgs__rosidl_generator_cppExport.cmake
[14.984s] -- Installing: /home/emannavarro/slam-kalman-localization/install/webots_ros2_msgs/share/webots_ros2_msgs/cmake/export_webots_ros2_msgs__rosidl_typesupport_fastrtps_cppExport.cmake
[14.984s] -- Installing: /home/emannavarro/slam-kalman-localization/install/webots_ros2_msgs/share/webots_ros2_msgs/cmake/export_webots_ros2_msgs__rosidl_typesupport_fastrtps_cppExport-noconfig.cmake
[14.984s] -- Installing: /home/emannavarro/slam-kalman-localization/install/webots_ros2_msgs/share/webots_ros2_msgs/cmake/webots_ros2_msgs__rosidl_typesupport_introspection_cExport.cmake
[14.984s] -- Installing: /home/emannavarro/slam-kalman-localization/install/webots_ros2_msgs/share/webots_ros2_msgs/cmake/webots_ros2_msgs__rosidl_typesupport_introspection_cExport-noconfig.cmake
[14.984s] -- Installing: /home/emannavarro/slam-kalman-localization/install/webots_ros2_msgs/share/webots_ros2_msgs/cmake/webots_ros2_msgs__rosidl_typesupport_cExport.cmake
[14.985s] -- Installing: /home/emannavarro/slam-kalman-localization/install/webots_ros2_msgs/share/webots_ros2_msgs/cmake/webots_ros2_msgs__rosidl_typesupport_cExport-noconfig.cmake
[14.985s] -- Installing: /home/emannavarro/slam-kalman-localization/install/webots_ros2_msgs/share/webots_ros2_msgs/cmake/webots_ros2_msgs__rosidl_typesupport_introspection_cppExport.cmake
[14.985s] -- Installing: /home/emannavarro/slam-kalman-localization/install/webots_ros2_msgs/share/webots_ros2_msgs/cmake/webots_ros2_msgs__rosidl_typesupport_introspection_cppExport-noconfig.cmake
[14.985s] -- Installing: /home/emannavarro/slam-kalman-localization/install/webots_ros2_msgs/share/webots_ros2_msgs/cmake/webots_ros2_msgs__rosidl_typesupport_cppExport.cmake
[14.985s] -- Installing: /home/emannavarro/slam-kalman-localization/install/webots_ros2_msgs/share/webots_ros2_msgs/cmake/webots_ros2_msgs__rosidl_typesupport_cppExport-noconfig.cmake
[14.986s] -- Installing: /home/emannavarro/slam-kalman-localization/install/webots_ros2_msgs/share/webots_ros2_msgs/cmake/export_webots_ros2_msgs__rosidl_generator_pyExport.cmake
[14.986s] -- Installing: /home/emannavarro/slam-kalman-localization/install/webots_ros2_msgs/share/webots_ros2_msgs/cmake/export_webots_ros2_msgs__rosidl_generator_pyExport-noconfig.cmake
[14.986s] -- Installing: /home/emannavarro/slam-kalman-localization/install/webots_ros2_msgs/share/webots_ros2_msgs/cmake/rosidl_cmake-extras.cmake
[14.986s] -- Installing: /home/emannavarro/slam-kalman-localization/install/webots_ros2_msgs/share/webots_ros2_msgs/cmake/ament_cmake_export_dependencies-extras.cmake
[14.986s] -- Installing: /home/emannavarro/slam-kalman-localization/install/webots_ros2_msgs/share/webots_ros2_msgs/cmake/ament_cmake_export_include_directories-extras.cmake
[14.987s] -- Installing: /home/emannavarro/slam-kalman-localization/install/webots_ros2_msgs/share/webots_ros2_msgs/cmake/ament_cmake_export_libraries-extras.cmake
[14.987s] -- Installing: /home/emannavarro/slam-kalman-localization/install/webots_ros2_msgs/share/webots_ros2_msgs/cmake/ament_cmake_export_targets-extras.cmake
[14.987s] -- Installing: /home/emannavarro/slam-kalman-localization/install/webots_ros2_msgs/share/webots_ros2_msgs/cmake/rosidl_cmake_export_typesupport_targets-extras.cmake
[14.987s] -- Installing: /home/emannavarro/slam-kalman-localization/install/webots_ros2_msgs/share/webots_ros2_msgs/cmake/rosidl_cmake_export_typesupport_libraries-extras.cmake
[14.987s] -- Installing: /home/emannavarro/slam-kalman-localization/install/webots_ros2_msgs/share/webots_ros2_msgs/cmake/webots_ros2_msgsConfig.cmake
[14.988s] -- Installing: /home/emannavarro/slam-kalman-localization/install/webots_ros2_msgs/share/webots_ros2_msgs/cmake/webots_ros2_msgsConfig-version.cmake
[14.988s] -- Installing: /home/emannavarro/slam-kalman-localization/install/webots_ros2_msgs/share/webots_ros2_msgs/package.xml
[14.991s] Invoked command in '/home/emannavarro/slam-kalman-localization/build/webots_ros2_msgs' returned '0': CMAKE_PREFIX_PATH=/opt/ros/humble /usr/bin/cmake --install /home/emannavarro/slam-kalman-localization/build/webots_ros2_msgs
