[1.693s] Invoking command in '/home/emannavarro/slam-kalman-localization/src/webots_ros2/webots_ros2_mavic': AMENT_PREFIX_PATH=/home/emannavarro/slam-kalman-localization/install/webots_ros2_driver:/home/emannavarro/slam-kalman-localization/install/webots_ros2_msgs:/home/emannavarro/slam-kalman-localization/install/webots_ros2_importer:${AMENT_PREFIX_PATH} CMAKE_PREFIX_PATH=/home/emannavarro/slam-kalman-localization/install/webots_ros2_driver:/home/emannavarro/slam-kalman-localization/install/webots_ros2_msgs LD_LIBRARY_PATH=/home/emannavarro/slam-kalman-localization/install/webots_ros2_driver/lib:/home/emannavarro/slam-kalman-localization/install/webots_ros2_msgs/lib:${LD_LIBRARY_PATH} PYTHONPATH=/home/emannavarro/slam-kalman-localization/build/webots_ros2_mavic/prefix_override:/usr/lib/python3/dist-packages/colcon_core/task/python/colcon_distutils_commands:/home/emannavarro/slam-kalman-localization/install/webots_ros2_mavic/lib/python3.10/site-packages:/home/emannavarro/slam-kalman-localization/install/webots_ros2_driver/local/lib/python3.10/dist-packages:/home/emannavarro/slam-kalman-localization/install/webots_ros2_msgs/local/lib/python3.10/dist-packages:/home/emannavarro/slam-kalman-localization/install/webots_ros2_importer/lib/python3.10/site-packages:${PYTHONPATH} /usr/bin/python3 -W ignore:setup.py install is deprecated setup.py egg_info --egg-base ../../../build/webots_ros2_mavic build --build-base /home/emannavarro/slam-kalman-localization/build/webots_ros2_mavic/build install --record /home/emannavarro/slam-kalman-localization/build/webots_ros2_mavic/install.log --single-version-externally-managed install_data
[1.968s] running egg_info
[1.968s] creating ../../../build/webots_ros2_mavic/webots_ros2_mavic.egg-info
[1.969s] writing ../../../build/webots_ros2_mavic/webots_ros2_mavic.egg-info/PKG-INFO
[1.969s] writing dependency_links to ../../../build/webots_ros2_mavic/webots_ros2_mavic.egg-info/dependency_links.txt
[1.969s] writing entry points to ../../../build/webots_ros2_mavic/webots_ros2_mavic.egg-info/entry_points.txt
[1.969s] writing requirements to ../../../build/webots_ros2_mavic/webots_ros2_mavic.egg-info/requires.txt
[1.970s] writing top-level names to ../../../build/webots_ros2_mavic/webots_ros2_mavic.egg-info/top_level.txt
[1.970s] writing manifest file '../../../build/webots_ros2_mavic/webots_ros2_mavic.egg-info/SOURCES.txt'
[1.971s] reading manifest file '../../../build/webots_ros2_mavic/webots_ros2_mavic.egg-info/SOURCES.txt'
[1.972s] writing manifest file '../../../build/webots_ros2_mavic/webots_ros2_mavic.egg-info/SOURCES.txt'
[1.972s] running build
[1.972s] running build_py
[1.972s] creating /home/emannavarro/slam-kalman-localization/build/webots_ros2_mavic/build
[1.973s] creating /home/emannavarro/slam-kalman-localization/build/webots_ros2_mavic/build/lib
[1.973s] creating /home/emannavarro/slam-kalman-localization/build/webots_ros2_mavic/build/lib/webots_ros2_mavic
[1.973s] copying webots_ros2_mavic/__init__.py -> /home/emannavarro/slam-kalman-localization/build/webots_ros2_mavic/build/lib/webots_ros2_mavic
[1.973s] copying webots_ros2_mavic/mavic_driver.py -> /home/emannavarro/slam-kalman-localization/build/webots_ros2_mavic/build/lib/webots_ros2_mavic
[1.974s] running install
[1.974s] running install_lib
[1.975s] creating /home/emannavarro/slam-kalman-localization/install/webots_ros2_mavic/lib/python3.10/site-packages/webots_ros2_mavic
[1.975s] copying /home/emannavarro/slam-kalman-localization/build/webots_ros2_mavic/build/lib/webots_ros2_mavic/__init__.py -> /home/emannavarro/slam-kalman-localization/install/webots_ros2_mavic/lib/python3.10/site-packages/webots_ros2_mavic
[1.975s] copying /home/emannavarro/slam-kalman-localization/build/webots_ros2_mavic/build/lib/webots_ros2_mavic/mavic_driver.py -> /home/emannavarro/slam-kalman-localization/install/webots_ros2_mavic/lib/python3.10/site-packages/webots_ros2_mavic
[1.976s] byte-compiling /home/emannavarro/slam-kalman-localization/install/webots_ros2_mavic/lib/python3.10/site-packages/webots_ros2_mavic/__init__.py to __init__.cpython-310.pyc
[1.976s] byte-compiling /home/emannavarro/slam-kalman-localization/install/webots_ros2_mavic/lib/python3.10/site-packages/webots_ros2_mavic/mavic_driver.py to mavic_driver.cpython-310.pyc
[1.977s] running install_data
[1.977s] creating /home/emannavarro/slam-kalman-localization/install/webots_ros2_mavic/share/ament_index
[1.978s] creating /home/emannavarro/slam-kalman-localization/install/webots_ros2_mavic/share/ament_index/resource_index
[1.978s] creating /home/emannavarro/slam-kalman-localization/install/webots_ros2_mavic/share/ament_index/resource_index/packages
[1.978s] copying resource/webots_ros2_mavic -> /home/emannavarro/slam-kalman-localization/install/webots_ros2_mavic/share/ament_index/resource_index/packages
[1.978s] creating /home/emannavarro/slam-kalman-localization/install/webots_ros2_mavic/share/webots_ros2_mavic/launch
[1.978s] copying launch/robot_launch.py -> /home/emannavarro/slam-kalman-localization/install/webots_ros2_mavic/share/webots_ros2_mavic/launch
[1.979s] creating /home/emannavarro/slam-kalman-localization/install/webots_ros2_mavic/share/webots_ros2_mavic/worlds
[1.979s] copying worlds/mavic_world.wbt -> /home/emannavarro/slam-kalman-localization/install/webots_ros2_mavic/share/webots_ros2_mavic/worlds
[1.979s] copying worlds/.mavic_world.wbproj -> /home/emannavarro/slam-kalman-localization/install/webots_ros2_mavic/share/webots_ros2_mavic/worlds
[1.979s] creating /home/emannavarro/slam-kalman-localization/install/webots_ros2_mavic/share/webots_ros2_mavic/resource
[1.979s] copying resource/mavic_webots.urdf -> /home/emannavarro/slam-kalman-localization/install/webots_ros2_mavic/share/webots_ros2_mavic/resource
[1.980s] copying package.xml -> /home/emannavarro/slam-kalman-localization/install/webots_ros2_mavic/share/webots_ros2_mavic
[1.980s] running install_egg_info
[1.982s] Copying ../../../build/webots_ros2_mavic/webots_ros2_mavic.egg-info to /home/emannavarro/slam-kalman-localization/install/webots_ros2_mavic/lib/python3.10/site-packages/webots_ros2_mavic-2023.1.3-py3.10.egg-info
[1.983s] running install_scripts
[2.006s] writing list of installed files to '/home/emannavarro/slam-kalman-localization/build/webots_ros2_mavic/install.log'
[2.034s] Invoked command in '/home/emannavarro/slam-kalman-localization/src/webots_ros2/webots_ros2_mavic' returned '0': AMENT_PREFIX_PATH=/home/emannavarro/slam-kalman-localization/install/webots_ros2_driver:/home/emannavarro/slam-kalman-localization/install/webots_ros2_msgs:/home/emannavarro/slam-kalman-localization/install/webots_ros2_importer:${AMENT_PREFIX_PATH} CMAKE_PREFIX_PATH=/home/emannavarro/slam-kalman-localization/install/webots_ros2_driver:/home/emannavarro/slam-kalman-localization/install/webots_ros2_msgs LD_LIBRARY_PATH=/home/emannavarro/slam-kalman-localization/install/webots_ros2_driver/lib:/home/emannavarro/slam-kalman-localization/install/webots_ros2_msgs/lib:${LD_LIBRARY_PATH} PYTHONPATH=/home/emannavarro/slam-kalman-localization/build/webots_ros2_mavic/prefix_override:/usr/lib/python3/dist-packages/colcon_core/task/python/colcon_distutils_commands:/home/emannavarro/slam-kalman-localization/install/webots_ros2_mavic/lib/python3.10/site-packages:/home/emannavarro/slam-kalman-localization/install/webots_ros2_driver/local/lib/python3.10/dist-packages:/home/emannavarro/slam-kalman-localization/install/webots_ros2_msgs/local/lib/python3.10/dist-packages:/home/emannavarro/slam-kalman-localization/install/webots_ros2_importer/lib/python3.10/site-packages:${PYTHONPATH} /usr/bin/python3 -W ignore:setup.py install is deprecated setup.py egg_info --egg-base ../../../build/webots_ros2_mavic build --build-base /home/emannavarro/slam-kalman-localization/build/webots_ros2_mavic/build install --record /home/emannavarro/slam-kalman-localization/build/webots_ros2_mavic/install.log --single-version-externally-managed install_data
