[0.774s] Invoking command in '/home/emannavarro/slam-kalman-localization/src/webots_ros2/webots_ros2_importer': PYTHONPATH=/home/emannavarro/slam-kalman-localization/build/webots_ros2_importer/prefix_override:/usr/lib/python3/dist-packages/colcon_core/task/python/colcon_distutils_commands:/home/emannavarro/slam-kalman-localization/install/webots_ros2_importer/lib/python3.10/site-packages:${PYTHONPATH} /usr/bin/python3 -W ignore:setup.py install is deprecated setup.py egg_info --egg-base ../../../build/webots_ros2_importer build --build-base /home/emannavarro/slam-kalman-localization/build/webots_ros2_importer/build install --record /home/emannavarro/slam-kalman-localization/build/webots_ros2_importer/install.log --single-version-externally-managed install_data
[1.007s] running egg_info
[1.008s] creating ../../../build/webots_ros2_importer/webots_ros2_importer.egg-info
[1.008s] writing ../../../build/webots_ros2_importer/webots_ros2_importer.egg-info/PKG-INFO
[1.009s] writing dependency_links to ../../../build/webots_ros2_importer/webots_ros2_importer.egg-info/dependency_links.txt
[1.009s] writing entry points to ../../../build/webots_ros2_importer/webots_ros2_importer.egg-info/entry_points.txt
[1.009s] writing requirements to ../../../build/webots_ros2_importer/webots_ros2_importer.egg-info/requires.txt
[1.009s] writing top-level names to ../../../build/webots_ros2_importer/webots_ros2_importer.egg-info/top_level.txt
[1.009s] writing manifest file '../../../build/webots_ros2_importer/webots_ros2_importer.egg-info/SOURCES.txt'
[1.011s] reading manifest file '../../../build/webots_ros2_importer/webots_ros2_importer.egg-info/SOURCES.txt'
[1.012s] writing manifest file '../../../build/webots_ros2_importer/webots_ros2_importer.egg-info/SOURCES.txt'
[1.012s] running build
[1.012s] running build_py
[1.012s] creating /home/emannavarro/slam-kalman-localization/build/webots_ros2_importer/build
[1.013s] creating /home/emannavarro/slam-kalman-localization/build/webots_ros2_importer/build/lib
[1.013s] creating /home/emannavarro/slam-kalman-localization/build/webots_ros2_importer/build/lib/webots_ros2_importer
[1.013s] copying webots_ros2_importer/xacro2proto.py -> /home/emannavarro/slam-kalman-localization/build/webots_ros2_importer/build/lib/webots_ros2_importer
[1.013s] copying webots_ros2_importer/__init__.py -> /home/emannavarro/slam-kalman-localization/build/webots_ros2_importer/build/lib/webots_ros2_importer
[1.013s] copying webots_ros2_importer/urdf2proto.py -> /home/emannavarro/slam-kalman-localization/build/webots_ros2_importer/build/lib/webots_ros2_importer
[1.013s] creating /home/emannavarro/slam-kalman-localization/build/webots_ros2_importer/build/lib/webots_ros2_importer/urdf2webots
[1.013s] creating /home/emannavarro/slam-kalman-localization/build/webots_ros2_importer/build/lib/webots_ros2_importer/urdf2webots/urdf2webots
[1.014s] copying webots_ros2_importer/urdf2webots/urdf2webots/math_utils.py -> /home/emannavarro/slam-kalman-localization/build/webots_ros2_importer/build/lib/webots_ros2_importer/urdf2webots/urdf2webots
[1.014s] copying webots_ros2_importer/urdf2webots/urdf2webots/gazebo_materials.py -> /home/emannavarro/slam-kalman-localization/build/webots_ros2_importer/build/lib/webots_ros2_importer/urdf2webots/urdf2webots
[1.014s] copying webots_ros2_importer/urdf2webots/urdf2webots/__init__.py -> /home/emannavarro/slam-kalman-localization/build/webots_ros2_importer/build/lib/webots_ros2_importer/urdf2webots/urdf2webots
[1.014s] copying webots_ros2_importer/urdf2webots/urdf2webots/importer.py -> /home/emannavarro/slam-kalman-localization/build/webots_ros2_importer/build/lib/webots_ros2_importer/urdf2webots/urdf2webots
[1.015s] copying webots_ros2_importer/urdf2webots/urdf2webots/writeRobot.py -> /home/emannavarro/slam-kalman-localization/build/webots_ros2_importer/build/lib/webots_ros2_importer/urdf2webots/urdf2webots
[1.015s] copying webots_ros2_importer/urdf2webots/urdf2webots/parserURDF.py -> /home/emannavarro/slam-kalman-localization/build/webots_ros2_importer/build/lib/webots_ros2_importer/urdf2webots/urdf2webots
[1.015s] running install
[1.015s] running install_lib
[1.016s] creating /home/emannavarro/slam-kalman-localization/install/webots_ros2_importer/lib/python3.10/site-packages/webots_ros2_importer
[1.016s] copying /home/emannavarro/slam-kalman-localization/build/webots_ros2_importer/build/lib/webots_ros2_importer/xacro2proto.py -> /home/emannavarro/slam-kalman-localization/install/webots_ros2_importer/lib/python3.10/site-packages/webots_ros2_importer
[1.017s] copying /home/emannavarro/slam-kalman-localization/build/webots_ros2_importer/build/lib/webots_ros2_importer/__init__.py -> /home/emannavarro/slam-kalman-localization/install/webots_ros2_importer/lib/python3.10/site-packages/webots_ros2_importer
[1.017s] creating /home/emannavarro/slam-kalman-localization/install/webots_ros2_importer/lib/python3.10/site-packages/webots_ros2_importer/urdf2webots
[1.017s] creating /home/emannavarro/slam-kalman-localization/install/webots_ros2_importer/lib/python3.10/site-packages/webots_ros2_importer/urdf2webots/urdf2webots
[1.018s] copying /home/emannavarro/slam-kalman-localization/build/webots_ros2_importer/build/lib/webots_ros2_importer/urdf2webots/urdf2webots/math_utils.py -> /home/emannavarro/slam-kalman-localization/install/webots_ros2_importer/lib/python3.10/site-packages/webots_ros2_importer/urdf2webots/urdf2webots
[1.018s] copying /home/emannavarro/slam-kalman-localization/build/webots_ros2_importer/build/lib/webots_ros2_importer/urdf2webots/urdf2webots/gazebo_materials.py -> /home/emannavarro/slam-kalman-localization/install/webots_ros2_importer/lib/python3.10/site-packages/webots_ros2_importer/urdf2webots/urdf2webots
[1.019s] copying /home/emannavarro/slam-kalman-localization/build/webots_ros2_importer/build/lib/webots_ros2_importer/urdf2webots/urdf2webots/__init__.py -> /home/emannavarro/slam-kalman-localization/install/webots_ros2_importer/lib/python3.10/site-packages/webots_ros2_importer/urdf2webots/urdf2webots
[1.019s] copying /home/emannavarro/slam-kalman-localization/build/webots_ros2_importer/build/lib/webots_ros2_importer/urdf2webots/urdf2webots/importer.py -> /home/emannavarro/slam-kalman-localization/install/webots_ros2_importer/lib/python3.10/site-packages/webots_ros2_importer/urdf2webots/urdf2webots
[1.019s] copying /home/emannavarro/slam-kalman-localization/build/webots_ros2_importer/build/lib/webots_ros2_importer/urdf2webots/urdf2webots/writeRobot.py -> /home/emannavarro/slam-kalman-localization/install/webots_ros2_importer/lib/python3.10/site-packages/webots_ros2_importer/urdf2webots/urdf2webots
[1.019s] copying /home/emannavarro/slam-kalman-localization/build/webots_ros2_importer/build/lib/webots_ros2_importer/urdf2webots/urdf2webots/parserURDF.py -> /home/emannavarro/slam-kalman-localization/install/webots_ros2_importer/lib/python3.10/site-packages/webots_ros2_importer/urdf2webots/urdf2webots
[1.019s] copying /home/emannavarro/slam-kalman-localization/build/webots_ros2_importer/build/lib/webots_ros2_importer/urdf2proto.py -> /home/emannavarro/slam-kalman-localization/install/webots_ros2_importer/lib/python3.10/site-packages/webots_ros2_importer
[1.019s] byte-compiling /home/emannavarro/slam-kalman-localization/install/webots_ros2_importer/lib/python3.10/site-packages/webots_ros2_importer/xacro2proto.py to xacro2proto.cpython-310.pyc
[1.020s] byte-compiling /home/emannavarro/slam-kalman-localization/install/webots_ros2_importer/lib/python3.10/site-packages/webots_ros2_importer/__init__.py to __init__.cpython-310.pyc
[1.020s] byte-compiling /home/emannavarro/slam-kalman-localization/install/webots_ros2_importer/lib/python3.10/site-packages/webots_ros2_importer/urdf2webots/urdf2webots/math_utils.py to math_utils.cpython-310.pyc
[1.022s] byte-compiling /home/emannavarro/slam-kalman-localization/install/webots_ros2_importer/lib/python3.10/site-packages/webots_ros2_importer/urdf2webots/urdf2webots/gazebo_materials.py to gazebo_materials.cpython-310.pyc
[1.023s] byte-compiling /home/emannavarro/slam-kalman-localization/install/webots_ros2_importer/lib/python3.10/site-packages/webots_ros2_importer/urdf2webots/urdf2webots/__init__.py to __init__.cpython-310.pyc
[1.023s] byte-compiling /home/emannavarro/slam-kalman-localization/install/webots_ros2_importer/lib/python3.10/site-packages/webots_ros2_importer/urdf2webots/urdf2webots/importer.py to importer.cpython-310.pyc
[1.025s] byte-compiling /home/emannavarro/slam-kalman-localization/install/webots_ros2_importer/lib/python3.10/site-packages/webots_ros2_importer/urdf2webots/urdf2webots/writeRobot.py to writeRobot.cpython-310.pyc
[1.030s] byte-compiling /home/emannavarro/slam-kalman-localization/install/webots_ros2_importer/lib/python3.10/site-packages/webots_ros2_importer/urdf2webots/urdf2webots/parserURDF.py to parserURDF.cpython-310.pyc
[1.036s] byte-compiling /home/emannavarro/slam-kalman-localization/install/webots_ros2_importer/lib/python3.10/site-packages/webots_ros2_importer/urdf2proto.py to urdf2proto.cpython-310.pyc
[1.036s] running install_data
[1.036s] creating /home/emannavarro/slam-kalman-localization/install/webots_ros2_importer/share/ament_index
[1.037s] creating /home/emannavarro/slam-kalman-localization/install/webots_ros2_importer/share/ament_index/resource_index
[1.037s] creating /home/emannavarro/slam-kalman-localization/install/webots_ros2_importer/share/ament_index/resource_index/packages
[1.037s] copying resource/webots_ros2_importer -> /home/emannavarro/slam-kalman-localization/install/webots_ros2_importer/share/ament_index/resource_index/packages
[1.037s] copying package.xml -> /home/emannavarro/slam-kalman-localization/install/webots_ros2_importer/share/webots_ros2_importer
[1.037s] running install_egg_info
[1.039s] Copying ../../../build/webots_ros2_importer/webots_ros2_importer.egg-info to /home/emannavarro/slam-kalman-localization/install/webots_ros2_importer/lib/python3.10/site-packages/webots_ros2_importer-2023.1.3-py3.10.egg-info
[1.040s] running install_scripts
[1.058s] Installing urdf2proto script to /home/emannavarro/slam-kalman-localization/install/webots_ros2_importer/lib/webots_ros2_importer
[1.058s] Installing xacro2proto script to /home/emannavarro/slam-kalman-localization/install/webots_ros2_importer/lib/webots_ros2_importer
[1.059s] writing list of installed files to '/home/emannavarro/slam-kalman-localization/build/webots_ros2_importer/install.log'
[1.082s] Invoked command in '/home/emannavarro/slam-kalman-localization/src/webots_ros2/webots_ros2_importer' returned '0': PYTHONPATH=/home/emannavarro/slam-kalman-localization/build/webots_ros2_importer/prefix_override:/usr/lib/python3/dist-packages/colcon_core/task/python/colcon_distutils_commands:/home/emannavarro/slam-kalman-localization/install/webots_ros2_importer/lib/python3.10/site-packages:${PYTHONPATH} /usr/bin/python3 -W ignore:setup.py install is deprecated setup.py egg_info --egg-base ../../../build/webots_ros2_importer build --build-base /home/emannavarro/slam-kalman-localization/build/webots_ros2_importer/build install --record /home/emannavarro/slam-kalman-localization/build/webots_ros2_importer/install.log --single-version-externally-managed install_data
