running egg_info
creating ../../../build/webots_ros2_tesla/webots_ros2_tesla.egg-info
writing ../../../build/webots_ros2_tesla/webots_ros2_tesla.egg-info/PKG-INFO
writing dependency_links to ../../../build/webots_ros2_tesla/webots_ros2_tesla.egg-info/dependency_links.txt
writing entry points to ../../../build/webots_ros2_tesla/webots_ros2_tesla.egg-info/entry_points.txt
writing requirements to ../../../build/webots_ros2_tesla/webots_ros2_tesla.egg-info/requires.txt
writing top-level names to ../../../build/webots_ros2_tesla/webots_ros2_tesla.egg-info/top_level.txt
writing manifest file '../../../build/webots_ros2_tesla/webots_ros2_tesla.egg-info/SOURCES.txt'
reading manifest file '../../../build/webots_ros2_tesla/webots_ros2_tesla.egg-info/SOURCES.txt'
writing manifest file '../../../build/webots_ros2_tesla/webots_ros2_tesla.egg-info/SOURCES.txt'
running build
running build_py
creating /home/emannavarro/slam-kalman-localization/build/webots_ros2_tesla/build
creating /home/emannavarro/slam-kalman-localization/build/webots_ros2_tesla/build/lib
creating /home/emannavarro/slam-kalman-localization/build/webots_ros2_tesla/build/lib/webots_ros2_tesla
copying webots_ros2_tesla/tesla_driver.py -> /home/emannavarro/slam-kalman-localization/build/webots_ros2_tesla/build/lib/webots_ros2_tesla
copying webots_ros2_tesla/__init__.py -> /home/emannavarro/slam-kalman-localization/build/webots_ros2_tesla/build/lib/webots_ros2_tesla
copying webots_ros2_tesla/lane_follower.py -> /home/emannavarro/slam-kalman-localization/build/webots_ros2_tesla/build/lib/webots_ros2_tesla
running install
running install_lib
creating /home/emannavarro/slam-kalman-localization/install/webots_ros2_tesla/lib/python3.10/site-packages/webots_ros2_tesla
copying /home/emannavarro/slam-kalman-localization/build/webots_ros2_tesla/build/lib/webots_ros2_tesla/tesla_driver.py -> /home/emannavarro/slam-kalman-localization/install/webots_ros2_tesla/lib/python3.10/site-packages/webots_ros2_tesla
copying /home/emannavarro/slam-kalman-localization/build/webots_ros2_tesla/build/lib/webots_ros2_tesla/__init__.py -> /home/emannavarro/slam-kalman-localization/install/webots_ros2_tesla/lib/python3.10/site-packages/webots_ros2_tesla
copying /home/emannavarro/slam-kalman-localization/build/webots_ros2_tesla/build/lib/webots_ros2_tesla/lane_follower.py -> /home/emannavarro/slam-kalman-localization/install/webots_ros2_tesla/lib/python3.10/site-packages/webots_ros2_tesla
byte-compiling /home/emannavarro/slam-kalman-localization/install/webots_ros2_tesla/lib/python3.10/site-packages/webots_ros2_tesla/tesla_driver.py to tesla_driver.cpython-310.pyc
byte-compiling /home/emannavarro/slam-kalman-localization/install/webots_ros2_tesla/lib/python3.10/site-packages/webots_ros2_tesla/__init__.py to __init__.cpython-310.pyc
byte-compiling /home/emannavarro/slam-kalman-localization/install/webots_ros2_tesla/lib/python3.10/site-packages/webots_ros2_tesla/lane_follower.py to lane_follower.cpython-310.pyc
running install_data
creating /home/emannavarro/slam-kalman-localization/install/webots_ros2_tesla/share/ament_index
creating /home/emannavarro/slam-kalman-localization/install/webots_ros2_tesla/share/ament_index/resource_index
creating /home/emannavarro/slam-kalman-localization/install/webots_ros2_tesla/share/ament_index/resource_index/packages
copying resource/webots_ros2_tesla -> /home/emannavarro/slam-kalman-localization/install/webots_ros2_tesla/share/ament_index/resource_index/packages
creating /home/emannavarro/slam-kalman-localization/install/webots_ros2_tesla/share/webots_ros2_tesla/launch
copying launch/robot_launch.py -> /home/emannavarro/slam-kalman-localization/install/webots_ros2_tesla/share/webots_ros2_tesla/launch
creating /home/emannavarro/slam-kalman-localization/install/webots_ros2_tesla/share/webots_ros2_tesla/worlds
copying worlds/tesla_world.wbt -> /home/emannavarro/slam-kalman-localization/install/webots_ros2_tesla/share/webots_ros2_tesla/worlds
copying worlds/.tesla_world.wbproj -> /home/emannavarro/slam-kalman-localization/install/webots_ros2_tesla/share/webots_ros2_tesla/worlds
creating /home/emannavarro/slam-kalman-localization/install/webots_ros2_tesla/share/webots_ros2_tesla/resource
copying resource/tesla_webots.urdf -> /home/emannavarro/slam-kalman-localization/install/webots_ros2_tesla/share/webots_ros2_tesla/resource
copying package.xml -> /home/emannavarro/slam-kalman-localization/install/webots_ros2_tesla/share/webots_ros2_tesla
running install_egg_info
Copying ../../../build/webots_ros2_tesla/webots_ros2_tesla.egg-info to /home/emannavarro/slam-kalman-localization/install/webots_ros2_tesla/lib/python3.10/site-packages/webots_ros2_tesla-2023.1.3-py3.10.egg-info
running install_scripts
Installing lane_follower script to /home/emannavarro/slam-kalman-localization/install/webots_ros2_tesla/lib/webots_ros2_tesla
writing list of installed files to '/home/emannavarro/slam-kalman-localization/build/webots_ros2_tesla/install.log'
