[1.388s] Invoking command in '/home/emannavarro/slam-kalman-localization/src/webots_ros2/webots_ros2_tesla': AMENT_PREFIX_PATH=/home/emannavarro/slam-kalman-localization/install/webots_ros2_driver:/home/emannavarro/slam-kalman-localization/install/webots_ros2_msgs:/home/emannavarro/slam-kalman-localization/install/webots_ros2_importer:${AMENT_PREFIX_PATH} CMAKE_PREFIX_PATH=/home/emannavarro/slam-kalman-localization/install/webots_ros2_driver:/home/emannavarro/slam-kalman-localization/install/webots_ros2_msgs LD_LIBRARY_PATH=/home/emannavarro/slam-kalman-localization/install/webots_ros2_driver/lib:/home/emannavarro/slam-kalman-localization/install/webots_ros2_msgs/lib:${LD_LIBRARY_PATH} PYTHONPATH=/home/emannavarro/slam-kalman-localization/build/webots_ros2_tesla/prefix_override:/usr/lib/python3/dist-packages/colcon_core/task/python/colcon_distutils_commands:/home/emannavarro/slam-kalman-localization/install/webots_ros2_tesla/lib/python3.10/site-packages:/home/emannavarro/slam-kalman-localization/install/webots_ros2_driver/local/lib/python3.10/dist-packages:/home/emannavarro/slam-kalman-localization/install/webots_ros2_msgs/local/lib/python3.10/dist-packages:/home/emannavarro/slam-kalman-localization/install/webots_ros2_importer/lib/python3.10/site-packages:${PYTHONPATH} /usr/bin/python3 -W ignore:setup.py install is deprecated setup.py egg_info --egg-base ../../../build/webots_ros2_tesla build --build-base /home/emannavarro/slam-kalman-localization/build/webots_ros2_tesla/build install --record /home/emannavarro/slam-kalman-localization/build/webots_ros2_tesla/install.log --single-version-externally-managed install_data
[1.706s] running egg_info
[1.707s] creating ../../../build/webots_ros2_tesla/webots_ros2_tesla.egg-info
[1.707s] writing ../../../build/webots_ros2_tesla/webots_ros2_tesla.egg-info/PKG-INFO
[1.708s] writing dependency_links to ../../../build/webots_ros2_tesla/webots_ros2_tesla.egg-info/dependency_links.txt
[1.708s] writing entry points to ../../../build/webots_ros2_tesla/webots_ros2_tesla.egg-info/entry_points.txt
[1.708s] writing requirements to ../../../build/webots_ros2_tesla/webots_ros2_tesla.egg-info/requires.txt
[1.708s] writing top-level names to ../../../build/webots_ros2_tesla/webots_ros2_tesla.egg-info/top_level.txt
[1.708s] writing manifest file '../../../build/webots_ros2_tesla/webots_ros2_tesla.egg-info/SOURCES.txt'
[1.710s] reading manifest file '../../../build/webots_ros2_tesla/webots_ros2_tesla.egg-info/SOURCES.txt'
[1.711s] writing manifest file '../../../build/webots_ros2_tesla/webots_ros2_tesla.egg-info/SOURCES.txt'
[1.711s] running build
[1.711s] running build_py
[1.711s] creating /home/emannavarro/slam-kalman-localization/build/webots_ros2_tesla/build
[1.711s] creating /home/emannavarro/slam-kalman-localization/build/webots_ros2_tesla/build/lib
[1.712s] creating /home/emannavarro/slam-kalman-localization/build/webots_ros2_tesla/build/lib/webots_ros2_tesla
[1.712s] copying webots_ros2_tesla/tesla_driver.py -> /home/emannavarro/slam-kalman-localization/build/webots_ros2_tesla/build/lib/webots_ros2_tesla
[1.712s] copying webots_ros2_tesla/__init__.py -> /home/emannavarro/slam-kalman-localization/build/webots_ros2_tesla/build/lib/webots_ros2_tesla
[1.712s] copying webots_ros2_tesla/lane_follower.py -> /home/emannavarro/slam-kalman-localization/build/webots_ros2_tesla/build/lib/webots_ros2_tesla
[1.712s] running install
[1.713s] running install_lib
[1.714s] creating /home/emannavarro/slam-kalman-localization/install/webots_ros2_tesla/lib/python3.10/site-packages/webots_ros2_tesla
[1.714s] copying /home/emannavarro/slam-kalman-localization/build/webots_ros2_tesla/build/lib/webots_ros2_tesla/tesla_driver.py -> /home/emannavarro/slam-kalman-localization/install/webots_ros2_tesla/lib/python3.10/site-packages/webots_ros2_tesla
[1.714s] copying /home/emannavarro/slam-kalman-localization/build/webots_ros2_tesla/build/lib/webots_ros2_tesla/__init__.py -> /home/emannavarro/slam-kalman-localization/install/webots_ros2_tesla/lib/python3.10/site-packages/webots_ros2_tesla
[1.714s] copying /home/emannavarro/slam-kalman-localization/build/webots_ros2_tesla/build/lib/webots_ros2_tesla/lane_follower.py -> /home/emannavarro/slam-kalman-localization/install/webots_ros2_tesla/lib/python3.10/site-packages/webots_ros2_tesla
[1.715s] byte-compiling /home/emannavarro/slam-kalman-localization/install/webots_ros2_tesla/lib/python3.10/site-packages/webots_ros2_tesla/tesla_driver.py to tesla_driver.cpython-310.pyc
[1.715s] byte-compiling /home/emannavarro/slam-kalman-localization/install/webots_ros2_tesla/lib/python3.10/site-packages/webots_ros2_tesla/__init__.py to __init__.cpython-310.pyc
[1.716s] byte-compiling /home/emannavarro/slam-kalman-localization/install/webots_ros2_tesla/lib/python3.10/site-packages/webots_ros2_tesla/lane_follower.py to lane_follower.cpython-310.pyc
[1.716s] running install_data
[1.716s] creating /home/emannavarro/slam-kalman-localization/install/webots_ros2_tesla/share/ament_index
[1.716s] creating /home/emannavarro/slam-kalman-localization/install/webots_ros2_tesla/share/ament_index/resource_index
[1.717s] creating /home/emannavarro/slam-kalman-localization/install/webots_ros2_tesla/share/ament_index/resource_index/packages
[1.717s] copying resource/webots_ros2_tesla -> /home/emannavarro/slam-kalman-localization/install/webots_ros2_tesla/share/ament_index/resource_index/packages
[1.717s] creating /home/emannavarro/slam-kalman-localization/install/webots_ros2_tesla/share/webots_ros2_tesla/launch
[1.718s] copying launch/robot_launch.py -> /home/emannavarro/slam-kalman-localization/install/webots_ros2_tesla/share/webots_ros2_tesla/launch
[1.718s] creating /home/emannavarro/slam-kalman-localization/install/webots_ros2_tesla/share/webots_ros2_tesla/worlds
[1.718s] copying worlds/tesla_world.wbt -> /home/emannavarro/slam-kalman-localization/install/webots_ros2_tesla/share/webots_ros2_tesla/worlds
[1.719s] copying worlds/.tesla_world.wbproj -> /home/emannavarro/slam-kalman-localization/install/webots_ros2_tesla/share/webots_ros2_tesla/worlds
[1.719s] creating /home/emannavarro/slam-kalman-localization/install/webots_ros2_tesla/share/webots_ros2_tesla/resource
[1.719s] copying resource/tesla_webots.urdf -> /home/emannavarro/slam-kalman-localization/install/webots_ros2_tesla/share/webots_ros2_tesla/resource
[1.719s] copying package.xml -> /home/emannavarro/slam-kalman-localization/install/webots_ros2_tesla/share/webots_ros2_tesla
[1.719s] running install_egg_info
[1.721s] Copying ../../../build/webots_ros2_tesla/webots_ros2_tesla.egg-info to /home/emannavarro/slam-kalman-localization/install/webots_ros2_tesla/lib/python3.10/site-packages/webots_ros2_tesla-2023.1.3-py3.10.egg-info
[1.722s] running install_scripts
[1.747s] Installing lane_follower script to /home/emannavarro/slam-kalman-localization/install/webots_ros2_tesla/lib/webots_ros2_tesla
[1.747s] writing list of installed files to '/home/emannavarro/slam-kalman-localization/build/webots_ros2_tesla/install.log'
[1.778s] Invoked command in '/home/emannavarro/slam-kalman-localization/src/webots_ros2/webots_ros2_tesla' returned '0': AMENT_PREFIX_PATH=/home/emannavarro/slam-kalman-localization/install/webots_ros2_driver:/home/emannavarro/slam-kalman-localization/install/webots_ros2_msgs:/home/emannavarro/slam-kalman-localization/install/webots_ros2_importer:${AMENT_PREFIX_PATH} CMAKE_PREFIX_PATH=/home/emannavarro/slam-kalman-localization/install/webots_ros2_driver:/home/emannavarro/slam-kalman-localization/install/webots_ros2_msgs LD_LIBRARY_PATH=/home/emannavarro/slam-kalman-localization/install/webots_ros2_driver/lib:/home/emannavarro/slam-kalman-localization/install/webots_ros2_msgs/lib:${LD_LIBRARY_PATH} PYTHONPATH=/home/emannavarro/slam-kalman-localization/build/webots_ros2_tesla/prefix_override:/usr/lib/python3/dist-packages/colcon_core/task/python/colcon_distutils_commands:/home/emannavarro/slam-kalman-localization/install/webots_ros2_tesla/lib/python3.10/site-packages:/home/emannavarro/slam-kalman-localization/install/webots_ros2_driver/local/lib/python3.10/dist-packages:/home/emannavarro/slam-kalman-localization/install/webots_ros2_msgs/local/lib/python3.10/dist-packages:/home/emannavarro/slam-kalman-localization/install/webots_ros2_importer/lib/python3.10/site-packages:${PYTHONPATH} /usr/bin/python3 -W ignore:setup.py install is deprecated setup.py egg_info --egg-base ../../../build/webots_ros2_tesla build --build-base /home/emannavarro/slam-kalman-localization/build/webots_ros2_tesla/build install --record /home/emannavarro/slam-kalman-localization/build/webots_ros2_tesla/install.log --single-version-externally-managed install_data
