[2.514s] Invoking command in '/home/emannavarro/slam-kalman-localization/src/webots_ros2/webots_ros2_universal_robot': AMENT_PREFIX_PATH=/home/emannavarro/slam-kalman-localization/install/webots_ros2_control:/home/emannavarro/slam-kalman-localization/install/webots_ros2_driver:/home/emannavarro/slam-kalman-localization/install/webots_ros2_msgs:/home/emannavarro/slam-kalman-localization/install/webots_ros2_importer:${AMENT_PREFIX_PATH} CMAKE_PREFIX_PATH=/home/emannavarro/slam-kalman-localization/install/webots_ros2_control:/home/emannavarro/slam-kalman-localization/install/webots_ros2_driver:/home/emannavarro/slam-kalman-localization/install/webots_ros2_msgs LD_LIBRARY_PATH=/home/emannavarro/slam-kalman-localization/install/webots_ros2_control/lib:/home/emannavarro/slam-kalman-localization/install/webots_ros2_driver/lib:/home/emannavarro/slam-kalman-localization/install/webots_ros2_msgs/lib:${LD_LIBRARY_PATH} PYTHONPATH=/home/emannavarro/slam-kalman-localization/build/webots_ros2_universal_robot/prefix_override:/usr/lib/python3/dist-packages/colcon_core/task/python/colcon_distutils_commands:/home/emannavarro/slam-kalman-localization/install/webots_ros2_universal_robot/lib/python3.10/site-packages:/home/emannavarro/slam-kalman-localization/install/webots_ros2_driver/local/lib/python3.10/dist-packages:/home/emannavarro/slam-kalman-localization/install/webots_ros2_msgs/local/lib/python3.10/dist-packages:/home/emannavarro/slam-kalman-localization/install/webots_ros2_importer/lib/python3.10/site-packages:${PYTHONPATH} /usr/bin/python3 -W ignore:setup.py install is deprecated setup.py egg_info --egg-base ../../../build/webots_ros2_universal_robot build --build-base /home/emannavarro/slam-kalman-localization/build/webots_ros2_universal_robot/build install --record /home/emannavarro/slam-kalman-localization/build/webots_ros2_universal_robot/install.log --single-version-externally-managed install_data
[2.777s] running egg_info
[2.777s] creating ../../../build/webots_ros2_universal_robot/webots_ros2_universal_robot.egg-info
[2.778s] writing ../../../build/webots_ros2_universal_robot/webots_ros2_universal_robot.egg-info/PKG-INFO
[2.778s] writing dependency_links to ../../../build/webots_ros2_universal_robot/webots_ros2_universal_robot.egg-info/dependency_links.txt
[2.778s] writing entry points to ../../../build/webots_ros2_universal_robot/webots_ros2_universal_robot.egg-info/entry_points.txt
[2.779s] writing requirements to ../../../build/webots_ros2_universal_robot/webots_ros2_universal_robot.egg-info/requires.txt
[2.779s] writing top-level names to ../../../build/webots_ros2_universal_robot/webots_ros2_universal_robot.egg-info/top_level.txt
[2.779s] writing manifest file '../../../build/webots_ros2_universal_robot/webots_ros2_universal_robot.egg-info/SOURCES.txt'
[2.781s] reading manifest file '../../../build/webots_ros2_universal_robot/webots_ros2_universal_robot.egg-info/SOURCES.txt'
[2.782s] writing manifest file '../../../build/webots_ros2_universal_robot/webots_ros2_universal_robot.egg-info/SOURCES.txt'
[2.783s] running build
[2.783s] running build_py
[2.783s] creating /home/emannavarro/slam-kalman-localization/build/webots_ros2_universal_robot/build
[2.783s] creating /home/emannavarro/slam-kalman-localization/build/webots_ros2_universal_robot/build/lib
[2.784s] creating /home/emannavarro/slam-kalman-localization/build/webots_ros2_universal_robot/build/lib/webots_ros2_universal_robot
[2.784s] copying webots_ros2_universal_robot/ur5e_controller.py -> /home/emannavarro/slam-kalman-localization/build/webots_ros2_universal_robot/build/lib/webots_ros2_universal_robot
[2.784s] copying webots_ros2_universal_robot/abb_controller.py -> /home/emannavarro/slam-kalman-localization/build/webots_ros2_universal_robot/build/lib/webots_ros2_universal_robot
[2.784s] copying webots_ros2_universal_robot/follow_joint_trajectory_client.py -> /home/emannavarro/slam-kalman-localization/build/webots_ros2_universal_robot/build/lib/webots_ros2_universal_robot
[2.784s] copying webots_ros2_universal_robot/__init__.py -> /home/emannavarro/slam-kalman-localization/build/webots_ros2_universal_robot/build/lib/webots_ros2_universal_robot
[2.785s] running install
[2.785s] running install_lib
[2.785s] creating /home/emannavarro/slam-kalman-localization/install/webots_ros2_universal_robot/lib/python3.10/site-packages/webots_ros2_universal_robot
[2.786s] copying /home/emannavarro/slam-kalman-localization/build/webots_ros2_universal_robot/build/lib/webots_ros2_universal_robot/ur5e_controller.py -> /home/emannavarro/slam-kalman-localization/install/webots_ros2_universal_robot/lib/python3.10/site-packages/webots_ros2_universal_robot
[2.786s] copying /home/emannavarro/slam-kalman-localization/build/webots_ros2_universal_robot/build/lib/webots_ros2_universal_robot/abb_controller.py -> /home/emannavarro/slam-kalman-localization/install/webots_ros2_universal_robot/lib/python3.10/site-packages/webots_ros2_universal_robot
[2.786s] copying /home/emannavarro/slam-kalman-localization/build/webots_ros2_universal_robot/build/lib/webots_ros2_universal_robot/follow_joint_trajectory_client.py -> /home/emannavarro/slam-kalman-localization/install/webots_ros2_universal_robot/lib/python3.10/site-packages/webots_ros2_universal_robot
[2.786s] copying /home/emannavarro/slam-kalman-localization/build/webots_ros2_universal_robot/build/lib/webots_ros2_universal_robot/__init__.py -> /home/emannavarro/slam-kalman-localization/install/webots_ros2_universal_robot/lib/python3.10/site-packages/webots_ros2_universal_robot
[2.787s] byte-compiling /home/emannavarro/slam-kalman-localization/install/webots_ros2_universal_robot/lib/python3.10/site-packages/webots_ros2_universal_robot/ur5e_controller.py to ur5e_controller.cpython-310.pyc
[2.788s] byte-compiling /home/emannavarro/slam-kalman-localization/install/webots_ros2_universal_robot/lib/python3.10/site-packages/webots_ros2_universal_robot/abb_controller.py to abb_controller.cpython-310.pyc
[2.788s] byte-compiling /home/emannavarro/slam-kalman-localization/install/webots_ros2_universal_robot/lib/python3.10/site-packages/webots_ros2_universal_robot/follow_joint_trajectory_client.py to follow_joint_trajectory_client.cpython-310.pyc
[2.789s] byte-compiling /home/emannavarro/slam-kalman-localization/install/webots_ros2_universal_robot/lib/python3.10/site-packages/webots_ros2_universal_robot/__init__.py to __init__.cpython-310.pyc
[2.789s] running install_data
[2.789s] creating /home/emannavarro/slam-kalman-localization/install/webots_ros2_universal_robot/share/ament_index
[2.789s] creating /home/emannavarro/slam-kalman-localization/install/webots_ros2_universal_robot/share/ament_index/resource_index
[2.789s] creating /home/emannavarro/slam-kalman-localization/install/webots_ros2_universal_robot/share/ament_index/resource_index/packages
[2.790s] copying resource/webots_ros2_universal_robot -> /home/emannavarro/slam-kalman-localization/install/webots_ros2_universal_robot/share/ament_index/resource_index/packages
[2.790s] creating /home/emannavarro/slam-kalman-localization/install/webots_ros2_universal_robot/share/webots_ros2_universal_robot/launch
[2.790s] copying launch/robot_launch/robot_nodes_launch.py -> /home/emannavarro/slam-kalman-localization/install/webots_ros2_universal_robot/share/webots_ros2_universal_robot/launch
[2.790s] copying launch/robot_launch/robot_world_launch.py -> /home/emannavarro/slam-kalman-localization/install/webots_ros2_universal_robot/share/webots_ros2_universal_robot/launch
[2.790s] copying launch/robot_launch/robot_moveit_nodes_launch.py -> /home/emannavarro/slam-kalman-localization/install/webots_ros2_universal_robot/share/webots_ros2_universal_robot/launch
[2.791s] copying launch/multirobot_launch.py -> /home/emannavarro/slam-kalman-localization/install/webots_ros2_universal_robot/share/webots_ros2_universal_robot/launch
[2.791s] creating /home/emannavarro/slam-kalman-localization/install/webots_ros2_universal_robot/share/webots_ros2_universal_robot/worlds
[2.791s] copying worlds/universal_robot.wbt -> /home/emannavarro/slam-kalman-localization/install/webots_ros2_universal_robot/share/webots_ros2_universal_robot/worlds
[2.791s] copying worlds/.universal_robot.wbproj -> /home/emannavarro/slam-kalman-localization/install/webots_ros2_universal_robot/share/webots_ros2_universal_robot/worlds
[2.791s] copying worlds/robotic_arms.wbt -> /home/emannavarro/slam-kalman-localization/install/webots_ros2_universal_robot/share/webots_ros2_universal_robot/worlds
[2.792s] copying worlds/.robotic_arms.wbproj -> /home/emannavarro/slam-kalman-localization/install/webots_ros2_universal_robot/share/webots_ros2_universal_robot/worlds
[2.792s] copying package.xml -> /home/emannavarro/slam-kalman-localization/install/webots_ros2_universal_robot/share/webots_ros2_universal_robot
[2.792s] creating /home/emannavarro/slam-kalman-localization/install/webots_ros2_universal_robot/share/webots_ros2_universal_robot/resource
[2.792s] copying resource/moveit_movegroup.yaml -> /home/emannavarro/slam-kalman-localization/install/webots_ros2_universal_robot/share/webots_ros2_universal_robot/resource
[2.792s] copying resource/moveit_ur5e.srdf -> /home/emannavarro/slam-kalman-localization/install/webots_ros2_universal_robot/share/webots_ros2_universal_robot/resource
[2.793s] copying resource/ros2_control_config.yaml -> /home/emannavarro/slam-kalman-localization/install/webots_ros2_universal_robot/share/webots_ros2_universal_robot/resource
[2.793s] copying resource/ros2_control_abb_config.yaml -> /home/emannavarro/slam-kalman-localization/install/webots_ros2_universal_robot/share/webots_ros2_universal_robot/resource
[2.793s] copying resource/moveit_visualization.rviz -> /home/emannavarro/slam-kalman-localization/install/webots_ros2_universal_robot/share/webots_ros2_universal_robot/resource
[2.793s] copying resource/moveit_controllers.yaml -> /home/emannavarro/slam-kalman-localization/install/webots_ros2_universal_robot/share/webots_ros2_universal_robot/resource
[2.793s] copying resource/ur5e_with_gripper.urdf.xacro -> /home/emannavarro/slam-kalman-localization/install/webots_ros2_universal_robot/share/webots_ros2_universal_robot/resource
[2.794s] copying resource/moveit_kinematics.yaml -> /home/emannavarro/slam-kalman-localization/install/webots_ros2_universal_robot/share/webots_ros2_universal_robot/resource
[2.794s] copying resource/webots_abb_description.urdf -> /home/emannavarro/slam-kalman-localization/install/webots_ros2_universal_robot/share/webots_ros2_universal_robot/resource
[2.794s] copying resource/ur5e_with_gripper.urdf -> /home/emannavarro/slam-kalman-localization/install/webots_ros2_universal_robot/share/webots_ros2_universal_robot/resource
[2.794s] creating /home/emannavarro/slam-kalman-localization/install/webots_ros2_universal_robot/share/webots_ros2_universal_robot/resource/robotiq
[2.794s] creating /home/emannavarro/slam-kalman-localization/install/webots_ros2_universal_robot/share/webots_ros2_universal_robot/resource/robotiq/robotiq_3f_gripper_visualization
[2.794s] creating /home/emannavarro/slam-kalman-localization/install/webots_ros2_universal_robot/share/webots_ros2_universal_robot/resource/robotiq/robotiq_3f_gripper_visualization/meshes
[2.795s] creating /home/emannavarro/slam-kalman-localization/install/webots_ros2_universal_robot/share/webots_ros2_universal_robot/resource/robotiq/robotiq_3f_gripper_visualization/meshes/robotiq-3f-gripper_articulated
[2.795s] creating /home/emannavarro/slam-kalman-localization/install/webots_ros2_universal_robot/share/webots_ros2_universal_robot/resource/robotiq/robotiq_3f_gripper_visualization/meshes/robotiq-3f-gripper_articulated/collision
[2.795s] copying resource/robotiq/robotiq_3f_gripper_visualization/meshes/robotiq-3f-gripper_articulated/collision/link_0.STL -> /home/emannavarro/slam-kalman-localization/install/webots_ros2_universal_robot/share/webots_ros2_universal_robot/resource/robotiq/robotiq_3f_gripper_visualization/meshes/robotiq-3f-gripper_articulated/collision
[2.795s] copying resource/robotiq/robotiq_3f_gripper_visualization/meshes/robotiq-3f-gripper_articulated/collision/link_3.STL -> /home/emannavarro/slam-kalman-localization/install/webots_ros2_universal_robot/share/webots_ros2_universal_robot/resource/robotiq/robotiq_3f_gripper_visualization/meshes/robotiq-3f-gripper_articulated/collision
[2.795s] copying resource/robotiq/robotiq_3f_gripper_visualization/meshes/robotiq-3f-gripper_articulated/collision/link_1.STL -> /home/emannavarro/slam-kalman-localization/install/webots_ros2_universal_robot/share/webots_ros2_universal_robot/resource/robotiq/robotiq_3f_gripper_visualization/meshes/robotiq-3f-gripper_articulated/collision
[2.795s] copying resource/robotiq/robotiq_3f_gripper_visualization/meshes/robotiq-3f-gripper_articulated/collision/link_2.STL -> /home/emannavarro/slam-kalman-localization/install/webots_ros2_universal_robot/share/webots_ros2_universal_robot/resource/robotiq/robotiq_3f_gripper_visualization/meshes/robotiq-3f-gripper_articulated/collision
[2.795s] copying resource/robotiq/robotiq_3f_gripper_visualization/meshes/robotiq-3f-gripper_articulated/collision/palm.STL -> /home/emannavarro/slam-kalman-localization/install/webots_ros2_universal_robot/share/webots_ros2_universal_robot/resource/robotiq/robotiq_3f_gripper_visualization/meshes/robotiq-3f-gripper_articulated/collision
[2.795s] creating /home/emannavarro/slam-kalman-localization/install/webots_ros2_universal_robot/share/webots_ros2_universal_robot/resource/robotiq/robotiq_3f_gripper_visualization/meshes/robotiq-3f-gripper_articulated/visual
[2.795s] copying resource/robotiq/robotiq_3f_gripper_visualization/meshes/robotiq-3f-gripper_articulated/visual/link_3.dae -> /home/emannavarro/slam-kalman-localization/install/webots_ros2_universal_robot/share/webots_ros2_universal_robot/resource/robotiq/robotiq_3f_gripper_visualization/meshes/robotiq-3f-gripper_articulated/visual
[2.795s] copying resource/robotiq/robotiq_3f_gripper_visualization/meshes/robotiq-3f-gripper_articulated/visual/palm.dae -> /home/emannavarro/slam-kalman-localization/install/webots_ros2_universal_robot/share/webots_ros2_universal_robot/resource/robotiq/robotiq_3f_gripper_visualization/meshes/robotiq-3f-gripper_articulated/visual
[2.796s] copying resource/robotiq/robotiq_3f_gripper_visualization/meshes/robotiq-3f-gripper_articulated/visual/link_1.dae -> /home/emannavarro/slam-kalman-localization/install/webots_ros2_universal_robot/share/webots_ros2_universal_robot/resource/robotiq/robotiq_3f_gripper_visualization/meshes/robotiq-3f-gripper_articulated/visual
[2.796s] copying resource/robotiq/robotiq_3f_gripper_visualization/meshes/robotiq-3f-gripper_articulated/visual/link_0.dae -> /home/emannavarro/slam-kalman-localization/install/webots_ros2_universal_robot/share/webots_ros2_universal_robot/resource/robotiq/robotiq_3f_gripper_visualization/meshes/robotiq-3f-gripper_articulated/visual
[2.796s] copying resource/robotiq/robotiq_3f_gripper_visualization/meshes/robotiq-3f-gripper_articulated/visual/link_2.dae -> /home/emannavarro/slam-kalman-localization/install/webots_ros2_universal_robot/share/webots_ros2_universal_robot/resource/robotiq/robotiq_3f_gripper_visualization/meshes/robotiq-3f-gripper_articulated/visual
[2.797s] creating /home/emannavarro/slam-kalman-localization/install/webots_ros2_universal_robot/share/webots_ros2_universal_robot/resource/robotiq/robotiq_3f_gripper_visualization/cfg
[2.797s] copying resource/robotiq/robotiq_3f_gripper_visualization/cfg/robotiq-3f-gripper_articulated_macro.xacro -> /home/emannavarro/slam-kalman-localization/install/webots_ros2_universal_robot/share/webots_ros2_universal_robot/resource/robotiq/robotiq_3f_gripper_visualization/cfg
[2.797s] copying resource/robotiq/robotiq_3f_gripper_visualization/cfg/robotiq-3f-gripper_finger_articulated_macro.xacro -> /home/emannavarro/slam-kalman-localization/install/webots_ros2_universal_robot/share/webots_ros2_universal_robot/resource/robotiq/robotiq_3f_gripper_visualization/cfg
[2.797s] creating /home/emannavarro/slam-kalman-localization/install/webots_ros2_universal_robot/share/webots_ros2_universal_robot/resource/Universal_Robots_ROS2_Driver
[2.797s] creating /home/emannavarro/slam-kalman-localization/install/webots_ros2_universal_robot/share/webots_ros2_universal_robot/resource/Universal_Robots_ROS2_Driver/ur_description
[2.798s] creating /home/emannavarro/slam-kalman-localization/install/webots_ros2_universal_robot/share/webots_ros2_universal_robot/resource/Universal_Robots_ROS2_Driver/ur_description/meshes
[2.798s] creating /home/emannavarro/slam-kalman-localization/install/webots_ros2_universal_robot/share/webots_ros2_universal_robot/resource/Universal_Robots_ROS2_Driver/ur_description/meshes/ur5e
[2.798s] creating /home/emannavarro/slam-kalman-localization/install/webots_ros2_universal_robot/share/webots_ros2_universal_robot/resource/Universal_Robots_ROS2_Driver/ur_description/meshes/ur5e/collision
[2.798s] copying resource/Universal_Robots_ROS2_Driver/ur_description/meshes/ur5e/collision/base.stl -> /home/emannavarro/slam-kalman-localization/install/webots_ros2_universal_robot/share/webots_ros2_universal_robot/resource/Universal_Robots_ROS2_Driver/ur_description/meshes/ur5e/collision
[2.798s] copying resource/Universal_Robots_ROS2_Driver/ur_description/meshes/ur5e/collision/wrist1.stl -> /home/emannavarro/slam-kalman-localization/install/webots_ros2_universal_robot/share/webots_ros2_universal_robot/resource/Universal_Robots_ROS2_Driver/ur_description/meshes/ur5e/collision
[2.799s] copying resource/Universal_Robots_ROS2_Driver/ur_description/meshes/ur5e/collision/wrist3.stl -> /home/emannavarro/slam-kalman-localization/install/webots_ros2_universal_robot/share/webots_ros2_universal_robot/resource/Universal_Robots_ROS2_Driver/ur_description/meshes/ur5e/collision
[2.799s] copying resource/Universal_Robots_ROS2_Driver/ur_description/meshes/ur5e/collision/upperarm.stl -> /home/emannavarro/slam-kalman-localization/install/webots_ros2_universal_robot/share/webots_ros2_universal_robot/resource/Universal_Robots_ROS2_Driver/ur_description/meshes/ur5e/collision
[2.799s] copying resource/Universal_Robots_ROS2_Driver/ur_description/meshes/ur5e/collision/wrist2.stl -> /home/emannavarro/slam-kalman-localization/install/webots_ros2_universal_robot/share/webots_ros2_universal_robot/resource/Universal_Robots_ROS2_Driver/ur_description/meshes/ur5e/collision
[2.799s] copying resource/Universal_Robots_ROS2_Driver/ur_description/meshes/ur5e/collision/shoulder.stl -> /home/emannavarro/slam-kalman-localization/install/webots_ros2_universal_robot/share/webots_ros2_universal_robot/resource/Universal_Robots_ROS2_Driver/ur_description/meshes/ur5e/collision
[2.799s] copying resource/Universal_Robots_ROS2_Driver/ur_description/meshes/ur5e/collision/forearm.stl -> /home/emannavarro/slam-kalman-localization/install/webots_ros2_universal_robot/share/webots_ros2_universal_robot/resource/Universal_Robots_ROS2_Driver/ur_description/meshes/ur5e/collision
[2.799s] creating /home/emannavarro/slam-kalman-localization/install/webots_ros2_universal_robot/share/webots_ros2_universal_robot/resource/Universal_Robots_ROS2_Driver/ur_description/meshes/ur5e/visual
[2.800s] copying resource/Universal_Robots_ROS2_Driver/ur_description/meshes/ur5e/visual/base.dae -> /home/emannavarro/slam-kalman-localization/install/webots_ros2_universal_robot/share/webots_ros2_universal_robot/resource/Universal_Robots_ROS2_Driver/ur_description/meshes/ur5e/visual
[2.800s] copying resource/Universal_Robots_ROS2_Driver/ur_description/meshes/ur5e/visual/wrist2.dae -> /home/emannavarro/slam-kalman-localization/install/webots_ros2_universal_robot/share/webots_ros2_universal_robot/resource/Universal_Robots_ROS2_Driver/ur_description/meshes/ur5e/visual
[2.801s] copying resource/Universal_Robots_ROS2_Driver/ur_description/meshes/ur5e/visual/wrist1.dae -> /home/emannavarro/slam-kalman-localization/install/webots_ros2_universal_robot/share/webots_ros2_universal_robot/resource/Universal_Robots_ROS2_Driver/ur_description/meshes/ur5e/visual
[2.803s] copying resource/Universal_Robots_ROS2_Driver/ur_description/meshes/ur5e/visual/forearm.dae -> /home/emannavarro/slam-kalman-localization/install/webots_ros2_universal_robot/share/webots_ros2_universal_robot/resource/Universal_Robots_ROS2_Driver/ur_description/meshes/ur5e/visual
[2.804s] copying resource/Universal_Robots_ROS2_Driver/ur_description/meshes/ur5e/visual/upperarm.dae -> /home/emannavarro/slam-kalman-localization/install/webots_ros2_universal_robot/share/webots_ros2_universal_robot/resource/Universal_Robots_ROS2_Driver/ur_description/meshes/ur5e/visual
[2.806s] copying resource/Universal_Robots_ROS2_Driver/ur_description/meshes/ur5e/visual/shoulder.dae -> /home/emannavarro/slam-kalman-localization/install/webots_ros2_universal_robot/share/webots_ros2_universal_robot/resource/Universal_Robots_ROS2_Driver/ur_description/meshes/ur5e/visual
[2.808s] copying resource/Universal_Robots_ROS2_Driver/ur_description/meshes/ur5e/visual/wrist3.dae -> /home/emannavarro/slam-kalman-localization/install/webots_ros2_universal_robot/share/webots_ros2_universal_robot/resource/Universal_Robots_ROS2_Driver/ur_description/meshes/ur5e/visual
[2.808s] creating /home/emannavarro/slam-kalman-localization/install/webots_ros2_universal_robot/share/webots_ros2_universal_robot/resource/Universal_Robots_ROS2_Driver/ur_description/urdf
[2.808s] copying resource/Universal_Robots_ROS2_Driver/ur_description/urdf/ur_macro.xacro -> /home/emannavarro/slam-kalman-localization/install/webots_ros2_universal_robot/share/webots_ros2_universal_robot/resource/Universal_Robots_ROS2_Driver/ur_description/urdf
[2.808s] copying resource/Universal_Robots_ROS2_Driver/ur_description/urdf/ur.urdf.xacro -> /home/emannavarro/slam-kalman-localization/install/webots_ros2_universal_robot/share/webots_ros2_universal_robot/resource/Universal_Robots_ROS2_Driver/ur_description/urdf
[2.809s] copying resource/Universal_Robots_ROS2_Driver/ur_description/urdf/ur.ros2_control.xacro -> /home/emannavarro/slam-kalman-localization/install/webots_ros2_universal_robot/share/webots_ros2_universal_robot/resource/Universal_Robots_ROS2_Driver/ur_description/urdf
[2.809s] creating /home/emannavarro/slam-kalman-localization/install/webots_ros2_universal_robot/share/webots_ros2_universal_robot/resource/Universal_Robots_ROS2_Driver/ur_description/urdf/inc
[2.809s] copying resource/Universal_Robots_ROS2_Driver/ur_description/urdf/inc/ur_common.xacro -> /home/emannavarro/slam-kalman-localization/install/webots_ros2_universal_robot/share/webots_ros2_universal_robot/resource/Universal_Robots_ROS2_Driver/ur_description/urdf/inc
[2.809s] copying resource/Universal_Robots_ROS2_Driver/ur_description/urdf/inc/ur_transmissions.xacro -> /home/emannavarro/slam-kalman-localization/install/webots_ros2_universal_robot/share/webots_ros2_universal_robot/resource/Universal_Robots_ROS2_Driver/ur_description/urdf/inc
[2.809s] creating /home/emannavarro/slam-kalman-localization/install/webots_ros2_universal_robot/share/webots_ros2_universal_robot/resource/Universal_Robots_ROS2_Driver/ur_description/config
[2.810s] copying resource/Universal_Robots_ROS2_Driver/ur_description/config/initial_positions.yaml -> /home/emannavarro/slam-kalman-localization/install/webots_ros2_universal_robot/share/webots_ros2_universal_robot/resource/Universal_Robots_ROS2_Driver/ur_description/config
[2.810s] creating /home/emannavarro/slam-kalman-localization/install/webots_ros2_universal_robot/share/webots_ros2_universal_robot/resource/Universal_Robots_ROS2_Driver/ur_description/config/ur5e
[2.810s] copying resource/Universal_Robots_ROS2_Driver/ur_description/config/ur5e/joint_limits.yaml -> /home/emannavarro/slam-kalman-localization/install/webots_ros2_universal_robot/share/webots_ros2_universal_robot/resource/Universal_Robots_ROS2_Driver/ur_description/config/ur5e
[2.811s] copying resource/Universal_Robots_ROS2_Driver/ur_description/config/ur5e/physical_parameters.yaml -> /home/emannavarro/slam-kalman-localization/install/webots_ros2_universal_robot/share/webots_ros2_universal_robot/resource/Universal_Robots_ROS2_Driver/ur_description/config/ur5e
[2.811s] copying resource/Universal_Robots_ROS2_Driver/ur_description/config/ur5e/visual_parameters.yaml -> /home/emannavarro/slam-kalman-localization/install/webots_ros2_universal_robot/share/webots_ros2_universal_robot/resource/Universal_Robots_ROS2_Driver/ur_description/config/ur5e
[2.811s] copying resource/Universal_Robots_ROS2_Driver/ur_description/config/ur5e/default_kinematics.yaml -> /home/emannavarro/slam-kalman-localization/install/webots_ros2_universal_robot/share/webots_ros2_universal_robot/resource/Universal_Robots_ROS2_Driver/ur_description/config/ur5e
[2.811s] running install_egg_info
[2.812s] Copying ../../../build/webots_ros2_universal_robot/webots_ros2_universal_robot.egg-info to /home/emannavarro/slam-kalman-localization/install/webots_ros2_universal_robot/lib/python3.10/site-packages/webots_ros2_universal_robot-2023.1.3-py3.10.egg-info
[2.813s] running install_scripts
[2.833s] Installing abb_controller script to /home/emannavarro/slam-kalman-localization/install/webots_ros2_universal_robot/lib/webots_ros2_universal_robot
[2.834s] Installing ur5e_controller script to /home/emannavarro/slam-kalman-localization/install/webots_ros2_universal_robot/lib/webots_ros2_universal_robot
[2.834s] writing list of installed files to '/home/emannavarro/slam-kalman-localization/build/webots_ros2_universal_robot/install.log'
[2.865s] Invoked command in '/home/emannavarro/slam-kalman-localization/src/webots_ros2/webots_ros2_universal_robot' returned '0': AMENT_PREFIX_PATH=/home/emannavarro/slam-kalman-localization/install/webots_ros2_control:/home/emannavarro/slam-kalman-localization/install/webots_ros2_driver:/home/emannavarro/slam-kalman-localization/install/webots_ros2_msgs:/home/emannavarro/slam-kalman-localization/install/webots_ros2_importer:${AMENT_PREFIX_PATH} CMAKE_PREFIX_PATH=/home/emannavarro/slam-kalman-localization/install/webots_ros2_control:/home/emannavarro/slam-kalman-localization/install/webots_ros2_driver:/home/emannavarro/slam-kalman-localization/install/webots_ros2_msgs LD_LIBRARY_PATH=/home/emannavarro/slam-kalman-localization/install/webots_ros2_control/lib:/home/emannavarro/slam-kalman-localization/install/webots_ros2_driver/lib:/home/emannavarro/slam-kalman-localization/install/webots_ros2_msgs/lib:${LD_LIBRARY_PATH} PYTHONPATH=/home/emannavarro/slam-kalman-localization/build/webots_ros2_universal_robot/prefix_override:/usr/lib/python3/dist-packages/colcon_core/task/python/colcon_distutils_commands:/home/emannavarro/slam-kalman-localization/install/webots_ros2_universal_robot/lib/python3.10/site-packages:/home/emannavarro/slam-kalman-localization/install/webots_ros2_driver/local/lib/python3.10/dist-packages:/home/emannavarro/slam-kalman-localization/install/webots_ros2_msgs/local/lib/python3.10/dist-packages:/home/emannavarro/slam-kalman-localization/install/webots_ros2_importer/lib/python3.10/site-packages:${PYTHONPATH} /usr/bin/python3 -W ignore:setup.py install is deprecated setup.py egg_info --egg-base ../../../build/webots_ros2_universal_robot build --build-base /home/emannavarro/slam-kalman-localization/build/webots_ros2_universal_robot/build install --record /home/emannavarro/slam-kalman-localization/build/webots_ros2_universal_robot/install.log --single-version-externally-managed install_data
