[2.021s] Invoking command in '/home/emannavarro/slam-kalman-localization/src/webots_ros2/webots_ros2_epuck': AMENT_PREFIX_PATH=/home/emannavarro/slam-kalman-localization/install/webots_ros2_control:/home/emannavarro/slam-kalman-localization/install/webots_ros2_driver:/home/emannavarro/slam-kalman-localization/install/webots_ros2_msgs:/home/emannavarro/slam-kalman-localization/install/webots_ros2_importer:${AMENT_PREFIX_PATH} CMAKE_PREFIX_PATH=/home/emannavarro/slam-kalman-localization/install/webots_ros2_control:/home/emannavarro/slam-kalman-localization/install/webots_ros2_driver:/home/emannavarro/slam-kalman-localization/install/webots_ros2_msgs LD_LIBRARY_PATH=/home/emannavarro/slam-kalman-localization/install/webots_ros2_control/lib:/home/emannavarro/slam-kalman-localization/install/webots_ros2_driver/lib:/home/emannavarro/slam-kalman-localization/install/webots_ros2_msgs/lib:${LD_LIBRARY_PATH} PYTHONPATH=/home/emannavarro/slam-kalman-localization/build/webots_ros2_epuck/prefix_override:/usr/lib/python3/dist-packages/colcon_core/task/python/colcon_distutils_commands:/home/emannavarro/slam-kalman-localization/install/webots_ros2_epuck/lib/python3.10/site-packages:/home/emannavarro/slam-kalman-localization/install/webots_ros2_driver/local/lib/python3.10/dist-packages:/home/emannavarro/slam-kalman-localization/install/webots_ros2_msgs/local/lib/python3.10/dist-packages:/home/emannavarro/slam-kalman-localization/install/webots_ros2_importer/lib/python3.10/site-packages:${PYTHONPATH} /usr/bin/python3 -W ignore:setup.py install is deprecated setup.py egg_info --egg-base ../../../build/webots_ros2_epuck build --build-base /home/emannavarro/slam-kalman-localization/build/webots_ros2_epuck/build install --record /home/emannavarro/slam-kalman-localization/build/webots_ros2_epuck/install.log --single-version-externally-managed install_data
[2.400s] running egg_info
[2.400s] creating ../../../build/webots_ros2_epuck/webots_ros2_epuck.egg-info
[2.401s] writing ../../../build/webots_ros2_epuck/webots_ros2_epuck.egg-info/PKG-INFO
[2.401s] writing dependency_links to ../../../build/webots_ros2_epuck/webots_ros2_epuck.egg-info/dependency_links.txt
[2.402s] writing entry points to ../../../build/webots_ros2_epuck/webots_ros2_epuck.egg-info/entry_points.txt
[2.402s] writing requirements to ../../../build/webots_ros2_epuck/webots_ros2_epuck.egg-info/requires.txt
[2.402s] writing top-level names to ../../../build/webots_ros2_epuck/webots_ros2_epuck.egg-info/top_level.txt
[2.402s] writing manifest file '../../../build/webots_ros2_epuck/webots_ros2_epuck.egg-info/SOURCES.txt'
[2.405s] reading manifest file '../../../build/webots_ros2_epuck/webots_ros2_epuck.egg-info/SOURCES.txt'
[2.406s] writing manifest file '../../../build/webots_ros2_epuck/webots_ros2_epuck.egg-info/SOURCES.txt'
[2.406s] running build
[2.407s] running build_py
[2.407s] creating /home/emannavarro/slam-kalman-localization/build/webots_ros2_epuck/build
[2.408s] creating /home/emannavarro/slam-kalman-localization/build/webots_ros2_epuck/build/lib
[2.408s] creating /home/emannavarro/slam-kalman-localization/build/webots_ros2_epuck/build/lib/webots_ros2_epuck
[2.408s] copying webots_ros2_epuck/__init__.py -> /home/emannavarro/slam-kalman-localization/build/webots_ros2_epuck/build/lib/webots_ros2_epuck
[2.408s] copying webots_ros2_epuck/simple_mapper.py -> /home/emannavarro/slam-kalman-localization/build/webots_ros2_epuck/build/lib/webots_ros2_epuck
[2.409s] copying webots_ros2_epuck/epuck_node.py -> /home/emannavarro/slam-kalman-localization/build/webots_ros2_epuck/build/lib/webots_ros2_epuck
[2.409s] copying webots_ros2_epuck/drive_calibrator.py -> /home/emannavarro/slam-kalman-localization/build/webots_ros2_epuck/build/lib/webots_ros2_epuck
[2.409s] running install
[2.409s] running install_lib
[2.410s] creating /home/emannavarro/slam-kalman-localization/install/webots_ros2_epuck/lib/python3.10/site-packages/webots_ros2_epuck
[2.411s] copying /home/emannavarro/slam-kalman-localization/build/webots_ros2_epuck/build/lib/webots_ros2_epuck/__init__.py -> /home/emannavarro/slam-kalman-localization/install/webots_ros2_epuck/lib/python3.10/site-packages/webots_ros2_epuck
[2.411s] copying /home/emannavarro/slam-kalman-localization/build/webots_ros2_epuck/build/lib/webots_ros2_epuck/simple_mapper.py -> /home/emannavarro/slam-kalman-localization/install/webots_ros2_epuck/lib/python3.10/site-packages/webots_ros2_epuck
[2.412s] copying /home/emannavarro/slam-kalman-localization/build/webots_ros2_epuck/build/lib/webots_ros2_epuck/epuck_node.py -> /home/emannavarro/slam-kalman-localization/install/webots_ros2_epuck/lib/python3.10/site-packages/webots_ros2_epuck
[2.412s] copying /home/emannavarro/slam-kalman-localization/build/webots_ros2_epuck/build/lib/webots_ros2_epuck/drive_calibrator.py -> /home/emannavarro/slam-kalman-localization/install/webots_ros2_epuck/lib/python3.10/site-packages/webots_ros2_epuck
[2.412s] byte-compiling /home/emannavarro/slam-kalman-localization/install/webots_ros2_epuck/lib/python3.10/site-packages/webots_ros2_epuck/__init__.py to __init__.cpython-310.pyc
[2.413s] byte-compiling /home/emannavarro/slam-kalman-localization/install/webots_ros2_epuck/lib/python3.10/site-packages/webots_ros2_epuck/simple_mapper.py to simple_mapper.cpython-310.pyc
[2.415s] byte-compiling /home/emannavarro/slam-kalman-localization/install/webots_ros2_epuck/lib/python3.10/site-packages/webots_ros2_epuck/epuck_node.py to epuck_node.cpython-310.pyc
[2.416s] byte-compiling /home/emannavarro/slam-kalman-localization/install/webots_ros2_epuck/lib/python3.10/site-packages/webots_ros2_epuck/drive_calibrator.py to drive_calibrator.cpython-310.pyc
[2.417s] running install_data
[2.418s] creating /home/emannavarro/slam-kalman-localization/install/webots_ros2_epuck/share/ament_index
[2.418s] creating /home/emannavarro/slam-kalman-localization/install/webots_ros2_epuck/share/ament_index/resource_index
[2.418s] creating /home/emannavarro/slam-kalman-localization/install/webots_ros2_epuck/share/ament_index/resource_index/packages
[2.420s] copying resource/webots_ros2_epuck -> /home/emannavarro/slam-kalman-localization/install/webots_ros2_epuck/share/ament_index/resource_index/packages
[2.420s] creating /home/emannavarro/slam-kalman-localization/install/webots_ros2_epuck/share/webots_ros2_epuck/launch
[2.420s] copying launch/robot_launch.py -> /home/emannavarro/slam-kalman-localization/install/webots_ros2_epuck/share/webots_ros2_epuck/launch
[2.420s] copying launch/robot_tools_launch.py -> /home/emannavarro/slam-kalman-localization/install/webots_ros2_epuck/share/webots_ros2_epuck/launch
[2.421s] copying launch/rats_life_launch.py -> /home/emannavarro/slam-kalman-localization/install/webots_ros2_epuck/share/webots_ros2_epuck/launch
[2.421s] copying launch/rats_life_waypoints_launch.py -> /home/emannavarro/slam-kalman-localization/install/webots_ros2_epuck/share/webots_ros2_epuck/launch
[2.425s] creating /home/emannavarro/slam-kalman-localization/install/webots_ros2_epuck/share/webots_ros2_epuck/worlds
[2.426s] copying worlds/epuck_world.wbt -> /home/emannavarro/slam-kalman-localization/install/webots_ros2_epuck/share/webots_ros2_epuck/worlds
[2.426s] copying worlds/.epuck_world.wbproj -> /home/emannavarro/slam-kalman-localization/install/webots_ros2_epuck/share/webots_ros2_epuck/worlds
[2.426s] copying worlds/rats_life_benchmark.wbt -> /home/emannavarro/slam-kalman-localization/install/webots_ros2_epuck/share/webots_ros2_epuck/worlds
[2.426s] copying worlds/.rats_life_benchmark.wbproj -> /home/emannavarro/slam-kalman-localization/install/webots_ros2_epuck/share/webots_ros2_epuck/worlds
[2.426s] creating /home/emannavarro/slam-kalman-localization/install/webots_ros2_epuck/share/webots_ros2_epuck/protos
[2.426s] copying protos/LegoTallInterval.proto -> /home/emannavarro/slam-kalman-localization/install/webots_ros2_epuck/share/webots_ros2_epuck/protos
[2.427s] copying protos/LegoTallWall.proto -> /home/emannavarro/slam-kalman-localization/install/webots_ros2_epuck/share/webots_ros2_epuck/protos
[2.427s] creating /home/emannavarro/slam-kalman-localization/install/webots_ros2_epuck/share/webots_ros2_epuck/resource
[2.427s] copying resource/all.rviz -> /home/emannavarro/slam-kalman-localization/install/webots_ros2_epuck/share/webots_ros2_epuck/resource
[2.427s] copying resource/nav2_params.yaml -> /home/emannavarro/slam-kalman-localization/install/webots_ros2_epuck/share/webots_ros2_epuck/resource
[2.427s] copying resource/nav2_params_iron.yaml -> /home/emannavarro/slam-kalman-localization/install/webots_ros2_epuck/share/webots_ros2_epuck/resource
[2.427s] copying resource/map_rats_life.pgm -> /home/emannavarro/slam-kalman-localization/install/webots_ros2_epuck/share/webots_ros2_epuck/resource
[2.427s] copying resource/map_rats_life.yaml -> /home/emannavarro/slam-kalman-localization/install/webots_ros2_epuck/share/webots_ros2_epuck/resource
[2.428s] copying resource/nav2_rats_life_waypoints.yaml -> /home/emannavarro/slam-kalman-localization/install/webots_ros2_epuck/share/webots_ros2_epuck/resource
[2.428s] copying resource/epuck_world_map.pgm -> /home/emannavarro/slam-kalman-localization/install/webots_ros2_epuck/share/webots_ros2_epuck/resource
[2.428s] copying resource/epuck_world_map.yaml -> /home/emannavarro/slam-kalman-localization/install/webots_ros2_epuck/share/webots_ros2_epuck/resource
[2.428s] copying resource/epuck_webots.urdf -> /home/emannavarro/slam-kalman-localization/install/webots_ros2_epuck/share/webots_ros2_epuck/resource
[2.428s] copying resource/ros2_control.yml -> /home/emannavarro/slam-kalman-localization/install/webots_ros2_epuck/share/webots_ros2_epuck/resource
[2.429s] copying package.xml -> /home/emannavarro/slam-kalman-localization/install/webots_ros2_epuck/share/webots_ros2_epuck
[2.429s] running install_egg_info
[2.430s] Copying ../../../build/webots_ros2_epuck/webots_ros2_epuck.egg-info to /home/emannavarro/slam-kalman-localization/install/webots_ros2_epuck/lib/python3.10/site-packages/webots_ros2_epuck-2023.1.3-py3.10.egg-info
[2.431s] running install_scripts
[2.460s] Installing drive_calibrator script to /home/emannavarro/slam-kalman-localization/install/webots_ros2_epuck/lib/webots_ros2_epuck
[2.460s] Installing epuck_node script to /home/emannavarro/slam-kalman-localization/install/webots_ros2_epuck/lib/webots_ros2_epuck
[2.461s] Installing simple_mapper script to /home/emannavarro/slam-kalman-localization/install/webots_ros2_epuck/lib/webots_ros2_epuck
[2.461s] writing list of installed files to '/home/emannavarro/slam-kalman-localization/build/webots_ros2_epuck/install.log'
[2.507s] Invoked command in '/home/emannavarro/slam-kalman-localization/src/webots_ros2/webots_ros2_epuck' returned '0': AMENT_PREFIX_PATH=/home/emannavarro/slam-kalman-localization/install/webots_ros2_control:/home/emannavarro/slam-kalman-localization/install/webots_ros2_driver:/home/emannavarro/slam-kalman-localization/install/webots_ros2_msgs:/home/emannavarro/slam-kalman-localization/install/webots_ros2_importer:${AMENT_PREFIX_PATH} CMAKE_PREFIX_PATH=/home/emannavarro/slam-kalman-localization/install/webots_ros2_control:/home/emannavarro/slam-kalman-localization/install/webots_ros2_driver:/home/emannavarro/slam-kalman-localization/install/webots_ros2_msgs LD_LIBRARY_PATH=/home/emannavarro/slam-kalman-localization/install/webots_ros2_control/lib:/home/emannavarro/slam-kalman-localization/install/webots_ros2_driver/lib:/home/emannavarro/slam-kalman-localization/install/webots_ros2_msgs/lib:${LD_LIBRARY_PATH} PYTHONPATH=/home/emannavarro/slam-kalman-localization/build/webots_ros2_epuck/prefix_override:/usr/lib/python3/dist-packages/colcon_core/task/python/colcon_distutils_commands:/home/emannavarro/slam-kalman-localization/install/webots_ros2_epuck/lib/python3.10/site-packages:/home/emannavarro/slam-kalman-localization/install/webots_ros2_driver/local/lib/python3.10/dist-packages:/home/emannavarro/slam-kalman-localization/install/webots_ros2_msgs/local/lib/python3.10/dist-packages:/home/emannavarro/slam-kalman-localization/install/webots_ros2_importer/lib/python3.10/site-packages:${PYTHONPATH} /usr/bin/python3 -W ignore:setup.py install is deprecated setup.py egg_info --egg-base ../../../build/webots_ros2_epuck build --build-base /home/emannavarro/slam-kalman-localization/build/webots_ros2_epuck/build install --record /home/emannavarro/slam-kalman-localization/build/webots_ros2_epuck/install.log --single-version-externally-managed install_data
