[2.053s] Invoking command in '/home/emannavarro/slam-kalman-localization/src/webots_ros2/webots_ros2_tiago': AMENT_PREFIX_PATH=/home/emannavarro/slam-kalman-localization/install/webots_ros2_control:/home/emannavarro/slam-kalman-localization/install/webots_ros2_driver:/home/emannavarro/slam-kalman-localization/install/webots_ros2_msgs:/home/emannavarro/slam-kalman-localization/install/webots_ros2_importer:${AMENT_PREFIX_PATH} CMAKE_PREFIX_PATH=/home/emannavarro/slam-kalman-localization/install/webots_ros2_control:/home/emannavarro/slam-kalman-localization/install/webots_ros2_driver:/home/emannavarro/slam-kalman-localization/install/webots_ros2_msgs LD_LIBRARY_PATH=/home/emannavarro/slam-kalman-localization/install/webots_ros2_control/lib:/home/emannavarro/slam-kalman-localization/install/webots_ros2_driver/lib:/home/emannavarro/slam-kalman-localization/install/webots_ros2_msgs/lib:${LD_LIBRARY_PATH} PYTHONPATH=/home/emannavarro/slam-kalman-localization/build/webots_ros2_tiago/prefix_override:/usr/lib/python3/dist-packages/colcon_core/task/python/colcon_distutils_commands:/home/emannavarro/slam-kalman-localization/install/webots_ros2_tiago/lib/python3.10/site-packages:/home/emannavarro/slam-kalman-localization/install/webots_ros2_driver/local/lib/python3.10/dist-packages:/home/emannavarro/slam-kalman-localization/install/webots_ros2_msgs/local/lib/python3.10/dist-packages:/home/emannavarro/slam-kalman-localization/install/webots_ros2_importer/lib/python3.10/site-packages:${PYTHONPATH} /usr/bin/python3 -W ignore:setup.py install is deprecated setup.py egg_info --egg-base ../../../build/webots_ros2_tiago build --build-base /home/emannavarro/slam-kalman-localization/build/webots_ros2_tiago/build install --record /home/emannavarro/slam-kalman-localization/build/webots_ros2_tiago/install.log --single-version-externally-managed install_data
[2.407s] running egg_info
[2.408s] creating ../../../build/webots_ros2_tiago/webots_ros2_tiago.egg-info
[2.408s] writing ../../../build/webots_ros2_tiago/webots_ros2_tiago.egg-info/PKG-INFO
[2.409s] writing dependency_links to ../../../build/webots_ros2_tiago/webots_ros2_tiago.egg-info/dependency_links.txt
[2.409s] writing entry points to ../../../build/webots_ros2_tiago/webots_ros2_tiago.egg-info/entry_points.txt
[2.409s] writing requirements to ../../../build/webots_ros2_tiago/webots_ros2_tiago.egg-info/requires.txt
[2.409s] writing top-level names to ../../../build/webots_ros2_tiago/webots_ros2_tiago.egg-info/top_level.txt
[2.410s] writing manifest file '../../../build/webots_ros2_tiago/webots_ros2_tiago.egg-info/SOURCES.txt'
[2.411s] reading manifest file '../../../build/webots_ros2_tiago/webots_ros2_tiago.egg-info/SOURCES.txt'
[2.413s] writing manifest file '../../../build/webots_ros2_tiago/webots_ros2_tiago.egg-info/SOURCES.txt'
[2.413s] running build
[2.413s] running install
[2.414s] running install_data
[2.415s] creating /home/emannavarro/slam-kalman-localization/install/webots_ros2_tiago/share/ament_index
[2.415s] creating /home/emannavarro/slam-kalman-localization/install/webots_ros2_tiago/share/ament_index/resource_index
[2.415s] creating /home/emannavarro/slam-kalman-localization/install/webots_ros2_tiago/share/ament_index/resource_index/packages
[2.416s] copying resource/webots_ros2_tiago -> /home/emannavarro/slam-kalman-localization/install/webots_ros2_tiago/share/ament_index/resource_index/packages
[2.416s] creating /home/emannavarro/slam-kalman-localization/install/webots_ros2_tiago/share/webots_ros2_tiago/launch
[2.417s] copying launch/robot_launch.py -> /home/emannavarro/slam-kalman-localization/install/webots_ros2_tiago/share/webots_ros2_tiago/launch
[2.417s] copying launch/robot_bringup_launch.py -> /home/emannavarro/slam-kalman-localization/install/webots_ros2_tiago/share/webots_ros2_tiago/launch
[2.417s] creating /home/emannavarro/slam-kalman-localization/install/webots_ros2_tiago/share/webots_ros2_tiago/resource
[2.417s] copying resource/tiago_webots.urdf -> /home/emannavarro/slam-kalman-localization/install/webots_ros2_tiago/share/webots_ros2_tiago/resource
[2.418s] copying resource/tiago_bringup_webots.urdf -> /home/emannavarro/slam-kalman-localization/install/webots_ros2_tiago/share/webots_ros2_tiago/resource
[2.418s] copying resource/ros2_control.yml -> /home/emannavarro/slam-kalman-localization/install/webots_ros2_tiago/share/webots_ros2_tiago/resource
[2.418s] copying resource/ros2_control_bringup.yml -> /home/emannavarro/slam-kalman-localization/install/webots_ros2_tiago/share/webots_ros2_tiago/resource
[2.418s] copying resource/nav2_params.yaml -> /home/emannavarro/slam-kalman-localization/install/webots_ros2_tiago/share/webots_ros2_tiago/resource
[2.418s] copying resource/nav2_params_iron.yaml -> /home/emannavarro/slam-kalman-localization/install/webots_ros2_tiago/share/webots_ros2_tiago/resource
[2.419s] copying resource/default.rviz -> /home/emannavarro/slam-kalman-localization/install/webots_ros2_tiago/share/webots_ros2_tiago/resource
[2.419s] copying resource/default_bringup.rviz -> /home/emannavarro/slam-kalman-localization/install/webots_ros2_tiago/share/webots_ros2_tiago/resource
[2.419s] copying resource/map.pgm -> /home/emannavarro/slam-kalman-localization/install/webots_ros2_tiago/share/webots_ros2_tiago/resource
[2.419s] copying resource/map.yaml -> /home/emannavarro/slam-kalman-localization/install/webots_ros2_tiago/share/webots_ros2_tiago/resource
[2.419s] copying resource/cartographer.lua -> /home/emannavarro/slam-kalman-localization/install/webots_ros2_tiago/share/webots_ros2_tiago/resource
[2.419s] copying resource/slam_toolbox_params.yaml -> /home/emannavarro/slam-kalman-localization/install/webots_ros2_tiago/share/webots_ros2_tiago/resource
[2.422s] copying package.xml -> /home/emannavarro/slam-kalman-localization/install/webots_ros2_tiago/share/webots_ros2_tiago
[2.423s] creating /home/emannavarro/slam-kalman-localization/install/webots_ros2_tiago/share/webots_ros2_tiago/worlds
[2.423s] copying worlds/default.wbt -> /home/emannavarro/slam-kalman-localization/install/webots_ros2_tiago/share/webots_ros2_tiago/worlds
[2.423s] copying worlds/.default.wbproj -> /home/emannavarro/slam-kalman-localization/install/webots_ros2_tiago/share/webots_ros2_tiago/worlds
[2.423s] copying worlds/default_bringup.wbt -> /home/emannavarro/slam-kalman-localization/install/webots_ros2_tiago/share/webots_ros2_tiago/worlds
[2.423s] copying worlds/.default_bringup.wbproj -> /home/emannavarro/slam-kalman-localization/install/webots_ros2_tiago/share/webots_ros2_tiago/worlds
[2.424s] running install_egg_info
[2.424s] Copying ../../../build/webots_ros2_tiago/webots_ros2_tiago.egg-info to /home/emannavarro/slam-kalman-localization/install/webots_ros2_tiago/lib/python3.10/site-packages/webots_ros2_tiago-2023.1.3-py3.10.egg-info
[2.424s] running install_scripts
[2.449s] writing list of installed files to '/home/emannavarro/slam-kalman-localization/build/webots_ros2_tiago/install.log'
[2.488s] Invoked command in '/home/emannavarro/slam-kalman-localization/src/webots_ros2/webots_ros2_tiago' returned '0': AMENT_PREFIX_PATH=/home/emannavarro/slam-kalman-localization/install/webots_ros2_control:/home/emannavarro/slam-kalman-localization/install/webots_ros2_driver:/home/emannavarro/slam-kalman-localization/install/webots_ros2_msgs:/home/emannavarro/slam-kalman-localization/install/webots_ros2_importer:${AMENT_PREFIX_PATH} CMAKE_PREFIX_PATH=/home/emannavarro/slam-kalman-localization/install/webots_ros2_control:/home/emannavarro/slam-kalman-localization/install/webots_ros2_driver:/home/emannavarro/slam-kalman-localization/install/webots_ros2_msgs LD_LIBRARY_PATH=/home/emannavarro/slam-kalman-localization/install/webots_ros2_control/lib:/home/emannavarro/slam-kalman-localization/install/webots_ros2_driver/lib:/home/emannavarro/slam-kalman-localization/install/webots_ros2_msgs/lib:${LD_LIBRARY_PATH} PYTHONPATH=/home/emannavarro/slam-kalman-localization/build/webots_ros2_tiago/prefix_override:/usr/lib/python3/dist-packages/colcon_core/task/python/colcon_distutils_commands:/home/emannavarro/slam-kalman-localization/install/webots_ros2_tiago/lib/python3.10/site-packages:/home/emannavarro/slam-kalman-localization/install/webots_ros2_driver/local/lib/python3.10/dist-packages:/home/emannavarro/slam-kalman-localization/install/webots_ros2_msgs/local/lib/python3.10/dist-packages:/home/emannavarro/slam-kalman-localization/install/webots_ros2_importer/lib/python3.10/site-packages:${PYTHONPATH} /usr/bin/python3 -W ignore:setup.py install is deprecated setup.py egg_info --egg-base ../../../build/webots_ros2_tiago build --build-base /home/emannavarro/slam-kalman-localization/build/webots_ros2_tiago/build install --record /home/emannavarro/slam-kalman-localization/build/webots_ros2_tiago/install.log --single-version-externally-managed install_data
