[2.967s] Invoking command in '/home/emannavarro/slam-kalman-localization/src/webots_ros2/webots_ros2': AMENT_PREFIX_PATH=/home/emannavarro/slam-kalman-localization/install/webots_ros2_tests:/home/emannavarro/slam-kalman-localization/install/webots_ros2_universal_robot:/home/emannavarro/slam-kalman-localization/install/webots_ros2_turtlebot:/home/emannavarro/slam-kalman-localization/install/webots_ros2_tiago:/home/emannavarro/slam-kalman-localization/install/webots_ros2_epuck:/home/emannavarro/slam-kalman-localization/install/webots_ros2_tesla:/home/emannavarro/slam-kalman-localization/install/webots_ros2_mavic:/home/emannavarro/slam-kalman-localization/install/webots_ros2_control:/home/emannavarro/slam-kalman-localization/install/webots_ros2_driver:/home/emannavarro/slam-kalman-localization/install/webots_ros2_msgs:/home/emannavarro/slam-kalman-localization/install/webots_ros2_importer:${AMENT_PREFIX_PATH} CMAKE_PREFIX_PATH=/home/emannavarro/slam-kalman-localization/install/webots_ros2_control:/home/emannavarro/slam-kalman-localization/install/webots_ros2_driver:/home/emannavarro/slam-kalman-localization/install/webots_ros2_msgs LD_LIBRARY_PATH=/home/emannavarro/slam-kalman-localization/install/webots_ros2_control/lib:/home/emannavarro/slam-kalman-localization/install/webots_ros2_driver/lib:/home/emannavarro/slam-kalman-localization/install/webots_ros2_msgs/lib:${LD_LIBRARY_PATH} PYTHONPATH=/home/emannavarro/slam-kalman-localization/build/webots_ros2/prefix_override:/usr/lib/python3/dist-packages/colcon_core/task/python/colcon_distutils_commands:/home/emannavarro/slam-kalman-localization/install/webots_ros2/lib/python3.10/site-packages:/home/emannavarro/slam-kalman-localization/install/webots_ros2_tests/lib/python3.10/site-packages:/home/emannavarro/slam-kalman-localization/install/webots_ros2_universal_robot/lib/python3.10/site-packages:/home/emannavarro/slam-kalman-localization/install/webots_ros2_turtlebot/lib/python3.10/site-packages:/home/emannavarro/slam-kalman-localization/install/webots_ros2_tiago/lib/python3.10/site-packages:/home/emannavarro/slam-kalman-localization/install/webots_ros2_epuck/lib/python3.10/site-packages:/home/emannavarro/slam-kalman-localization/install/webots_ros2_tesla/lib/python3.10/site-packages:/home/emannavarro/slam-kalman-localization/install/webots_ros2_mavic/lib/python3.10/site-packages:/home/emannavarro/slam-kalman-localization/install/webots_ros2_driver/local/lib/python3.10/dist-packages:/home/emannavarro/slam-kalman-localization/install/webots_ros2_msgs/local/lib/python3.10/dist-packages:/home/emannavarro/slam-kalman-localization/install/webots_ros2_importer/lib/python3.10/site-packages:${PYTHONPATH} /usr/bin/python3 -W ignore:setup.py install is deprecated setup.py egg_info --egg-base ../../../build/webots_ros2 build --build-base /home/emannavarro/slam-kalman-localization/build/webots_ros2/build install --record /home/emannavarro/slam-kalman-localization/build/webots_ros2/install.log --single-version-externally-managed install_data
[3.219s] running egg_info
[3.219s] creating ../../../build/webots_ros2/webots_ros2.egg-info
[3.220s] writing ../../../build/webots_ros2/webots_ros2.egg-info/PKG-INFO
[3.220s] writing dependency_links to ../../../build/webots_ros2/webots_ros2.egg-info/dependency_links.txt
[3.220s] writing requirements to ../../../build/webots_ros2/webots_ros2.egg-info/requires.txt
[3.220s] writing top-level names to ../../../build/webots_ros2/webots_ros2.egg-info/top_level.txt
[3.220s] writing manifest file '../../../build/webots_ros2/webots_ros2.egg-info/SOURCES.txt'
[3.222s] reading manifest file '../../../build/webots_ros2/webots_ros2.egg-info/SOURCES.txt'
[3.222s] writing manifest file '../../../build/webots_ros2/webots_ros2.egg-info/SOURCES.txt'
[3.222s] running build
[3.223s] running build_py
[3.223s] creating /home/emannavarro/slam-kalman-localization/build/webots_ros2/build
[3.223s] creating /home/emannavarro/slam-kalman-localization/build/webots_ros2/build/lib
[3.223s] creating /home/emannavarro/slam-kalman-localization/build/webots_ros2/build/lib/webots_ros2
[3.223s] copying webots_ros2/__init__.py -> /home/emannavarro/slam-kalman-localization/build/webots_ros2/build/lib/webots_ros2
[3.224s] running install
[3.224s] running install_lib
[3.225s] creating /home/emannavarro/slam-kalman-localization/install/webots_ros2/lib/python3.10/site-packages/webots_ros2
[3.225s] copying /home/emannavarro/slam-kalman-localization/build/webots_ros2/build/lib/webots_ros2/__init__.py -> /home/emannavarro/slam-kalman-localization/install/webots_ros2/lib/python3.10/site-packages/webots_ros2
[3.225s] byte-compiling /home/emannavarro/slam-kalman-localization/install/webots_ros2/lib/python3.10/site-packages/webots_ros2/__init__.py to __init__.cpython-310.pyc
[3.226s] running install_data
[3.226s] copying package.xml -> /home/emannavarro/slam-kalman-localization/install/webots_ros2/share/webots_ros2
[3.226s] creating /home/emannavarro/slam-kalman-localization/install/webots_ros2/share/ament_index
[3.226s] creating /home/emannavarro/slam-kalman-localization/install/webots_ros2/share/ament_index/resource_index
[3.226s] creating /home/emannavarro/slam-kalman-localization/install/webots_ros2/share/ament_index/resource_index/packages
[3.227s] copying resource/webots_ros2 -> /home/emannavarro/slam-kalman-localization/install/webots_ros2/share/ament_index/resource_index/packages
[3.227s] running install_egg_info
[3.228s] Copying ../../../build/webots_ros2/webots_ros2.egg-info to /home/emannavarro/slam-kalman-localization/install/webots_ros2/lib/python3.10/site-packages/webots_ros2-2023.1.3-py3.10.egg-info
[3.229s] running install_scripts
[3.251s] writing list of installed files to '/home/emannavarro/slam-kalman-localization/build/webots_ros2/install.log'
[3.273s] Invoked command in '/home/emannavarro/slam-kalman-localization/src/webots_ros2/webots_ros2' returned '0': AMENT_PREFIX_PATH=/home/emannavarro/slam-kalman-localization/install/webots_ros2_tests:/home/emannavarro/slam-kalman-localization/install/webots_ros2_universal_robot:/home/emannavarro/slam-kalman-localization/install/webots_ros2_turtlebot:/home/emannavarro/slam-kalman-localization/install/webots_ros2_tiago:/home/emannavarro/slam-kalman-localization/install/webots_ros2_epuck:/home/emannavarro/slam-kalman-localization/install/webots_ros2_tesla:/home/emannavarro/slam-kalman-localization/install/webots_ros2_mavic:/home/emannavarro/slam-kalman-localization/install/webots_ros2_control:/home/emannavarro/slam-kalman-localization/install/webots_ros2_driver:/home/emannavarro/slam-kalman-localization/install/webots_ros2_msgs:/home/emannavarro/slam-kalman-localization/install/webots_ros2_importer:${AMENT_PREFIX_PATH} CMAKE_PREFIX_PATH=/home/emannavarro/slam-kalman-localization/install/webots_ros2_control:/home/emannavarro/slam-kalman-localization/install/webots_ros2_driver:/home/emannavarro/slam-kalman-localization/install/webots_ros2_msgs LD_LIBRARY_PATH=/home/emannavarro/slam-kalman-localization/install/webots_ros2_control/lib:/home/emannavarro/slam-kalman-localization/install/webots_ros2_driver/lib:/home/emannavarro/slam-kalman-localization/install/webots_ros2_msgs/lib:${LD_LIBRARY_PATH} PYTHONPATH=/home/emannavarro/slam-kalman-localization/build/webots_ros2/prefix_override:/usr/lib/python3/dist-packages/colcon_core/task/python/colcon_distutils_commands:/home/emannavarro/slam-kalman-localization/install/webots_ros2/lib/python3.10/site-packages:/home/emannavarro/slam-kalman-localization/install/webots_ros2_tests/lib/python3.10/site-packages:/home/emannavarro/slam-kalman-localization/install/webots_ros2_universal_robot/lib/python3.10/site-packages:/home/emannavarro/slam-kalman-localization/install/webots_ros2_turtlebot/lib/python3.10/site-packages:/home/emannavarro/slam-kalman-localization/install/webots_ros2_tiago/lib/python3.10/site-packages:/home/emannavarro/slam-kalman-localization/install/webots_ros2_epuck/lib/python3.10/site-packages:/home/emannavarro/slam-kalman-localization/install/webots_ros2_tesla/lib/python3.10/site-packages:/home/emannavarro/slam-kalman-localization/install/webots_ros2_mavic/lib/python3.10/site-packages:/home/emannavarro/slam-kalman-localization/install/webots_ros2_driver/local/lib/python3.10/dist-packages:/home/emannavarro/slam-kalman-localization/install/webots_ros2_msgs/local/lib/python3.10/dist-packages:/home/emannavarro/slam-kalman-localization/install/webots_ros2_importer/lib/python3.10/site-packages:${PYTHONPATH} /usr/bin/python3 -W ignore:setup.py install is deprecated setup.py egg_info --egg-base ../../../build/webots_ros2 build --build-base /home/emannavarro/slam-kalman-localization/build/webots_ros2/build install --record /home/emannavarro/slam-kalman-localization/build/webots_ros2/install.log --single-version-externally-managed install_data
