[0.235s] Invoking command in '/home/emannavarro/slam-kalman-localization/build/webots_ros2_control': AMENT_PREFIX_PATH=/home/emannavarro/slam-kalman-localization/install/webots_ros2_driver:/home/emannavarro/slam-kalman-localization/install/webots_ros2_msgs:/home/emannavarro/slam-kalman-localization/install/webots_ros2_importer:${AMENT_PREFIX_PATH} CMAKE_PREFIX_PATH=/home/emannavarro/slam-kalman-localization/install/webots_ros2_driver:/home/emannavarro/slam-kalman-localization/install/webots_ros2_msgs:/opt/ros/humble LD_LIBRARY_PATH=/home/emannavarro/slam-kalman-localization/install/webots_ros2_driver/lib:/home/emannavarro/slam-kalman-localization/install/webots_ros2_msgs/lib:${LD_LIBRARY_PATH} PYTHONPATH=/home/emannavarro/slam-kalman-localization/install/webots_ros2_driver/local/lib/python3.10/dist-packages:/home/emannavarro/slam-kalman-localization/install/webots_ros2_msgs/local/lib/python3.10/dist-packages:/home/emannavarro/slam-kalman-localization/install/webots_ros2_importer/lib/python3.10/site-packages:${PYTHONPATH} /usr/bin/cmake /home/emannavarro/slam-kalman-localization/src/webots_ros2/webots_ros2_control -DCMAKE_INSTALL_PREFIX=/home/emannavarro/slam-kalman-localization/install/webots_ros2_control
[0.395s] -- The C compiler identification is GNU 11.4.0
[1.086s] -- The CXX compiler identification is GNU 11.4.0
[1.635s] -- Detecting C compiler ABI info
[1.846s] -- Detecting C compiler ABI info - done
[1.854s] -- Check for working C compiler: /usr/bin/cc - skipped
[1.854s] -- Detecting C compile features
[1.855s] -- Detecting C compile features - done
[1.858s] -- Detecting CXX compiler ABI info
[2.052s] -- Detecting CXX compiler ABI info - done
[2.060s] -- Check for working CXX compiler: /usr/bin/c++ - skipped
[2.060s] -- Detecting CXX compile features
[2.061s] -- Detecting CXX compile features - done
[2.063s] -- Found ament_cmake: 1.3.10 (/opt/ros/humble/share/ament_cmake/cmake)
[2.220s] -- Found Python3: /usr/bin/python3 (found version "3.10.12") found components: Interpreter 
[2.306s] -- Found hardware_interface: 2.43.1 (/opt/ros/humble/share/hardware_interface/cmake)
[2.507s] -- Found rosidl_generator_c: 3.1.5 (/opt/ros/humble/share/rosidl_generator_c/cmake)
[2.513s] -- Found rosidl_adapter: 3.1.5 (/opt/ros/humble/share/rosidl_adapter/cmake)
[2.523s] -- Found rosidl_generator_cpp: 3.1.5 (/opt/ros/humble/share/rosidl_generator_cpp/cmake)
[2.537s] -- Using all available rosidl_typesupport_c: rosidl_typesupport_fastrtps_c;rosidl_typesupport_introspection_c
[2.555s] -- Using all available rosidl_typesupport_cpp: rosidl_typesupport_fastrtps_cpp;rosidl_typesupport_introspection_cpp
[4.663s] -- Found rmw_implementation_cmake: 6.1.2 (/opt/ros/humble/share/rmw_implementation_cmake/cmake)
[4.665s] -- Found rmw_fastrtps_cpp: 6.2.7 (/opt/ros/humble/share/rmw_fastrtps_cpp/cmake)
[4.693s] -- Found TinyXML2 via Config file: TinyXML2_DIR-NOTFOUND
[4.740s] -- Found OpenSSL: /usr/lib/x86_64-linux-gnu/libcrypto.so (found version "3.0.2")  
[4.743s] -- Found TinyXML2 via Config file: TinyXML2_DIR-NOTFOUND
[4.960s] -- Found FastRTPS: /opt/ros/humble/include  
[4.964s] -- Found TinyXML2 via Config file: TinyXML2_DIR-NOTFOUND
[4.974s] -- Found TinyXML2 via Config file: TinyXML2_DIR-NOTFOUND
[5.084s] -- Using RMW implementation 'rmw_fastrtps_cpp' as default
[5.093s] -- Looking for pthread.h
[5.264s] -- Looking for pthread.h - found
[5.264s] -- Performing Test CMAKE_HAVE_LIBC_PTHREAD
[5.433s] -- Performing Test CMAKE_HAVE_LIBC_PTHREAD - Success
[5.434s] -- Found Threads: TRUE  
[5.492s] -- Found controller_manager: 2.43.1 (/opt/ros/humble/share/controller_manager/cmake)
[5.558s] -- Found webots_ros2_driver: 2023.1.3 (/home/emannavarro/slam-kalman-localization/install/webots_ros2_driver/share/webots_ros2_driver/cmake)
[5.628s] -- Found eigen3_cmake_module: 0.1.1 (/opt/ros/humble/share/eigen3_cmake_module/cmake)
[5.629s] -- Found Eigen3: TRUE (found version "3.4.0") 
[5.630s] -- Ensuring Eigen3 include directory is part of orocos-kdl CMake target
[5.847s] -- Configuring done
[5.986s] -- Generating done
[5.988s] -- Build files have been written to: /home/emannavarro/slam-kalman-localization/build/webots_ros2_control
[6.000s] Invoked command in '/home/emannavarro/slam-kalman-localization/build/webots_ros2_control' returned '0': AMENT_PREFIX_PATH=/home/emannavarro/slam-kalman-localization/install/webots_ros2_driver:/home/emannavarro/slam-kalman-localization/install/webots_ros2_msgs:/home/emannavarro/slam-kalman-localization/install/webots_ros2_importer:${AMENT_PREFIX_PATH} CMAKE_PREFIX_PATH=/home/emannavarro/slam-kalman-localization/install/webots_ros2_driver:/home/emannavarro/slam-kalman-localization/install/webots_ros2_msgs:/opt/ros/humble LD_LIBRARY_PATH=/home/emannavarro/slam-kalman-localization/install/webots_ros2_driver/lib:/home/emannavarro/slam-kalman-localization/install/webots_ros2_msgs/lib:${LD_LIBRARY_PATH} PYTHONPATH=/home/emannavarro/slam-kalman-localization/install/webots_ros2_driver/local/lib/python3.10/dist-packages:/home/emannavarro/slam-kalman-localization/install/webots_ros2_msgs/local/lib/python3.10/dist-packages:/home/emannavarro/slam-kalman-localization/install/webots_ros2_importer/lib/python3.10/site-packages:${PYTHONPATH} /usr/bin/cmake /home/emannavarro/slam-kalman-localization/src/webots_ros2/webots_ros2_control -DCMAKE_INSTALL_PREFIX=/home/emannavarro/slam-kalman-localization/install/webots_ros2_control
[6.002s] Invoking command in '/home/emannavarro/slam-kalman-localization/build/webots_ros2_control': AMENT_PREFIX_PATH=/home/emannavarro/slam-kalman-localization/install/webots_ros2_driver:/home/emannavarro/slam-kalman-localization/install/webots_ros2_msgs:/home/emannavarro/slam-kalman-localization/install/webots_ros2_importer:${AMENT_PREFIX_PATH} CMAKE_PREFIX_PATH=/home/emannavarro/slam-kalman-localization/install/webots_ros2_driver:/home/emannavarro/slam-kalman-localization/install/webots_ros2_msgs:/opt/ros/humble LD_LIBRARY_PATH=/home/emannavarro/slam-kalman-localization/install/webots_ros2_driver/lib:/home/emannavarro/slam-kalman-localization/install/webots_ros2_msgs/lib:${LD_LIBRARY_PATH} PYTHONPATH=/home/emannavarro/slam-kalman-localization/install/webots_ros2_driver/local/lib/python3.10/dist-packages:/home/emannavarro/slam-kalman-localization/install/webots_ros2_msgs/local/lib/python3.10/dist-packages:/home/emannavarro/slam-kalman-localization/install/webots_ros2_importer/lib/python3.10/site-packages:${PYTHONPATH} /usr/bin/cmake --build /home/emannavarro/slam-kalman-localization/build/webots_ros2_control -- -j8 -l8
[6.054s] [ 25%] [32mBuilding CXX object CMakeFiles/webots_ros2_control.dir/src/Ros2Control.cpp.o[0m
[6.054s] [ 50%] [32mBuilding CXX object CMakeFiles/webots_ros2_control_system.dir/src/Ros2ControlSystem.cpp.o[0m
[10.523s] [ 75%] [32m[1mLinking CXX shared library libwebots_ros2_control_system.so[0m
[10.842s] [ 75%] Built target webots_ros2_control_system
[12.876s] [100%] [32m[1mLinking CXX shared library libwebots_ros2_control.so[0m
[13.339s] [100%] Built target webots_ros2_control
[13.349s] Invoked command in '/home/emannavarro/slam-kalman-localization/build/webots_ros2_control' returned '0': AMENT_PREFIX_PATH=/home/emannavarro/slam-kalman-localization/install/webots_ros2_driver:/home/emannavarro/slam-kalman-localization/install/webots_ros2_msgs:/home/emannavarro/slam-kalman-localization/install/webots_ros2_importer:${AMENT_PREFIX_PATH} CMAKE_PREFIX_PATH=/home/emannavarro/slam-kalman-localization/install/webots_ros2_driver:/home/emannavarro/slam-kalman-localization/install/webots_ros2_msgs:/opt/ros/humble LD_LIBRARY_PATH=/home/emannavarro/slam-kalman-localization/install/webots_ros2_driver/lib:/home/emannavarro/slam-kalman-localization/install/webots_ros2_msgs/lib:${LD_LIBRARY_PATH} PYTHONPATH=/home/emannavarro/slam-kalman-localization/install/webots_ros2_driver/local/lib/python3.10/dist-packages:/home/emannavarro/slam-kalman-localization/install/webots_ros2_msgs/local/lib/python3.10/dist-packages:/home/emannavarro/slam-kalman-localization/install/webots_ros2_importer/lib/python3.10/site-packages:${PYTHONPATH} /usr/bin/cmake --build /home/emannavarro/slam-kalman-localization/build/webots_ros2_control -- -j8 -l8
[13.380s] Invoking command in '/home/emannavarro/slam-kalman-localization/build/webots_ros2_control': AMENT_PREFIX_PATH=/home/emannavarro/slam-kalman-localization/install/webots_ros2_driver:/home/emannavarro/slam-kalman-localization/install/webots_ros2_msgs:/home/emannavarro/slam-kalman-localization/install/webots_ros2_importer:${AMENT_PREFIX_PATH} CMAKE_PREFIX_PATH=/home/emannavarro/slam-kalman-localization/install/webots_ros2_driver:/home/emannavarro/slam-kalman-localization/install/webots_ros2_msgs:/opt/ros/humble LD_LIBRARY_PATH=/home/emannavarro/slam-kalman-localization/install/webots_ros2_driver/lib:/home/emannavarro/slam-kalman-localization/install/webots_ros2_msgs/lib:${LD_LIBRARY_PATH} PYTHONPATH=/home/emannavarro/slam-kalman-localization/install/webots_ros2_driver/local/lib/python3.10/dist-packages:/home/emannavarro/slam-kalman-localization/install/webots_ros2_msgs/local/lib/python3.10/dist-packages:/home/emannavarro/slam-kalman-localization/install/webots_ros2_importer/lib/python3.10/site-packages:${PYTHONPATH} /usr/bin/cmake --install /home/emannavarro/slam-kalman-localization/build/webots_ros2_control
[13.387s] -- Install configuration: ""
[13.387s] -- Installing: /home/emannavarro/slam-kalman-localization/install/webots_ros2_control/share/webots_ros2_control/webots_ros2_control.xml
[13.388s] -- Installing: /home/emannavarro/slam-kalman-localization/install/webots_ros2_control/share/webots_ros2_control/webots_ros2_control_system.xml
[13.388s] -- Installing: /home/emannavarro/slam-kalman-localization/install/webots_ros2_control/lib/libwebots_ros2_control.so
[13.391s] -- Set runtime path of "/home/emannavarro/slam-kalman-localization/install/webots_ros2_control/lib/libwebots_ros2_control.so" to ""
[13.391s] -- Installing: /home/emannavarro/slam-kalman-localization/install/webots_ros2_control/lib/libwebots_ros2_control_system.so
[13.392s] -- Set runtime path of "/home/emannavarro/slam-kalman-localization/install/webots_ros2_control/lib/libwebots_ros2_control_system.so" to ""
[13.392s] -- Installing: /home/emannavarro/slam-kalman-localization/install/webots_ros2_control/include
[13.392s] -- Installing: /home/emannavarro/slam-kalman-localization/install/webots_ros2_control/include/webots_ros2_control
[13.393s] -- Installing: /home/emannavarro/slam-kalman-localization/install/webots_ros2_control/include/webots_ros2_control/Ros2ControlSystemInterface.hpp
[13.393s] -- Installing: /home/emannavarro/slam-kalman-localization/install/webots_ros2_control/include/webots_ros2_control/Ros2ControlSystem.hpp
[13.393s] -- Installing: /home/emannavarro/slam-kalman-localization/install/webots_ros2_control/include/webots_ros2_control/Ros2Control.hpp
[13.393s] -- Installing: /home/emannavarro/slam-kalman-localization/install/webots_ros2_control/share/webots_ros2_control/environment/library_path.sh
[13.393s] -- Installing: /home/emannavarro/slam-kalman-localization/install/webots_ros2_control/share/webots_ros2_control/environment/library_path.dsv
[13.394s] -- Installing: /home/emannavarro/slam-kalman-localization/install/webots_ros2_control/share/ament_index/resource_index/package_run_dependencies/webots_ros2_control
[13.395s] -- Installing: /home/emannavarro/slam-kalman-localization/install/webots_ros2_control/share/ament_index/resource_index/parent_prefix_path/webots_ros2_control
[13.395s] -- Installing: /home/emannavarro/slam-kalman-localization/install/webots_ros2_control/share/webots_ros2_control/environment/ament_prefix_path.sh
[13.395s] -- Installing: /home/emannavarro/slam-kalman-localization/install/webots_ros2_control/share/webots_ros2_control/environment/ament_prefix_path.dsv
[13.396s] -- Installing: /home/emannavarro/slam-kalman-localization/install/webots_ros2_control/share/webots_ros2_control/environment/path.sh
[13.396s] -- Installing: /home/emannavarro/slam-kalman-localization/install/webots_ros2_control/share/webots_ros2_control/environment/path.dsv
[13.396s] -- Installing: /home/emannavarro/slam-kalman-localization/install/webots_ros2_control/share/webots_ros2_control/local_setup.bash
[13.396s] -- Installing: /home/emannavarro/slam-kalman-localization/install/webots_ros2_control/share/webots_ros2_control/local_setup.sh
[13.396s] -- Installing: /home/emannavarro/slam-kalman-localization/install/webots_ros2_control/share/webots_ros2_control/local_setup.zsh
[13.397s] -- Installing: /home/emannavarro/slam-kalman-localization/install/webots_ros2_control/share/webots_ros2_control/local_setup.dsv
[13.397s] -- Installing: /home/emannavarro/slam-kalman-localization/install/webots_ros2_control/share/webots_ros2_control/package.dsv
[13.397s] -- Installing: /home/emannavarro/slam-kalman-localization/install/webots_ros2_control/share/ament_index/resource_index/packages/webots_ros2_control
[13.397s] -- Installing: /home/emannavarro/slam-kalman-localization/install/webots_ros2_control/share/ament_index/resource_index/webots_ros2_driver__pluginlib__plugin/webots_ros2_control
[13.397s] -- Installing: /home/emannavarro/slam-kalman-localization/install/webots_ros2_control/share/ament_index/resource_index/webots_ros2_control__pluginlib__plugin/webots_ros2_control
[13.398s] -- Installing: /home/emannavarro/slam-kalman-localization/install/webots_ros2_control/share/webots_ros2_control/cmake/ament_cmake_export_include_directories-extras.cmake
[13.398s] -- Installing: /home/emannavarro/slam-kalman-localization/install/webots_ros2_control/share/webots_ros2_control/cmake/ament_cmake_export_dependencies-extras.cmake
[13.398s] -- Installing: /home/emannavarro/slam-kalman-localization/install/webots_ros2_control/share/webots_ros2_control/cmake/ament_cmake_export_libraries-extras.cmake
[13.398s] -- Installing: /home/emannavarro/slam-kalman-localization/install/webots_ros2_control/share/webots_ros2_control/cmake/webots_ros2_controlConfig.cmake
[13.399s] -- Installing: /home/emannavarro/slam-kalman-localization/install/webots_ros2_control/share/webots_ros2_control/cmake/webots_ros2_controlConfig-version.cmake
[13.399s] -- Installing: /home/emannavarro/slam-kalman-localization/install/webots_ros2_control/share/webots_ros2_control/package.xml
[13.401s] Invoked command in '/home/emannavarro/slam-kalman-localization/build/webots_ros2_control' returned '0': AMENT_PREFIX_PATH=/home/emannavarro/slam-kalman-localization/install/webots_ros2_driver:/home/emannavarro/slam-kalman-localization/install/webots_ros2_msgs:/home/emannavarro/slam-kalman-localization/install/webots_ros2_importer:${AMENT_PREFIX_PATH} CMAKE_PREFIX_PATH=/home/emannavarro/slam-kalman-localization/install/webots_ros2_driver:/home/emannavarro/slam-kalman-localization/install/webots_ros2_msgs:/opt/ros/humble LD_LIBRARY_PATH=/home/emannavarro/slam-kalman-localization/install/webots_ros2_driver/lib:/home/emannavarro/slam-kalman-localization/install/webots_ros2_msgs/lib:${LD_LIBRARY_PATH} PYTHONPATH=/home/emannavarro/slam-kalman-localization/install/webots_ros2_driver/local/lib/python3.10/dist-packages:/home/emannavarro/slam-kalman-localization/install/webots_ros2_msgs/local/lib/python3.10/dist-packages:/home/emannavarro/slam-kalman-localization/install/webots_ros2_importer/lib/python3.10/site-packages:${PYTHONPATH} /usr/bin/cmake --install /home/emannavarro/slam-kalman-localization/build/webots_ros2_control
